[10:18:27] This is prokka 1.14.6
[10:18:27] Written by Torsten Seemann <torsten.seemann@gmail.com>
[10:18:27] Homepage is https://github.com/tseemann/prokka
[10:18:27] Local time is Thu Jun  1 10:18:27 2023
[10:18:27] You are asus
[10:18:27] Operating system is linux
[10:18:27] You have BioPerl 1.7.8
[10:18:27] System has 16 cores.
[10:18:27] Option --cpu asked for 90 cores, but system only has 16
[10:18:27] Will use maximum of 16 cores.
[10:18:27] Annotating as >>> Bacteria <<<
[10:18:27] Creating new output folder: /home/asus/Desktop/CHRF_Project/Bioinformatics_Traning/Advance_Bioinformatics_Traning/Data/SPN_0140/4_Prokka/prokka
[10:18:27] Running: mkdir -p \/home\/asus\/Desktop\/CHRF_Project\/Bioinformatics_Traning\/Advance_Bioinformatics_Traning\/Data\/SPN_0140\/4_Prokka\/prokka
[10:18:27] Using filename prefix: SPN_0140.XXX
[10:18:27] Setting HMMER_NCPU=1
[10:18:27] Writing log to: /home/asus/Desktop/CHRF_Project/Bioinformatics_Traning/Advance_Bioinformatics_Traning/Data/SPN_0140/4_Prokka/prokka/SPN_0140.log
[10:18:27] Command: /home/asus/miniconda3/envs/bioinfo/bin/prokka --outdir /home/asus/Desktop/CHRF_Project/Bioinformatics_Traning/Advance_Bioinformatics_Traning/Data/SPN_0140/4_Prokka/prokka --cpus 90 --gcode 11 --prefix SPN_0140 --locustag SPN_0140 --quiet /home/asus/Desktop/CHRF_Project/Bioinformatics_Traning/Advance_Bioinformatics_Traning/Data/SPN_0140/3_Unicycler/SPN_0140_contigs.fasta --force
[10:18:27] Appending to PATH: /home/asus/miniconda3/envs/bioinfo/bin
[10:18:27] Looking for 'aragorn' - found /home/asus/miniconda3/envs/bioinfo/bin/aragorn
[10:18:27] Determined aragorn version is 001002 from 'ARAGORN v1.2.41 Dean Laslett'
[10:18:27] Looking for 'barrnap' - found /home/asus/miniconda3/envs/bioinfo/bin/barrnap
[10:18:27] Determined barrnap version is 000009 from 'barrnap 0.9'
[10:18:27] Looking for 'blastp' - found /home/asus/miniconda3/envs/bioinfo/bin/blastp
[10:18:27] Determined blastp version is 002013 from 'blastp: 2.13.0+'
[10:18:27] Looking for 'cmpress' - found /home/asus/miniconda3/envs/bioinfo/bin/cmpress
[10:18:27] Determined cmpress version is 001001 from '# INFERNAL 1.1.4 (Dec 2020)'
[10:18:27] Looking for 'cmscan' - found /home/asus/miniconda3/envs/bioinfo/bin/cmscan
[10:18:27] Determined cmscan version is 001001 from '# INFERNAL 1.1.4 (Dec 2020)'
[10:18:27] Looking for 'egrep' - found /usr/bin/egrep
[10:18:27] Looking for 'find' - found /usr/bin/find
[10:18:27] Looking for 'grep' - found /usr/bin/grep
[10:18:27] Looking for 'hmmpress' - found /home/asus/miniconda3/envs/bioinfo/bin/hmmpress
[10:18:27] Determined hmmpress version is 003003 from '# HMMER 3.3.2 (Nov 2020); http://hmmer.org/'
[10:18:27] Looking for 'hmmscan' - found /home/asus/miniconda3/envs/bioinfo/bin/hmmscan
[10:18:27] Determined hmmscan version is 003003 from '# HMMER 3.3.2 (Nov 2020); http://hmmer.org/'
[10:18:27] Looking for 'java' - found /home/asus/miniconda3/envs/bioinfo/bin/java
[10:18:27] Looking for 'makeblastdb' - found /home/asus/miniconda3/envs/bioinfo/bin/makeblastdb
[10:18:27] Determined makeblastdb version is 002013 from 'makeblastdb: 2.13.0+'
[10:18:27] Looking for 'minced' - found /home/asus/miniconda3/envs/bioinfo/bin/minced
[10:18:27] Determined minced version is 004002 from 'minced 0.4.2'
[10:18:27] Looking for 'parallel' - found /home/asus/miniconda3/envs/bioinfo/bin/parallel
[10:18:27] Determined parallel version is 20230322 from 'GNU parallel 20230322'
[10:18:27] Looking for 'prodigal' - found /home/asus/miniconda3/envs/bioinfo/bin/prodigal
[10:18:27] Determined prodigal version is 002006 from 'Prodigal V2.6.3: February, 2016'
[10:18:27] Looking for 'prokka-genbank_to_fasta_db' - found /home/asus/miniconda3/envs/bioinfo/bin/prokka-genbank_to_fasta_db
[10:18:27] Looking for 'sed' - found /home/asus/miniconda3/envs/bioinfo/bin/sed
[10:18:27] Looking for 'tbl2asn' - found /home/asus/miniconda3/envs/bioinfo/bin/tbl2asn
[10:18:27] Determined tbl2asn version is 025007 from 'tbl2asn 25.7   arguments:'
[10:18:27] Using genetic code table 11.
[10:18:27] Loading and checking input file: /home/asus/Desktop/CHRF_Project/Bioinformatics_Traning/Advance_Bioinformatics_Traning/Data/SPN_0140/3_Unicycler/SPN_0140_contigs.fasta
[10:18:28] Wrote 55 contigs totalling 2072479 bp.
[10:18:28] Predicting tRNAs and tmRNAs
[10:18:28] Running: aragorn -l -gc11  -w \/home\/asus\/Desktop\/CHRF_Project\/Bioinformatics_Traning\/Advance_Bioinformatics_Traning\/Data\/SPN_0140\/4_Prokka\/prokka\/SPN_0140\.fna
[10:18:28] 1 tRNA-Leu [95753,95840] 36 (aag)
[10:18:28] 1 tRNA-Arg [17045,17118] 35 (tct)
[10:18:28] 2 tRNA-Glu [19555,19626] 34 (ttc)
[10:18:28] 3 tRNA-Asn [19632,19705] 35 (gtt)
[10:18:28] 1 tRNA-Arg c[72397,72470] 35 (ccg)
[10:18:28] 2 tRNA-Arg c[114066,114137] 34 (cct)
[10:18:28] 1 tRNA-Lys [77141,77215] 35 (ctt)
[10:18:28] 1 tRNA-Tyr [36440,36520] 35 (gta)
[10:18:28] 2 tRNA-Gln [36530,36601] 33 (ttg)
[10:18:28] 3 tmRNA [50614,50958] 83,118 AKNNTSYALAA*
[10:18:28] 4 tRNA-Ser c[51142,51232] 36 (gga)
[10:18:28] 1 tRNA-Cys c[37475,37548] 34 (gca)
[10:18:28] 1 tRNA-Tyr [9,91] 36 (gta)
[10:18:28] 2 tRNA-Trp [94,166] 34 (cca)
[10:18:28] 3 tRNA-His [179,253] 35 (gtg)
[10:18:28] 4 tRNA-Gln [265,338] 34 (ttg)
[10:18:28] 5 tRNA-Leu [346,431] 36 (caa)
[10:18:28] 1 tRNA-Thr c[14658,14730] 34 (ggt)
[10:18:28] 1 tRNA-Phe c[18459,18556] 39 (aaa)
[10:18:28] 1 tRNA-Glu [35,106] 34 (ttc)
[10:18:28] 2 tRNA-Ala [1954,2028] 35 (tgc)
[10:18:28] 1 tRNA-Gly [17,87] 33 (tcc)
[10:18:28] 2 tRNA-Ile [122,197] 36 (gat)
[10:18:28] 3 tRNA-Ser [202,291] 36 (gct)
[10:18:28] 1 tRNA-Pro c[5,80] 36 (tgg)
[10:18:28] 2 tRNA-Arg c[95,168] 35 (acg)
[10:18:28] 3 tRNA-Leu c[178,263] 35 (taa)
[10:18:28] 4 tRNA-Gly c[271,342] 33 (gcc)
[10:18:28] 5 tRNA-Thr c[365,437] 34 (tgt)
[10:18:28] 6 tRNA-Leu c[455,538] 36 (tag)
[10:18:28] 7 tRNA-Lys c[543,615] 34 (ttt)
[10:18:28] 8 tRNA-Asp c[640,712] 34 (gtc)
[10:18:28] Found 32 tRNAs
[10:18:28] Predicting Ribosomal RNAs
[10:18:28] Running Barrnap with 16 threads
[10:18:28] 1 35 361 16S ribosomal RNA
[10:18:28] 2 35 2154 23S ribosomal RNA
[10:18:28] 3 35 5133 5S ribosomal RNA
[10:18:28] Found 3 rRNAs
[10:18:28] Skipping ncRNA search, enable with --rfam if desired.
[10:18:28] Total of 34 tRNA + rRNA features
[10:18:28] Searching for CRISPR repeats
[10:18:29] Found 0 CRISPRs
[10:18:29] Predicting coding sequences
[10:18:29] Contigs total 2072479 bp, so using single mode
[10:18:29] Running: prodigal -i \/home\/asus\/Desktop\/CHRF_Project\/Bioinformatics_Traning\/Advance_Bioinformatics_Traning\/Data\/SPN_0140\/4_Prokka\/prokka\/SPN_0140\.fna -c -m -g 11 -p single -f sco -q
[10:18:30] Excluding CDS which overlaps existing RNA (tRNA) at 25:17064..18605 on - strand
[10:18:30] Found 2037 CDS
[10:18:30] Connecting features back to sequences
[10:18:30] Not using genus-specific database. Try --usegenus to enable it.
[10:18:30] Annotating CDS, please be patient.
[10:18:30] Will use 16 CPUs for similarity searching.
[10:18:30] There are still 2037 unannotated CDS left (started with 2037)
[10:18:30] Will use blast to search against /home/asus/miniconda3/envs/bioinfo/db/kingdom/Bacteria/IS with 16 CPUs
[10:18:30] Running: cat \/home\/asus\/Desktop\/CHRF_Project\/Bioinformatics_Traning\/Advance_Bioinformatics_Traning\/Data\/SPN_0140\/4_Prokka\/prokka\/SPN_0140\.IS\.tmp\.82390\.faa | parallel --gnu --plain -j 16 --block 18831 --recstart '>' --pipe blastp -query - -db /home/asus/miniconda3/envs/bioinfo/db/kingdom/Bacteria/IS -evalue 1e-30 -qcov_hsp_perc 90 -num_threads 1 -num_descriptions 1 -num_alignments 1 -seg no > \/home\/asus\/Desktop\/CHRF_Project\/Bioinformatics_Traning\/Advance_Bioinformatics_Traning\/Data\/SPN_0140\/4_Prokka\/prokka\/SPN_0140\.IS\.tmp\.82390\.blast 2> /dev/null
[10:18:33] Modify product: Tn3 family transposase Tn4430 => Tn3 family transposase
[10:18:33] Modify product: ISL3 family transposase IS1167A => ISL3 family transposaseA
[10:18:33] Cleaned 2 /product names
[10:18:33] Deleting unwanted file: /home/asus/Desktop/CHRF_Project/Bioinformatics_Traning/Advance_Bioinformatics_Traning/Data/SPN_0140/4_Prokka/prokka/SPN_0140.IS.tmp.82390.faa
[10:18:33] Deleting unwanted file: /home/asus/Desktop/CHRF_Project/Bioinformatics_Traning/Advance_Bioinformatics_Traning/Data/SPN_0140/4_Prokka/prokka/SPN_0140.IS.tmp.82390.blast
[10:18:33] There are still 1998 unannotated CDS left (started with 2037)
[10:18:33] Will use blast to search against /home/asus/miniconda3/envs/bioinfo/db/kingdom/Bacteria/AMR with 16 CPUs
[10:18:33] Running: cat \/home\/asus\/Desktop\/CHRF_Project\/Bioinformatics_Traning\/Advance_Bioinformatics_Traning\/Data\/SPN_0140\/4_Prokka\/prokka\/SPN_0140\.AMR\.tmp\.82390\.faa | parallel --gnu --plain -j 16 --block 18615 --recstart '>' --pipe blastp -query - -db /home/asus/miniconda3/envs/bioinfo/db/kingdom/Bacteria/AMR -evalue 1e-300 -qcov_hsp_perc 90 -num_threads 1 -num_descriptions 1 -num_alignments 1 -seg no > \/home\/asus\/Desktop\/CHRF_Project\/Bioinformatics_Traning\/Advance_Bioinformatics_Traning\/Data\/SPN_0140\/4_Prokka\/prokka\/SPN_0140\.AMR\.tmp\.82390\.blast 2> /dev/null
[10:18:36] Deleting unwanted file: /home/asus/Desktop/CHRF_Project/Bioinformatics_Traning/Advance_Bioinformatics_Traning/Data/SPN_0140/4_Prokka/prokka/SPN_0140.AMR.tmp.82390.faa
[10:18:36] Deleting unwanted file: /home/asus/Desktop/CHRF_Project/Bioinformatics_Traning/Advance_Bioinformatics_Traning/Data/SPN_0140/4_Prokka/prokka/SPN_0140.AMR.tmp.82390.blast
[10:18:36] There are still 1997 unannotated CDS left (started with 2037)
[10:18:36] Will use blast to search against /home/asus/miniconda3/envs/bioinfo/db/kingdom/Bacteria/sprot with 16 CPUs
[10:18:36] Running: cat \/home\/asus\/Desktop\/CHRF_Project\/Bioinformatics_Traning\/Advance_Bioinformatics_Traning\/Data\/SPN_0140\/4_Prokka\/prokka\/SPN_0140\.sprot\.tmp\.82390\.faa | parallel --gnu --plain -j 16 --block 18595 --recstart '>' --pipe blastp -query - -db /home/asus/miniconda3/envs/bioinfo/db/kingdom/Bacteria/sprot -evalue 1e-09 -qcov_hsp_perc 80 -num_threads 1 -num_descriptions 1 -num_alignments 1 -seg no > \/home\/asus\/Desktop\/CHRF_Project\/Bioinformatics_Traning\/Advance_Bioinformatics_Traning\/Data\/SPN_0140\/4_Prokka\/prokka\/SPN_0140\.sprot\.tmp\.82390\.blast 2> /dev/null
[10:18:45] Modify product: UPF0473 protein SP_0194 => hypothetical protein
[10:18:45] Modify product: UPF0297 protein SP_0192 => hypothetical protein
[10:18:45] Modify product: Probable murein peptide carboxypeptidase => putative murein peptide carboxypeptidase
[10:18:45] Modify product: Uncharacterized HTH-type transcriptional regulator SACOL2360 => putative HTH-type transcriptional regulator
[10:18:45] Modify product: UPF0356 protein SP_0122 => hypothetical protein
[10:18:45] Modify product: Uncharacterized protein YqeH => putative protein YqeH
[10:18:45] Modify product: Uncharacterized MscS family protein YkuT => putative MscS family protein YkuT
[10:18:45] Modify product: Uncharacterized AAA domain-containing protein Rv2559c => putative AAA domain-containing protein
[10:18:45] Modify product: Uncharacterized multiple-sugar transport system permease YteP => putative multiple-sugar transport system permease YteP
[10:18:45] Modify product: Putative trans-acting regulator SP_1800 => Putative trans-acting regulator
[10:18:45] Modify product: Probable capsular polysaccharide biosynthesis protein YwqC => putative capsular polysaccharide biosynthesis protein YwqC
[10:18:45] Modify product: UPF0371 protein DIP2346 => hypothetical protein
[10:18:45] Modify product: Probable ATP-dependent Clp protease ATP-binding subunit => putative ATP-dependent Clp protease ATP-binding subunit
[10:18:45] Modify product: Glutathione peroxidase homolog BsaA => Glutathione peroxidase BsaA
[10:18:45] Modify product: Putative dipeptidase SA1572 => Putative dipeptidase
[10:18:46] Modify product: Probable ribosomal protein YlxQ => putative ribosomal protein YlxQ
[10:18:46] Modify product: Probable type I restriction enzyme BthVORF4518P M protein => putative type I restriction enzymeP M protein
[10:18:46] Modify product: Uncharacterized ABC transporter ATP-binding protein YbiT => putative ABC transporter ATP-binding protein YbiT
[10:18:46] Modify product: Uncharacterized zinc protease Rv2782c => putative zinc protease
[10:18:46] Modify product: Uncharacterized HTH-type transcriptional regulator YbbH => putative HTH-type transcriptional regulator YbbH
[10:18:46] Modify product: Uncharacterized ABC transporter ATP-binding protein Rv0986 => putative ABC transporter ATP-binding protein
[10:18:46] Modify product: Probable metallo-hydrolase M6_Spy0554 => putative metallo-hydrolase
[10:18:46] Modify product: GTP cyclohydrolase 1 type 2 homolog => GTP cyclohydrolase 1 type 2 
[10:18:46] Modify product: Uncharacterized ABC transporter ATP-binding protein YheS => putative ABC transporter ATP-binding protein YheS
[10:18:46] Modify product: Protease HtpX homolog => Protease HtpX 
[10:18:46] Modify product: UPF0122 protein SP_1288 => hypothetical protein
[10:18:46] Modify product: Putative phosphatase M6_Spy0533 => Putative phosphatase
[10:18:46] Modify product: Probable bifunctional oligoribonuclease and PAP phosphatase NrnA => putative bifunctional oligoribonuclease and PAP phosphatase NrnA
[10:18:46] Modify product: Probable deferrochelatase/peroxidase EfeN => putative deferrochelatase/peroxidase EfeN
[10:18:46] Modify product: Uncharacterized protein YhaP => putative protein YhaP
[10:18:46] Modify product: Multidrug efflux system ATP-binding protein Rv1218c => Multidrug efflux system ATP-binding protein
[10:18:46] Modify product: Putative zinc metalloprotease SA1105 => Putative zinc metalloprotease
[10:18:46] Modify product: UPF0210 protein SP_0239 => hypothetical protein
[10:18:46] Modify product: UPF0237 protein SP_0238 => hypothetical protein
[10:18:46] Modify product: Probable transcription repressor NiaR => putative transcription repressor NiaR
[10:18:46] Modify product: UPF0398 protein SP_0371 => hypothetical protein
[10:18:46] Modify product: Protein RmlC homolog => Protein RmlC 
[10:18:46] Modify product: Putative NAD(P)H nitroreductase Spy0809 => Putative NAD(P)H nitroreductase
[10:18:46] Modify product: Probable glutamine ABC transporter permease protein GlnM => putative glutamine ABC transporter permease protein GlnM
[10:18:46] Modify product: Probable glutamine ABC transporter permease protein GlnP => putative glutamine ABC transporter permease protein GlnP
[10:18:46] Modify product: Uncharacterized ABC transporter ATP-binding protein Rv0986 => putative ABC transporter ATP-binding protein
[10:18:46] Modify product: Probable pyridine nucleotide-disulfide oxidoreductase RclA => putative pyridine nucleotide-disulfide oxidoreductase RclA
[10:18:46] Modify product: Uncharacterized MFS-type transporter YhjX => putative MFS-type transporter YhjX
[10:18:46] Modify product: Probable GTP-binding protein EngB => putative GTP-binding protein EngB
[10:18:46] Modify product: Probable cell division protein WhiA => putative cell division protein WhiA
[10:18:46] Modify product: DegV domain-containing protein spr1415 => DegV domain-containing protein
[10:18:46] Modify product: UPF0213 protein SP_1535 => hypothetical protein
[10:18:46] Modify product: Probable manganese-dependent inorganic pyrophosphatase => putative manganese-dependent inorganic pyrophosphatase
[10:18:46] Modify product: Uncharacterized oxidoreductase SA2266 => putative oxidoreductase
[10:18:46] Modify product: UPF0340 protein YwlG => hypothetical protein
[10:18:46] Modify product: Uncharacterized response regulatory protein SACOL0201 => putative response regulatory protein
[10:18:46] Modify product: Probable glycerol uptake facilitator protein => putative glycerol uptake facilitator protein
[10:18:46] Modify product: Probable DNA-directed RNA polymerase subunit delta => putative DNA-directed RNA polymerase subunit delta
[10:18:46] Modify product: UPF0397 protein SP_0482 => hypothetical protein
[10:18:46] Modify product: Uncharacterized protein SA1069 => putative protein
[10:18:46] Modify product: Uncharacterized protein Spy1614 => putative protein
[10:18:46] Modify product: Uncharacterized protein Spy1535 => putative protein
[10:18:46] Modify product: Uncharacterized oxidoreductase YjhC => putative oxidoreductase YjhC
[10:18:46] Modify product: Uncharacterized protein YlbL => putative protein YlbL
[10:18:46] Modify product: UPF0053 protein HI_0107 => hypothetical protein
[10:18:46] Modify product: Uncharacterized ABC transporter ATP-binding protein YknY => putative ABC transporter ATP-binding protein YknY
[10:18:46] Modify product: Probable transcriptional regulatory protein YeeN => putative transcriptional regulatory protein YeeN
[10:18:46] Modify product: Uncharacterized ABC transporter ATP-binding protein Rv1273c => putative ABC transporter ATP-binding protein
[10:18:46] Modify product: Uncharacterized ABC transporter ATP-binding protein Rv1273c => putative ABC transporter ATP-binding protein
[10:18:46] Modify product: Uncharacterized ABC transporter ATP-binding protein TM_0288 => putative ABC transporter ATP-binding protein
[10:18:46] Modify product: UPF0374 protein SP_1903 => hypothetical protein
[10:18:46] Modify product: UPF0346 protein SP_0947 => hypothetical protein
[10:18:46] Modify product: Acetyltransferase PA3944 => Acetyltransferase
[10:18:46] Modify product: Rqc2 homolog RqcH => Rqc2 RqcH
[10:18:46] Modify product: Probable tRNA sulfurtransferase => putative tRNA sulfurtransferase
[10:18:46] Modify product: Putative universal stress protein SA1532 => Putative universal stress protein
[10:18:46] Modify product: Uncharacterized metal-dependent hydrolase YcfH => putative metal-dependent hydrolase YcfH
[10:18:46] Modify product: Uncharacterized ABC transporter ATP-binding protein YknY => putative ABC transporter ATP-binding protein YknY
[10:18:46] Modify product: Uncharacterized inner membrane transporter YicL => putative inner membrane transporter YicL
[10:18:46] Modify product: Probable amino-acid permease protein YxeN => putative amino-acid permease protein YxeN
[10:18:46] Modify product: UPF0073 inner membrane protein YqfA => hypothetical protein
[10:18:46] Modify product: Probable NADH oxidase => putative NADH oxidase
[10:18:46] Modify product: UPF0291 protein SP_1473 => hypothetical protein
[10:18:46] Modify product: Probable ATP-dependent RNA helicase YfmL => putative ATP-dependent RNA helicase YfmL
[10:18:46] Modify product: Bifunctional protein FolD => Bifunctional protein FolD protein
[10:18:46] Modify product: Probable riboflavin import permease protein RfuC => putative riboflavin import permease protein RfuC
[10:18:46] Modify product: Probable ABC transporter ATP-binding protein M6_Spy0273 => putative ABC transporter ATP-binding protein
[10:18:46] Modify product: UPF0051 protein SA0778 => hypothetical protein
[10:18:46] Modify product: UPF0051 protein SA0778 => hypothetical protein
[10:18:46] Modify product: Sulfurtransferase Alvin_2599 => Sulfurtransferase
[10:18:46] Modify product: Probable ABC transporter ATP-binding/permease protein HI_0664 => putative ABC transporter ATP-binding/permease protein
[10:18:46] Modify product: Probable N-acetyl-LL-diaminopimelate aminotransferase => putative N-acetyl-LL-diaminopimelate aminotransferase
[10:18:46] Modify product: UPF0324 inner membrane protein YeiH => hypothetical protein
[10:18:46] Modify product: Uncharacterized protein YccU => putative protein YccU
[10:18:46] Modify product: Putative glutamine amidotransferase Rv2859c => Putative glutamine amidotransferase
[10:18:46] Modify product: UPF0758 protein SP_1088 => hypothetical protein
[10:18:46] Modify product: Probable peptidoglycan glycosyltransferase FtsW => putative peptidoglycan glycosyltransferase FtsW
[10:18:46] Modify product: Uncharacterized ABC transporter ATP-binding protein Rv1273c => putative ABC transporter ATP-binding protein
[10:18:46] Modify product: Uncharacterized ABC transporter ATP-binding protein TM_0288 => putative ABC transporter ATP-binding protein
[10:18:46] Modify product: Putative glutamine amidotransferase Rv2859c => Putative glutamine amidotransferase
[10:18:46] Modify product: Probable multidrug resistance ABC transporter ATP-binding/permease protein YheI => putative multidrug resistance ABC transporter ATP-binding/permease protein YheI
[10:18:46] Modify product: Probable multidrug resistance ABC transporter ATP-binding/permease protein YheH => putative multidrug resistance ABC transporter ATP-binding/permease protein YheH
[10:18:46] Modify product: Uncharacterized inner membrane transporter YicL => putative inner membrane transporter YicL
[10:18:46] Modify product: Uncharacterized protein YqgN => putative protein YqgN
[10:18:46] Modify product: Phosphate-specific transport system accessory protein PhoU homolog => Phosphate-specific transport system accessory protein PhoU 
[10:18:46] Modify product: Probable FMN/FAD exporter YeeO => putative FMN/FAD exporter YeeO
[10:18:46] Modify product: Probable licABCH operon regulator => putative licABCH operon regulator
[10:18:46] Modify product: Probable L-ascorbate-6-phosphate lactonase UlaG => putative L-ascorbate-6-phosphate lactonase UlaG
[10:18:46] Modify product: Probable nicotinate-nucleotide pyrophosphorylase [carboxylating] => putative nicotinate-nucleotide pyrophosphorylase [carboxylating]
[10:18:46] Modify product: Uncharacterized ABC transporter ATP-binding protein TM_0288 => putative ABC transporter ATP-binding protein
[10:18:46] Modify product: Probable SapB synthase => putative SapB synthase
[10:18:46] Modify product: Uncharacterized ABC transporter ATP-binding protein Rv1273c => putative ABC transporter ATP-binding protein
[10:18:46] Modify product: UPF0342 protein SP_1372 => hypothetical protein
[10:18:46] Modify product: Phosphate-specific transport system accessory protein PhoU homolog => Phosphate-specific transport system accessory protein PhoU 
[10:18:46] Modify product: UPF0223 protein BH2638 => hypothetical protein
[10:18:46] Modify product: Uncharacterized ABC transporter permease YknZ => putative ABC transporter permease YknZ
[10:18:46] Modify product: Uncharacterized ABC transporter ATP-binding protein YknY => putative ABC transporter ATP-binding protein YknY
[10:18:46] Modify product: Uncharacterized RNA methyltransferase SP_1029 => putative RNA methyltransferase
[10:18:46] Modify product: Uncharacterized protein YpuA => putative protein YpuA
[10:18:46] Modify product: Probable copper-transporting ATPase PacS => putative copper-transporting ATPase PacS
[10:18:46] Modify product: Putative lipid kinase SP_1045 => Putative lipid kinase
[10:18:46] Modify product: Uncharacterized protein SP_1052 => putative protein
[10:18:46] Modify product: Uncharacterized protein SP_1053 => putative protein
[10:18:46] Modify product: Putative transport protein Rv0205 => Putative transport protein
[10:18:46] Modify product: Probable siderophore transport system permease protein YfhA => putative siderophore transport system permease protein YfhA
[10:18:46] Modify product: Uncharacterized RNA methyltransferase SP_1029 => putative RNA methyltransferase
[10:18:46] Modify product: Uncharacterized oxidoreductase YjhC => putative oxidoreductase YjhC
[10:18:46] Modify product: Probable glutamine ABC transporter permease protein GlnM => putative glutamine ABC transporter permease protein GlnM
[10:18:46] Modify product: Uncharacterized transporter YycB => putative transporter YycB
[10:18:46] Modify product: UPF0176 protein SP_0095 => hypothetical protein
[10:18:46] Modify product: Uncharacterized multiple-sugar transport system permease YteP => putative multiple-sugar transport system permease YteP
[10:18:46] Modify product: Uncharacterized ABC transporter ATP-binding protein YbiT => putative ABC transporter ATP-binding protein YbiT
[10:18:46] Modify product: Probable dual-specificity RNA methyltransferase RlmN => putative dual-specificity RNA methyltransferase RlmN
[10:18:46] Modify product: Uncharacterized protein YqeN => putative protein YqeN
[10:18:46] Modify product: Probable dihydroorotate dehydrogenase A (fumarate) => putative dihydroorotate dehydrogenase A (fumarate)
[10:18:46] Modify product: DegV domain-containing protein spr0652 => DegV domain-containing protein
[10:18:46] Modify product: Uncharacterized protein HI_0933 => putative protein
[10:18:46] Modify product: Nucleoid-associated protein SP_1102 => Nucleoid-associated protein
[10:18:46] Modify product: DegV domain-containing protein SP_1112 => DegV domain-containing protein
[10:18:46] Modify product: Probable protein-export membrane protein SecG => putative protein-export membrane protein SecG
[10:18:46] Modify product: Probable S-adenosyl-L-methionine-dependent methyltransferase TehB => putative S-adenosyl-L-methionine-dependent methyltransferase TehB
[10:18:46] Modify product: Uncharacterized protein Spy1595 => putative protein
[10:18:46] Modify product: Tyrosine recombinase XerD-like => Tyrosine recombinase XerD-like protein
[10:18:46] Modify product: Uncharacterized amino acid permease YhdG => putative amino acid permease YhdG
[10:18:46] Cleaned 139 /product names
[10:18:46] Deleting unwanted file: /home/asus/Desktop/CHRF_Project/Bioinformatics_Traning/Advance_Bioinformatics_Traning/Data/SPN_0140/4_Prokka/prokka/SPN_0140.sprot.tmp.82390.faa
[10:18:46] Deleting unwanted file: /home/asus/Desktop/CHRF_Project/Bioinformatics_Traning/Advance_Bioinformatics_Traning/Data/SPN_0140/4_Prokka/prokka/SPN_0140.sprot.tmp.82390.blast
[10:18:46] There are still 858 unannotated CDS left (started with 2037)
[10:18:46] Will use hmmer3 to search against /home/asus/miniconda3/envs/bioinfo/db/hmm/HAMAP.hmm with 16 CPUs
[10:18:46] Running: cat \/home\/asus\/Desktop\/CHRF_Project\/Bioinformatics_Traning\/Advance_Bioinformatics_Traning\/Data\/SPN_0140\/4_Prokka\/prokka\/SPN_0140\.HAMAP\.hmm\.tmp\.82390\.faa | parallel --gnu --plain -j 16 --block 6583 --recstart '>' --pipe hmmscan --noali --notextw --acc -E 1e-09 --cpu 1 /home/asus/miniconda3/envs/bioinfo/db/hmm/HAMAP.hmm /dev/stdin > \/home\/asus\/Desktop\/CHRF_Project\/Bioinformatics_Traning\/Advance_Bioinformatics_Traning\/Data\/SPN_0140\/4_Prokka\/prokka\/SPN_0140\.HAMAP\.hmm\.tmp\.82390\.hmmer3 2> /dev/null
[10:18:51] Modify product: Protein SprT-like => Protein SprT-like protein
[10:18:51] Cleaned 1 /product names
[10:18:51] Deleting unwanted file: /home/asus/Desktop/CHRF_Project/Bioinformatics_Traning/Advance_Bioinformatics_Traning/Data/SPN_0140/4_Prokka/prokka/SPN_0140.HAMAP.hmm.tmp.82390.faa
[10:18:51] Deleting unwanted file: /home/asus/Desktop/CHRF_Project/Bioinformatics_Traning/Advance_Bioinformatics_Traning/Data/SPN_0140/4_Prokka/prokka/SPN_0140.HAMAP.hmm.tmp.82390.hmmer3
[10:18:51] Labelling remaining 784 proteins as 'hypothetical protein'
[10:18:51] Possible /pseudo 'L-cystine-binding protein TcyA' at 1 position 227389
[10:18:51] Possible /pseudo 'putative protein' at 2 position 227528
[10:18:51] Possible /pseudo 'IS5 family transposase ISSpn7' at 5 position 19826
[10:18:51] Possible /pseudo 'IS5 family transposase ISSpn7' at 5 position 20032
[10:18:51] Possible /pseudo 'O-acetyl-L-homoserine sulfhydrylase' at 5 position 34267
[10:18:51] Possible /pseudo 'Coenzyme A biosynthesis bifunctional protein CoaBC' at 5 position 53310
[10:18:51] Possible /pseudo '2-isopropylmalate synthase' at 5 position 80211
[10:18:51] Possible /pseudo 'Putative fluoride ion transporter CrcB' at 5 position 114968
[10:18:51] Possible /pseudo 'Serine/threonine transporter SstT' at 6 position 59375
[10:18:51] Possible /pseudo 'putative ABC transporter ATP-binding protein' at 8 position 70276
[10:18:51] Possible /pseudo 'putative ABC transporter ATP-binding protein' at 8 position 70636
[10:18:51] Possible /pseudo 'Phosphate import ATP-binding protein PstB 3' at 9 position 56083
[10:18:51] Possible /pseudo 'IS5 family transposase ISSpn7' at 11 position 22987
[10:18:51] Possible /pseudo 'PqqA peptide cyclase' at 14 position 37551
[10:18:51] Possible /pseudo 'putative protein' at 27 position 9647
[10:18:51] Found 995 unique /gene codes.
[10:18:51] Fixed 2 duplicate /gene - lacE_1 lacE_2
[10:18:51] Fixed 2 duplicate /gene - coaBC_1 coaBC_2
[10:18:51] Fixed 2 duplicate /gene - deoD_1 deoD_2
[10:18:51] Fixed 2 duplicate /gene - nanB_1 nanB_2
[10:18:51] Fixed 2 duplicate /gene - phoU_1 phoU_2
[10:18:51] Fixed 2 duplicate /gene - def_1 def_2
[10:18:51] Fixed 2 duplicate /gene - ecsA_1 ecsA_2
[10:18:51] Fixed 3 duplicate /gene - licA_1 licA_2 licA_3
[10:18:51] Fixed 3 duplicate /gene - bglK_1 bglK_2 bglK_3
[10:18:51] Fixed 2 duplicate /gene - tenA_1 tenA_2
[10:18:51] Fixed 2 duplicate /gene - licT_1 licT_2
[10:18:51] Fixed 2 duplicate /gene - fpgS_1 fpgS_2
[10:18:51] Fixed 2 duplicate /gene - sorC_1 sorC_2
[10:18:51] Fixed 2 duplicate /gene - clpC_1 clpC_2
[10:18:51] Fixed 2 duplicate /gene - atpE_1 atpE_2
[10:18:51] Fixed 2 duplicate /gene - iscS_1 iscS_2
[10:18:51] Fixed 2 duplicate /gene - smc_1 smc_2
[10:18:51] Fixed 2 duplicate /gene - adh_1 adh_2
[10:18:51] Fixed 2 duplicate /gene - agrA_1 agrA_2
[10:18:51] Fixed 2 duplicate /gene - ccpA_1 ccpA_2
[10:18:51] Fixed 2 duplicate /gene - rluD_1 rluD_2
[10:18:51] Fixed 3 duplicate /gene - yxdL_1 yxdL_2 yxdL_3
[10:18:51] Fixed 3 duplicate /gene - licC_1 licC_2 licC_3
[10:18:51] Fixed 2 duplicate /gene - tadA_1 tadA_2
[10:18:51] Fixed 2 duplicate /gene - pepA_1 pepA_2
[10:18:51] Fixed 2 duplicate /gene - cysA_1 cysA_2
[10:18:51] Fixed 2 duplicate /gene - tcyA_1 tcyA_2
[10:18:51] Fixed 3 duplicate /gene - gph_1 gph_2 gph_3
[10:18:51] Fixed 2 duplicate /gene - artM_1 artM_2
[10:18:51] Fixed 5 duplicate /gene - btuD_1 btuD_2 btuD_3 btuD_4 btuD_5
[10:18:51] Fixed 3 duplicate /gene - ykoD_1 ykoD_2 ykoD_3
[10:18:51] Fixed 2 duplicate /gene - dsbD_1 dsbD_2
[10:18:51] Fixed 2 duplicate /gene - lagD_1 lagD_2
[10:18:51] Fixed 3 duplicate /gene - sasA_1 sasA_2 sasA_3
[10:18:51] Fixed 3 duplicate /gene - nanA_1 nanA_2 nanA_3
[10:18:51] Fixed 2 duplicate /gene - ybiT_1 ybiT_2
[10:18:51] Fixed 2 duplicate /gene - ptsG_1 ptsG_2
[10:18:51] Fixed 2 duplicate /gene - srlR_1 srlR_2
[10:18:51] Fixed 2 duplicate /gene - pezA_1 pezA_2
[10:18:51] Fixed 2 duplicate /gene - spxA_1 spxA_2
[10:18:51] Fixed 2 duplicate /gene - resA_1 resA_2
[10:18:51] Fixed 2 duplicate /gene - thiE_1 thiE_2
[10:18:51] Fixed 2 duplicate /gene - pcp_1 pcp_2
[10:18:51] Fixed 2 duplicate /gene - galK_1 galK_2
[10:18:51] Fixed 3 duplicate /gene - bcrA_1 bcrA_2 bcrA_3
[10:18:51] Fixed 2 duplicate /gene - levE_1 levE_2
[10:18:51] Fixed 2 duplicate /gene - pezT_1 pezT_2
[10:18:51] Fixed 4 duplicate /gene - manZ_1 manZ_2 manZ_3 manZ_4
[10:18:51] Fixed 3 duplicate /gene - pstB3_1 pstB3_2 pstB3_3
[10:18:51] Fixed 2 duplicate /gene - crcB_1 crcB_2
[10:18:51] Fixed 2 duplicate /gene - dinG_1 dinG_2
[10:18:51] Fixed 2 duplicate /gene - murA1_1 murA1_2
[10:18:51] Fixed 2 duplicate /gene - gatC_1 gatC_2
[10:18:51] Fixed 2 duplicate /gene - leuA_1 leuA_2
[10:18:51] Fixed 2 duplicate /gene - sstT_1 sstT_2
[10:18:51] Fixed 2 duplicate /gene - udk_1 udk_2
[10:18:51] Fixed 2 duplicate /gene - pepF1_1 pepF1_2
[10:18:51] Fixed 2 duplicate /gene - agaA_1 agaA_2
[10:18:51] Fixed 2 duplicate /gene - yteP_1 yteP_2
[10:18:51] Fixed 2 duplicate /gene - gpmA_1 gpmA_2
[10:18:51] Fixed 2 duplicate /gene - yidA_1 yidA_2
[10:18:51] Fixed 2 duplicate /gene - araQ_1 araQ_2
[10:18:51] Fixed 2 duplicate /gene - ssb_1 ssb_2
[10:18:51] Fixed 2 duplicate /gene - pqqE_1 pqqE_2
[10:18:51] Fixed 2 duplicate /gene - glgX_1 glgX_2
[10:18:51] Fixed 2 duplicate /gene - lacR_1 lacR_2
[10:18:51] Fixed 2 duplicate /gene - yjhC_1 yjhC_2
[10:18:51] Fixed 3 duplicate /gene - manX_1 manX_2 manX_3
[10:18:51] Fixed 2 duplicate /gene - rsuA_1 rsuA_2
[10:18:51] Fixed 2 duplicate /gene - arlR_1 arlR_2
[10:18:51] Fixed 2 duplicate /gene - gmuD_1 gmuD_2
[10:18:51] Fixed 2 duplicate /gene - ettA_1 ettA_2
[10:18:51] Fixed 3 duplicate /gene - COQ5_1 COQ5_2 COQ5_3
[10:18:51] Fixed 2 duplicate /gene - cutC_1 cutC_2
[10:18:51] Fixed 2 duplicate /gene - lacC_1 lacC_2
[10:18:51] Fixed 2 duplicate /gene - lcnD_1 lcnD_2
[10:18:51] Fixed 2 duplicate /gene - lacF_1 lacF_2
[10:18:51] Fixed 4 duplicate /gene - glnQ_1 glnQ_2 glnQ_3 glnQ_4
[10:18:51] Fixed 2 duplicate /gene - yicL_1 yicL_2
[10:18:51] Fixed 2 duplicate /gene - mshD_1 mshD_2
[10:18:51] Fixed 2 duplicate /gene - ecfT_1 ecfT_2
[10:18:51] Fixed 2 duplicate /gene - thiM_1 thiM_2
[10:18:51] Fixed 2 duplicate /gene - nanE_1 nanE_2
[10:18:51] Fixed 2 duplicate /gene - ulaA_1 ulaA_2
[10:18:51] Fixed 2 duplicate /gene - glnH_1 glnH_2
[10:18:51] Fixed 2 duplicate /gene - IMPDH_1 IMPDH_2
[10:18:51] Fixed 3 duplicate /gene - yknY_1 yknY_2 yknY_3
[10:18:51] Fixed 2 duplicate /gene - glnM_1 glnM_2
[10:18:51] Fixed 3 duplicate /gene - xerC_1 xerC_2 xerC_3
[10:18:51] Fixed 3 duplicate /gene - argR_1 argR_2 argR_3
[10:18:51] Fixed 2 duplicate /gene - potA_1 potA_2
[10:18:51] Fixed 2 duplicate /gene - ald_1 ald_2
[10:18:51] Fixed 2 duplicate /gene - tagU_1 tagU_2
[10:18:51] Fixed 3 duplicate /gene - sarA_1 sarA_2 sarA_3
[10:18:51] Fixed 3 duplicate /gene - lytA_1 lytA_2 lytA_3
[10:18:51] Fixed 2 duplicate /gene - ruvB_1 ruvB_2
[10:18:51] Fixed 96 colliding /gene names.
[10:18:51] Adding /locus_tag identifiers
[10:18:51] Assigned 2072 locus_tags to CDS and RNA features.
[10:18:51] Writing outputs to /home/asus/Desktop/CHRF_Project/Bioinformatics_Traning/Advance_Bioinformatics_Traning/Data/SPN_0140/4_Prokka/prokka/
[10:18:52] Generating annotation statistics file
[10:18:52] Generating Genbank and Sequin files
[10:18:52] Running: tbl2asn -V b -a r10k -l paired-ends -M n -N 1 -y 'Annotated using prokka 1.14.6 from https://github.com/tseemann/prokka' -Z \/home\/asus\/Desktop\/CHRF_Project\/Bioinformatics_Traning\/Advance_Bioinformatics_Traning\/Data\/SPN_0140\/4_Prokka\/prokka\/SPN_0140\.err -i \/home\/asus\/Desktop\/CHRF_Project\/Bioinformatics_Traning\/Advance_Bioinformatics_Traning\/Data\/SPN_0140\/4_Prokka\/prokka\/SPN_0140\.fsa 2> /dev/null
[10:18:54] Deleting unwanted file: /home/asus/Desktop/CHRF_Project/Bioinformatics_Traning/Advance_Bioinformatics_Traning/Data/SPN_0140/4_Prokka/prokka/errorsummary.val
[10:18:54] Deleting unwanted file: /home/asus/Desktop/CHRF_Project/Bioinformatics_Traning/Advance_Bioinformatics_Traning/Data/SPN_0140/4_Prokka/prokka/SPN_0140.dr
[10:18:54] Deleting unwanted file: /home/asus/Desktop/CHRF_Project/Bioinformatics_Traning/Advance_Bioinformatics_Traning/Data/SPN_0140/4_Prokka/prokka/SPN_0140.fixedproducts
[10:18:54] Deleting unwanted file: /home/asus/Desktop/CHRF_Project/Bioinformatics_Traning/Advance_Bioinformatics_Traning/Data/SPN_0140/4_Prokka/prokka/SPN_0140.ecn
[10:18:54] Deleting unwanted file: /home/asus/Desktop/CHRF_Project/Bioinformatics_Traning/Advance_Bioinformatics_Traning/Data/SPN_0140/4_Prokka/prokka/SPN_0140.val
[10:18:54] Repairing broken .GBK output that tbl2asn produces...
[10:18:54] Running: sed 's/COORDINATES: profile/COORDINATES:profile/' < \/home\/asus\/Desktop\/CHRF_Project\/Bioinformatics_Traning\/Advance_Bioinformatics_Traning\/Data\/SPN_0140\/4_Prokka\/prokka\/SPN_0140\.gbf > \/home\/asus\/Desktop\/CHRF_Project\/Bioinformatics_Traning\/Advance_Bioinformatics_Traning\/Data\/SPN_0140\/4_Prokka\/prokka\/SPN_0140\.gbk
[10:18:54] Deleting unwanted file: /home/asus/Desktop/CHRF_Project/Bioinformatics_Traning/Advance_Bioinformatics_Traning/Data/SPN_0140/4_Prokka/prokka/SPN_0140.gbf
[10:18:54] Output files:
[10:18:54] /home/asus/Desktop/CHRF_Project/Bioinformatics_Traning/Advance_Bioinformatics_Traning/Data/SPN_0140/4_Prokka/prokka/SPN_0140.log
[10:18:54] /home/asus/Desktop/CHRF_Project/Bioinformatics_Traning/Advance_Bioinformatics_Traning/Data/SPN_0140/4_Prokka/prokka/SPN_0140.fna
[10:18:54] /home/asus/Desktop/CHRF_Project/Bioinformatics_Traning/Advance_Bioinformatics_Traning/Data/SPN_0140/4_Prokka/prokka/SPN_0140.sqn
[10:18:54] /home/asus/Desktop/CHRF_Project/Bioinformatics_Traning/Advance_Bioinformatics_Traning/Data/SPN_0140/4_Prokka/prokka/SPN_0140.fsa
[10:18:54] /home/asus/Desktop/CHRF_Project/Bioinformatics_Traning/Advance_Bioinformatics_Traning/Data/SPN_0140/4_Prokka/prokka/SPN_0140.gff
[10:18:54] /home/asus/Desktop/CHRF_Project/Bioinformatics_Traning/Advance_Bioinformatics_Traning/Data/SPN_0140/4_Prokka/prokka/SPN_0140.tsv
[10:18:54] /home/asus/Desktop/CHRF_Project/Bioinformatics_Traning/Advance_Bioinformatics_Traning/Data/SPN_0140/4_Prokka/prokka/SPN_0140.txt
[10:18:54] /home/asus/Desktop/CHRF_Project/Bioinformatics_Traning/Advance_Bioinformatics_Traning/Data/SPN_0140/4_Prokka/prokka/SPN_0140.tbl
[10:18:54] /home/asus/Desktop/CHRF_Project/Bioinformatics_Traning/Advance_Bioinformatics_Traning/Data/SPN_0140/4_Prokka/prokka/SPN_0140.ffn
[10:18:54] /home/asus/Desktop/CHRF_Project/Bioinformatics_Traning/Advance_Bioinformatics_Traning/Data/SPN_0140/4_Prokka/prokka/SPN_0140.err
[10:18:54] /home/asus/Desktop/CHRF_Project/Bioinformatics_Traning/Advance_Bioinformatics_Traning/Data/SPN_0140/4_Prokka/prokka/SPN_0140.gbk
[10:18:54] /home/asus/Desktop/CHRF_Project/Bioinformatics_Traning/Advance_Bioinformatics_Traning/Data/SPN_0140/4_Prokka/prokka/SPN_0140.faa
[10:18:54] Annotation finished successfully.
[10:18:54] Walltime used: 0.45 minutes
[10:18:54] If you use this result please cite the Prokka paper:
[10:18:54] Seemann T (2014) Prokka: rapid prokaryotic genome annotation. Bioinformatics. 30(14):2068-9.
[10:18:54] Type 'prokka --citation' for more details.
[10:18:54] Share and enjoy!
