[16:59:27] This is prokka 1.14.6
[16:59:27] Written by Torsten Seemann <torsten.seemann@gmail.com>
[16:59:27] Homepage is https://github.com/tseemann/prokka
[16:59:27] Local time is Mon Sep 11 16:59:27 2023
[16:59:27] You are asus
[16:59:27] Operating system is linux
[16:59:27] You have BioPerl 1.7.8
[16:59:27] System has 16 cores.
[16:59:27] Will use maximum of 12 cores.
[16:59:27] Annotating as >>> Bacteria <<<
[16:59:27] Creating new output folder: prokka_result/
[16:59:27] Running: mkdir -p prokka_result\/
[16:59:27] Using filename prefix: ABCD.XXX
[16:59:27] Setting HMMER_NCPU=1
[16:59:27] Writing log to: prokka_result//ABCD.log
[16:59:27] Command: /home/asus/miniconda3/envs/bioinfo/bin/prokka --outdir prokka_result/ --prefix ABCD --gcode 11 --cpus 12 --locustag EFGH ERR2663496.fasta
[16:59:27] Appending to PATH: /home/asus/miniconda3/envs/bioinfo/bin
[16:59:27] Looking for 'aragorn' - found /home/asus/miniconda3/envs/bioinfo/bin/aragorn
[16:59:27] Determined aragorn version is 001002 from 'ARAGORN v1.2.41 Dean Laslett'
[16:59:27] Looking for 'barrnap' - found /home/asus/miniconda3/envs/bioinfo/bin/barrnap
[16:59:27] Determined barrnap version is 000009 from 'barrnap 0.9'
[16:59:27] Looking for 'blastp' - found /home/asus/miniconda3/envs/bioinfo/bin/blastp
[16:59:27] Determined blastp version is 002013 from 'blastp: 2.13.0+'
[16:59:27] Looking for 'cmpress' - found /home/asus/miniconda3/envs/bioinfo/bin/cmpress
[16:59:27] Determined cmpress version is 001001 from '# INFERNAL 1.1.4 (Dec 2020)'
[16:59:27] Looking for 'cmscan' - found /home/asus/miniconda3/envs/bioinfo/bin/cmscan
[16:59:27] Determined cmscan version is 001001 from '# INFERNAL 1.1.4 (Dec 2020)'
[16:59:27] Looking for 'egrep' - found /usr/bin/egrep
[16:59:27] Looking for 'find' - found /usr/bin/find
[16:59:27] Looking for 'grep' - found /usr/bin/grep
[16:59:27] Looking for 'hmmpress' - found /home/asus/miniconda3/envs/bioinfo/bin/hmmpress
[16:59:27] Determined hmmpress version is 003003 from '# HMMER 3.3.2 (Nov 2020); http://hmmer.org/'
[16:59:27] Looking for 'hmmscan' - found /home/asus/miniconda3/envs/bioinfo/bin/hmmscan
[16:59:27] Determined hmmscan version is 003003 from '# HMMER 3.3.2 (Nov 2020); http://hmmer.org/'
[16:59:27] Looking for 'java' - found /home/asus/miniconda3/envs/bioinfo/bin/java
[16:59:27] Looking for 'makeblastdb' - found /home/asus/miniconda3/envs/bioinfo/bin/makeblastdb
[16:59:27] Determined makeblastdb version is 002013 from 'makeblastdb: 2.13.0+'
[16:59:27] Looking for 'minced' - found /home/asus/miniconda3/envs/bioinfo/bin/minced
[16:59:27] Determined minced version is 004002 from 'minced 0.4.2'
[16:59:27] Looking for 'parallel' - found /home/asus/miniconda3/envs/bioinfo/bin/parallel
[16:59:27] Determined parallel version is 20230322 from 'GNU parallel 20230322'
[16:59:27] Looking for 'prodigal' - found /home/asus/miniconda3/envs/bioinfo/bin/prodigal
[16:59:27] Determined prodigal version is 002006 from 'Prodigal V2.6.3: February, 2016'
[16:59:27] Looking for 'prokka-genbank_to_fasta_db' - found /home/asus/miniconda3/envs/bioinfo/bin/prokka-genbank_to_fasta_db
[16:59:27] Looking for 'sed' - found /home/asus/miniconda3/envs/bioinfo/bin/sed
[16:59:27] Looking for 'tbl2asn' - found /home/asus/miniconda3/envs/bioinfo/bin/tbl2asn
[16:59:27] Determined tbl2asn version is 025007 from 'tbl2asn 25.7   arguments:'
[16:59:27] Using genetic code table 11.
[16:59:27] Loading and checking input file: ERR2663496.fasta
[16:59:27] Wrote 61 contigs totalling 4834675 bp.
[16:59:27] Predicting tRNAs and tmRNAs
[16:59:27] Running: aragorn -l -gc11  -w prokka_result\/\/ABCD\.fna
[16:59:28] 1 tRNA-Pro c[7099,7175] 35 (ggg)
[16:59:28] 2 tRNA-Asn c[250729,250804] 34 (gtt)
[16:59:28] 3 tRNA-Asn [252562,252637] 34 (gtt)
[16:59:28] 4 tRNA-Asn c[278552,278627] 34 (gtt)
[16:59:28] 5 tRNA-Asn c[279175,279250] 34 (gtt)
[16:59:28] 6 tRNA-Ser [280237,280326] 35 (cga)
[16:59:28] 7 tRNA-Gly [326152,326227] 34 (gcc)
[16:59:28] 8 tRNA-Cys [326280,326353] 33 (gca)
[16:59:28] 9 tRNA-Leu [326365,326451] 35 (taa)
[16:59:28] 1 tRNA-SeC c[64026,64120] 35 (tca)
[16:59:28] 2 tRNA-Pro [185188,185264] 35 (cgg)
[16:59:28] 1 tRNA-Leu [60879,60963] 35 (caa)
[16:59:28] 2 tRNA-Leu c[144443,144529] 35 (cag)
[16:59:28] 3 tRNA-Leu c[144561,144647] 35 (cag)
[16:59:28] 4 tRNA-Leu c[144675,144761] 35 (cag)
[16:59:28] 5 tRNA-Arg [171195,171288] 38 (cct)
[16:59:28] 1 tRNA-Phe [9433,9508] 34 (gaa)
[16:59:28] 2 tRNA-Met [113407,113482] 34 (cat)
[16:59:28] 3 tRNA-Met c[191217,191293] 35 (cat)
[16:59:28] 4 tRNA-Leu c[193178,193264] 35 (gag)
[16:59:28] 1 tRNA-Arg [53974,54050] 35 (tcg)
[16:59:28] 2 tRNA-Arg c[53990,54066] 35 (acg)
[16:59:28] 3 tRNA-Arg c[54263,54339] 35 (acg)
[16:59:28] 4 tRNA-Arg c[54402,54478] 35 (acg)
[16:59:28] 5 tRNA-Arg c[54541,54618] 36 (acg)
[16:59:28] 6 tRNA-Ser c[54622,54714] 35 (gct)
[16:59:28] 7 tRNA-Met [227805,227881] 35 (cat)
[16:59:28] 8 tRNA-Met [227911,227987] 35 (cat)
[16:59:28] 1 tRNA-Ser [144186,144273] 35 (gga)
[16:59:28] 1 tRNA-Lys c[69917,69992] 34 (ttt)
[16:59:28] 2 tRNA-Lys c[70127,70202] 34 (ttt)
[16:59:28] 3 tRNA-Lys c[70347,70420] 34 (ttt)
[16:59:28] 4 tRNA-Met [149170,149246] 35 (cat)
[16:59:28] 5 tRNA-Leu [149255,149339] 35 (tag)
[16:59:28] 6 tRNA-Gln [149363,149437] 33 (ttg)
[16:59:28] 7 tRNA-Gln [149473,149547] 33 (ttg)
[16:59:28] 8 tRNA-Met [149563,149639] 35 (cat)
[16:59:28] 9 tRNA-Gln [149686,149760] 33 (ctg)
[16:59:28] 1 tRNA-Thr c[67956,68031] 34 (cgt)
[16:59:28] 2 tRNA-Asp c[143961,144037] 35 (gtc)
[16:59:28] 1 tRNA-Arg [97563,97639] 35 (tct)
[16:59:28] 1 tRNA-Arg c[15000,15074] 34 (cct)
[16:59:28] 1 tRNA-Val [53185,53261] 35 (gac)
[16:59:28] 2 tRNA-Val [53272,53348] 35 (gac)
[16:59:28] 1 tRNA-Phe c[56581,56656] 34 (gaa)
[16:59:28] 2 tRNA-Gly [86509,86584] 34 (gcc)
[16:59:28] 3 tRNA-Gly [86741,86816] 34 (gcc)
[16:59:28] 1 tRNA-Asn c[24898,24972] 33 (gtt)
[16:59:28] 1 tRNA-Ser [43340,43427] 35 (gga)
[16:59:28] 1 tRNA-Pro c[8092,8168] 35 (tgg)
[16:59:28] 2 tRNA-Leu c[8211,8297] 35 (cag)
[16:59:28] 3 tRNA-His c[8318,8393] 34 (gtg)
[16:59:28] 4 tRNA-Arg c[8448,8524] 35 (ccg)
[16:59:28] 1 tRNA-Gly c[32460,32533] 33 (ccc)
[16:59:28] 1 tRNA-Ala c[12969,13044] 34 (ggc)
[16:59:28] 2 tRNA-Ala c[13087,13162] 34 (ggc)
[16:59:28] 3 tRNA-Val [15868,15943] 34 (tac)
[16:59:28] 4 tRNA-Val [15989,16064] 34 (tac)
[16:59:28] 5 tRNA-Val [16106,16181] 34 (tac)
[16:59:28] 6 tRNA-Lys [16186,16261] 34 (ttt)
[16:59:28] 1 tmRNA [41490,41852] 91,126 ANDETYALAA**
[16:59:28] 1 tRNA-Thr [142,217] 34 (ggt)
[16:59:28] 1 tRNA-Arg [10476,10552] 35 (cct)
[16:59:28] 2 tRNA-Arg [22935,23011] 35 (tct)
[16:59:28] 1 tRNA-Thr [3487,3562] 34 (tgt)
[16:59:28] 2 tRNA-Tyr [3571,3655] 35 (gta)
[16:59:28] 3 tRNA-Gly [3772,3846] 34 (tcc)
[16:59:28] 4 tRNA-Thr [3853,3928] 34 (ggt)
[16:59:28] 1 tRNA-Ser c[33,120] 35 (tga)
[16:59:28] 1 tRNA-Trp c[1394,1469] 34 (cca)
[16:59:28] 1 tRNA-Ile [21,97] 35 (gat)
[16:59:28] 2 tRNA-Ala [209,284] 34 (tgc)
[16:59:28] Found 72 tRNAs
[16:59:28] Predicting Ribosomal RNAs
[16:59:28] Running Barrnap with 12 threads
[16:59:29] 1 30 259 5S ribosomal RNA
[16:59:29] 2 48 13 5S ribosomal RNA
[16:59:29] 3 48 229 23S ribosomal RNA
[16:59:29] 4 53 51 16S ribosomal RNA
[16:59:29] Found 4 rRNAs
[16:59:29] Skipping ncRNA search, enable with --rfam if desired.
[16:59:29] Total of 75 tRNA + rRNA features
[16:59:29] Searching for CRISPR repeats
[16:59:29] CRISPR1 5 157350 with 7 spacers
[16:59:29] Found 1 CRISPRs
[16:59:29] Predicting coding sequences
[16:59:29] Contigs total 4834675 bp, so using single mode
[16:59:29] Running: prodigal -i prokka_result\/\/ABCD\.fna -c -m -g 11 -p single -f sco -q
[16:59:32] Excluding CDS which overlaps existing RNA (tRNA) at 1:326123..326593 on - strand
[16:59:32] Excluding CDS which overlaps existing RNA (tRNA) at 3:60764..60982 on - strand
[16:59:32] Excluding CDS which overlaps existing RNA (tRNA) at 3:170884..171531 on + strand
[16:59:32] Excluding CDS which overlaps existing RNA (tRNA) at 8:149318..149560 on - strand
[16:59:33] Excluding CDS which overlaps existing RNA (rRNA) at 53:150..404 on - strand
[16:59:33] Found 4696 CDS
[16:59:33] Connecting features back to sequences
[16:59:33] Not using genus-specific database. Try --usegenus to enable it.
[16:59:33] Annotating CDS, please be patient.
[16:59:33] Will use 12 CPUs for similarity searching.
[16:59:34] There are still 4696 unannotated CDS left (started with 4696)
[16:59:34] Will use blast to search against /home/asus/miniconda3/envs/bioinfo/db/kingdom/Bacteria/IS with 12 CPUs
[16:59:34] Running: cat prokka_result\/\/ABCD\.IS\.tmp\.27516\.faa | parallel --gnu --plain -j 12 --block 59752 --recstart '>' --pipe blastp -query - -db /home/asus/miniconda3/envs/bioinfo/db/kingdom/Bacteria/IS -evalue 1e-30 -qcov_hsp_perc 90 -num_threads 1 -num_descriptions 1 -num_alignments 1 -seg no > prokka_result\/\/ABCD\.IS\.tmp\.27516\.blast 2> /dev/null
[16:59:40] Deleting unwanted file: prokka_result//ABCD.IS.tmp.27516.faa
[16:59:40] Deleting unwanted file: prokka_result//ABCD.IS.tmp.27516.blast
[16:59:41] There are still 4676 unannotated CDS left (started with 4696)
[16:59:41] Will use blast to search against /home/asus/miniconda3/envs/bioinfo/db/kingdom/Bacteria/AMR with 12 CPUs
[16:59:41] Running: cat prokka_result\/\/ABCD\.AMR\.tmp\.27516\.faa | parallel --gnu --plain -j 12 --block 59547 --recstart '>' --pipe blastp -query - -db /home/asus/miniconda3/envs/bioinfo/db/kingdom/Bacteria/AMR -evalue 1e-300 -qcov_hsp_perc 90 -num_threads 1 -num_descriptions 1 -num_alignments 1 -seg no > prokka_result\/\/ABCD\.AMR\.tmp\.27516\.blast 2> /dev/null
[16:59:46] Deleting unwanted file: prokka_result//ABCD.AMR.tmp.27516.faa
[16:59:46] Deleting unwanted file: prokka_result//ABCD.AMR.tmp.27516.blast
[16:59:47] There are still 4676 unannotated CDS left (started with 4696)
[16:59:47] Will use blast to search against /home/asus/miniconda3/envs/bioinfo/db/kingdom/Bacteria/sprot with 12 CPUs
[16:59:47] Running: cat prokka_result\/\/ABCD\.sprot\.tmp\.27516\.faa | parallel --gnu --plain -j 12 --block 59547 --recstart '>' --pipe blastp -query - -db /home/asus/miniconda3/envs/bioinfo/db/kingdom/Bacteria/sprot -evalue 1e-09 -qcov_hsp_perc 80 -num_threads 1 -num_descriptions 1 -num_alignments 1 -seg no > prokka_result\/\/ABCD\.sprot\.tmp\.27516\.blast 2> /dev/null
[17:00:11] Modify product: Uncharacterized protein YbdM => putative protein YbdM
[17:00:11] Modify product: Uncharacterized protein YjiK => putative protein YjiK
[17:00:11] Modify product: Uncharacterized ferredoxin-like protein YdhX => putative ferredoxin-like protein YdhX
[17:00:11] Modify product: Probable cyclic di-GMP phosphodiesterase PdeC => putative cyclic di-GMP phosphodiesterase PdeC
[17:00:11] Modify product: Uncharacterized protein YjbR => putative protein YjbR
[17:00:11] Modify product: UPF0337 protein YjbJ => hypothetical protein
[17:00:11] Modify product: Probable manganese efflux pump MntP => putative manganese efflux pump MntP
[17:00:11] Modify product: UPF0266 membrane protein YobD => hypothetical protein
[17:00:11] Modify product: UPF0053 inner membrane protein YoaE => hypothetical protein
[17:00:11] Modify product: Probable cyclic di-GMP phosphodiesterase PdeD => putative cyclic di-GMP phosphodiesterase PdeD
[17:00:11] Modify product: Probable ATP-dependent DNA helicase YoaA => putative ATP-dependent DNA helicase YoaA
[17:00:11] Modify product: Uncharacterized protein YcgM => putative protein YcgM
[17:00:11] Modify product: Uncharacterized protein YeaR => putative protein YeaR
[17:00:11] Modify product: Probable Ni/Fe-hydrogenase 1 B-type cytochrome subunit => putative Ni/Fe-hydrogenase 1 B-type cytochrome subunit
[17:00:11] Modify product: Uncharacterized inner membrane transporter YicL => putative inner membrane transporter YicL
[17:00:11] Modify product: Probable hydrolase YcaC => putative hydrolase YcaC
[17:00:11] Modify product: UPF0126 inner membrane protein YicG => hypothetical protein
[17:00:11] Modify product: UPF0701 protein YicC => hypothetical protein
[17:00:11] Modify product: UPF0758 protein SP_1088 => hypothetical protein
[17:00:11] Modify product: Uncharacterized glycosyltransferase EpsJ => putative glycosyltransferase EpsJ
[17:00:11] Modify product: Uncharacterized protein HI_0755 => putative protein
[17:00:11] Modify product: Uncharacterized protein YibN => putative protein YibN
[17:00:11] Modify product: Probable glucarate transporter => putative glucarate transporter
[17:00:11] Modify product: Probable glucarate transporter => putative glucarate transporter
[17:00:11] Modify product: Probable [Fe-S]-dependent transcriptional repressor FeoC => putative [Fe-S]-dependent transcriptional repressor FeoC
[17:00:11] Modify product: Probable protein adenylyltransferase Fic => putative protein adenylyltransferase Fic
[17:00:11] Modify product: UPF0270 protein PA3463 => hypothetical protein
[17:00:11] Modify product: Uncharacterized ABC transporter ATP-binding protein YheS => putative ABC transporter ATP-binding protein YheS
[17:00:12] Modify product: UPF0053 inner membrane protein YtfL => hypothetical protein
[17:00:12] Modify product: Probable sulfoacetate transporter SauU => putative sulfoacetate transporter SauU
[17:00:12] Modify product: Deacetylase Atu3266 => Deacetylase
[17:00:12] Modify product: UPF0307 protein YjgA => hypothetical protein
[17:00:12] Modify product: Deacetylase EF_0837 => Deacetylase
[17:00:12] Modify product: Probable licABCH operon regulator => putative licABCH operon regulator
[17:00:12] Modify product: Uncharacterized protein YjiK => putative protein YjiK
[17:00:12] Modify product: Probable transcriptional regulatory protein YeeN => putative transcriptional regulatory protein YeeN
[17:00:12] Modify product: UPF0265 protein YeeX => hypothetical protein
[17:00:12] Modify product: Probable propionate kinase => putative propionate kinase
[17:00:12] Modify product: Probable cobalt-factor III C(17)-methyltransferase => putative cobalt-factor III C(17)-methyltransferase
[17:00:12] Modify product: Probable L,D-transpeptidase ErfK/SrfK => putative L,D-transpeptidase ErfK/SrfK
[17:00:12] Modify product: Probable FMN/FAD exporter YeeO => putative FMN/FAD exporter YeeO
[17:00:12] Modify product: Uncharacterized protein YedJ => putative protein YedJ
[17:00:12] Modify product: Uncharacterized inner membrane transporter YedA => putative inner membrane transporter YedA
[17:00:12] Modify product: Probable diguanylate cyclase DgcQ => putative diguanylate cyclase DgcQ
[17:00:12] Modify product: UPF0394 inner membrane protein YedE => hypothetical protein
[17:00:12] Modify product: Probable transcriptional regulatory protein YebC => putative transcriptional regulatory protein YebC
[17:00:12] Modify product: Uncharacterized protein YdfO => putative protein YdfO
[17:00:12] Modify product: Uncharacterized protein YebV => putative protein YebV
[17:00:12] Modify product: Probable transporter SCO4007 => putative transporter
[17:00:12] Modify product: Uncharacterized periplasmic iron-binding protein HI_0362 => putative periplasmic iron-binding protein
[17:00:12] Modify product: Probable ATP synthase SpaL => putative ATP synthase SpaL
[17:00:12] Modify product: Probable UbiX-like flavin prenyltransferase => putative UbiX-like flavin prenyltransferase
[17:00:12] Modify product: Probable fimbrial chaperone YfcS => putative fimbrial chaperone YfcS
[17:00:12] Modify product: Uncharacterized fimbrial-like protein YfcR => putative fimbrial-like protein YfcR
[17:00:12] Modify product: Uncharacterized fimbrial-like protein YfcQ => putative fimbrial-like protein YfcQ
[17:00:12] Modify product: Uncharacterized fimbrial-like protein YfcP => putative fimbrial-like protein YfcP
[17:00:12] Modify product: Probable glucarate transporter => putative glucarate transporter
[17:00:12] Modify product: Uncharacterized protein PA3435 => putative protein
[17:00:12] Modify product: Uncharacterized protein YqcC => putative protein YqcC
[17:00:12] Modify product: Uncharacterized HTH-type transcriptional regulator YdjF => putative HTH-type transcriptional regulator YdjF
[17:00:12] Modify product: UPF0382 inner membrane protein YgdD => hypothetical protein
[17:00:12] Modify product: Uncharacterized lipoprotein YgdR => putative lipoprotein YgdR
[17:00:12] Modify product: UPF0442 protein YjjB => hypothetical protein
[17:00:12] Modify product: Uncharacterized metal-dependent hydrolase YjjV => putative metal-dependent hydrolase YjjV
[17:00:12] Modify product: Uncharacterized protein YjjI => putative protein YjjI
[17:00:12] Modify product: Probable inner membrane protein Smp => putative inner membrane protein Smp
[17:00:12] Modify product: Probable fimbrial chaperone LpfB => putative fimbrial chaperone LpfB
[17:00:12] Modify product: Uncharacterized HTH-type transcriptional regulator YbdO => putative HTH-type transcriptional regulator YbdO
[17:00:12] Modify product: Probable fimbrial chaperone SfmC => putative fimbrial chaperone SfmC
[17:00:12] Modify product: Probable outer membrane usher protein ElfC => putative outer membrane usher protein ElfC
[17:00:12] Modify product: Probable outer membrane usher protein ElfC => putative outer membrane usher protein ElfC
[17:00:12] Modify product: Uncharacterized fimbrial-like protein SfmH => putative fimbrial-like protein SfmH
[17:00:12] Modify product: Uncharacterized fimbrial-like protein YcbU => putative fimbrial-like protein YcbU
[17:00:12] Modify product: Uncharacterized fimbrial chaperone YcbF => putative fimbrial chaperone YcbF
[17:00:12] Modify product: Uncharacterized protein HI_0341 => putative protein
[17:00:12] Modify product: Probable Fe(2+)-trafficking protein => putative Fe(2+)-trafficking protein
[17:00:12] Modify product: Uncharacterized protein HI_1472 => putative protein
[17:00:12] Modify product: Probable Ni/Fe-hydrogenase 2 b-type cytochrome subunit => putative Ni/Fe-hydrogenase 2 b-type cytochrome subunit
[17:00:12] Modify product: Uncharacterized oxidoreductase YghA => putative oxidoreductase YghA
[17:00:12] Modify product: Probable quinol monooxygenase YgiN => putative quinol monooxygenase YgiN
[17:00:12] Modify product: Uncharacterized protein YibL => putative protein YibL
[17:00:12] Modify product: Uncharacterized GST-like protein YibF => putative GST-like protein YibF
[17:00:12] Modify product: Uncharacterized protein YiaX1 => putative protein YiaX1
[17:00:12] Modify product: Uncharacterized protein YhcH => putative protein YhcH
[17:00:12] Modify product: Uncharacterized N-acetyltransferase YafP => putative N-acetyltransferase YafP
[17:00:12] Modify product: Probable lipoprotein YiaD => putative lipoprotein YiaD
[17:00:12] Modify product: Probable cyclic di-GMP phosphodiesterase PdeK => putative cyclic di-GMP phosphodiesterase PdeK
[17:00:12] Modify product: Uncharacterized protein HI_0933 => putative protein
[17:00:12] Modify product: RutC family protein HI_0719 => RutC family protein
[17:00:12] Modify product: Uncharacterized MFS-type transporter YhhS => putative MFS-type transporter YhhS
[17:00:12] Modify product: Uncharacterized protein YhhA => putative protein YhhA
[17:00:12] Modify product: Uncharacterized oxidoreductase YhhX => putative oxidoreductase YhhX
[17:00:12] Modify product: Uncharacterized lipoprotein GfcB => putative lipoprotein GfcB
[17:00:12] Modify product: Uncharacterized protein YccU => putative protein YccU
[17:00:12] Modify product: UPF0319 protein HI_1681 => hypothetical protein
[17:00:12] Modify product: Uncharacterized protein YcbX => putative protein YcbX
[17:00:12] Modify product: Uncharacterized protein HI_1410 => putative protein
[17:00:12] Modify product: Probable L,D-transpeptidase YcbB => putative L,D-transpeptidase YcbB
[17:00:12] Modify product: UPF0434 protein YcaR => hypothetical protein
[17:00:12] Modify product: Probable formate transporter 1 => putative formate transporter 1
[17:00:12] Modify product: Uncharacterized MFS-type transporter YcaD => putative MFS-type transporter YcaD
[17:00:12] Modify product: Probable multidrug resistance ABC transporter ATP-binding/permease protein YheH => putative multidrug resistance ABC transporter ATP-binding/permease protein YheH
[17:00:12] Modify product: Probable hydrolase YcaC => putative hydrolase YcaC
[17:00:12] Modify product: UPF0145 protein YbjQ => hypothetical protein
[17:00:12] Modify product: Uncharacterized lipoprotein YbjP => putative lipoprotein YbjP
[17:00:12] Modify product: Probable glycerol-3-phosphate acyltransferase => putative glycerol-3-phosphate acyltransferase
[17:00:12] Modify product: Uncharacterized protein YqjD => putative protein YqjD
[17:00:12] Modify product: UPF0597 protein YhaM => hypothetical protein
[17:00:12] Modify product: Probable serine transporter => putative serine transporter
[17:00:12] Modify product: Probable serine transporter => putative serine transporter
[17:00:12] Modify product: Uncharacterized protease YhbU => putative protease YhbU
[17:00:12] Modify product: Uncharacterized inner membrane transporter YhbE => putative inner membrane transporter YhbE
[17:00:12] Modify product: Uncharacterized protein YrbL => putative protein YrbL
[17:00:12] Modify product: Uncharacterized protein YhcH => putative protein YhcH
[17:00:12] Modify product: Multidrug efflux ATP-binding/permease protein BCG_0231 => Multidrug efflux ATP-binding/permease protein
[17:00:12] Modify product: Probable HTH-type transcriptional regulator YgaV => putative HTH-type transcriptional regulator YgaV
[17:00:12] Modify product: Uncharacterized protein YgaM => putative protein YgaM
[17:00:12] Modify product: UPF0352 protein YejL => hypothetical protein
[17:00:12] Modify product: Uncharacterized protein YejG => putative protein YejG
[17:00:12] Modify product: Uncharacterized ABC transporter ATP-binding protein YejF => putative ABC transporter ATP-binding protein YejF
[17:00:12] Modify product: Probable cyclic di-GMP phosphodiesterase PdeN => putative cyclic di-GMP phosphodiesterase PdeN
[17:00:12] Modify product: UPF0153 protein YeiW => hypothetical protein
[17:00:12] Modify product: UPF0324 inner membrane protein YeiH => hypothetical protein
[17:00:12] Modify product: UPF0299 membrane protein YohJ => hypothetical protein
[17:00:12] Modify product: Uncharacterized oxidoreductase YohF => putative oxidoreductase YohF
[17:00:12] Modify product: UPF0387 membrane protein YohO => hypothetical protein
[17:00:12] Modify product: Uncharacterized lipoprotein YehR => putative lipoprotein YehR
[17:00:12] Modify product: Uncharacterized fimbrial-like protein YehD => putative fimbrial-like protein YehD
[17:00:12] Modify product: Probable fimbrial chaperone YehC => putative fimbrial chaperone YehC
[17:00:12] Modify product: Uncharacterized fimbrial-like protein YehA => putative fimbrial-like protein YehA
[17:00:12] Modify product: Probable fructoselysine utilization operon transcriptional repressor => putative fructoselysine utilization operon transcriptional repressor
[17:00:12] Modify product: Uncharacterized sugar kinase YdjH => putative sugar kinase YdjH
[17:00:12] Modify product: Probable lipid kinase YegS => putative lipid kinase YegS
[17:00:12] Modify product: 23S rRNA 5-hydroxycytidine C2501 synthase => 23S rRNA 5-hydroxycytidine synthase
[17:00:12] Modify product: UPF0053 inner membrane protein YoaE => hypothetical protein
[17:00:12] Modify product: UPF0250 protein YbeD => hypothetical protein
[17:00:12] Modify product: Uncharacterized HTH-type transcriptional regulator YbdO => putative HTH-type transcriptional regulator YbdO
[17:00:12] Modify product: Probable zinc-binding alcohol dehydrogenase Rv1895 => putative zinc-binding alcohol dehydrogenase
[17:00:12] Modify product: UPF0126 inner membrane protein YadS => hypothetical protein
[17:00:12] Modify product: Uncharacterized fimbrial-like protein YadN => putative fimbrial-like protein YadN
[17:00:12] Modify product: Probable fimbrial chaperone YadV => putative fimbrial chaperone YadV
[17:00:12] Modify product: Uncharacterized fimbrial-like protein YadM => putative fimbrial-like protein YadM
[17:00:12] Modify product: Uncharacterized fimbrial-like protein YadL => putative fimbrial-like protein YadL
[17:00:12] Modify product: Uncharacterized fimbrial-like protein YadK => putative fimbrial-like protein YadK
[17:00:12] Modify product: Uncharacterized fimbrial-like protein YadC => putative fimbrial-like protein YadC
[17:00:12] Modify product: Uncharacterized ABC transporter ATP-binding protein YadG => putative ABC transporter ATP-binding protein YadG
[17:00:12] Modify product: UPF0231 protein YacL => hypothetical protein
[17:00:12] Modify product: Probable peptidoglycan glycosyltransferase FtsW => putative peptidoglycan glycosyltransferase FtsW
[17:00:12] Modify product: Uncharacterized protein YbjN => putative protein YbjN
[17:00:12] Modify product: Uncharacterized protein YbiU => putative protein YbiU
[17:00:12] Modify product: Uncharacterized ABC transporter ATP-binding protein YbiT => putative ABC transporter ATP-binding protein YbiT
[17:00:12] Modify product: Probable L,D-transpeptidase YbiS => putative L,D-transpeptidase YbiS
[17:00:12] Modify product: Uncharacterized protein YbiI => putative protein YbiI
[17:00:12] Modify product: Uncharacterized protein McbA => putative protein McbA
[17:00:12] Modify product: Uncharacterized protein YbiB => putative protein YbiB
[17:00:12] Modify product: Uncharacterized protein YbiB => putative protein YbiB
[17:00:12] Modify product: UPF0194 membrane protein YbhG => hypothetical protein
[17:00:12] Modify product: Probable multidrug ABC transporter ATP-binding protein YbhF => putative multidrug ABC transporter ATP-binding protein YbhF
[17:00:12] Modify product: Probable multidrug ABC transporter permease YbhS => putative multidrug ABC transporter permease YbhS
[17:00:12] Modify product: Probable multidrug ABC transporter permease YbhR => putative multidrug ABC transporter permease YbhR
[17:00:12] Modify product: UPF0098 protein YbhB => hypothetical protein
[17:00:12] Modify product: Probable siderophore transport system ATP-binding protein YusV => putative siderophore transport system ATP-binding protein YusV
[17:00:12] Modify product: GTP cyclohydrolase 1 type 2 homolog => GTP cyclohydrolase 1 type 2 
[17:00:12] Modify product: Uncharacterized protein YbfE => putative protein YbfE
[17:00:12] Modify product: Uncharacterized lipoprotein ChiQ => putative lipoprotein ChiQ
[17:00:12] Modify product: Uncharacterized protein YaiA => putative protein YaiA
[17:00:12] Modify product: UPF0178 protein YaiI => hypothetical protein
[17:00:12] Modify product: Probable diguanylate cyclase DgcC => putative diguanylate cyclase DgcC
[17:00:12] Modify product: Probable cyclic di-GMP phosphodiesterase PdeN => putative cyclic di-GMP phosphodiesterase PdeN
[17:00:12] Modify product: Probable fimbrial chaperone YadV => putative fimbrial chaperone YadV
[17:00:12] Modify product: Probable fimbrial chaperone YadV => putative fimbrial chaperone YadV
[17:00:12] Modify product: UPF0255 protein VV1_0328 => hypothetical protein
[17:00:12] Modify product: Probable deoxyribonuclease RhsB => putative deoxyribonuclease RhsB
[17:00:13] Modify product: Uncharacterized methyltransferase YcgJ => putative methyltransferase YcgJ
[17:00:13] Modify product: Probable multidrug resistance ABC transporter ATP-binding/permease protein YheI => putative multidrug resistance ABC transporter ATP-binding/permease protein YheI
[17:00:13] Modify product: Uncharacterized lipoprotein YbaY => putative lipoprotein YbaY
[17:00:13] Modify product: Probable cyclic di-GMP phosphodiesterase PdeB => putative cyclic di-GMP phosphodiesterase PdeB
[17:00:13] Modify product: Probable iron export ATP-binding protein FetA => putative iron export ATP-binding protein FetA
[17:00:13] Modify product: Probable iron export permease protein FetB => putative iron export permease protein FetB
[17:00:13] Modify product: Uncharacterized protein Rv3292 => putative protein
[17:00:13] Modify product: Uncharacterized protein Rv2575 => putative protein
[17:00:13] Modify product: Uncharacterized protein YfgD => putative protein YfgD
[17:00:13] Modify product: Probable autotransporter YfaL => putative autotransporter YfaL
[17:00:13] Modify product: Uncharacterized protein YfgJ => putative protein YfgJ
[17:00:13] Modify product: UPF0070 protein HI_0370 => hypothetical protein
[17:00:13] Modify product: Probable dimethyl sulfoxide reductase chain YnfF => putative dimethyl sulfoxide reductase chain YnfF
[17:00:13] Modify product: Uncharacterized protein Rv2307c => putative protein
[17:00:13] Modify product: Probable 3-phenylpropionic acid transporter => putative 3-phenylpropionic acid transporter
[17:00:13] Modify product: Probable cadaverine/lysine antiporter => putative cadaverine/lysine antiporter
[17:00:13] Modify product: PTS system EIIBC component SA0186 => PTS system EIIBC component
[17:00:13] Modify product: Uncharacterized tRNA/rRNA methyltransferase YfiF => putative tRNA/rRNA methyltransferase YfiF
[17:00:13] Modify product: Uncharacterized lipoprotein YgdR => putative lipoprotein YgdR
[17:00:13] Modify product: Probable dimethyl sulfoxide reductase chain YnfF => putative dimethyl sulfoxide reductase chain YnfF
[17:00:13] Modify product: UPF0482 protein YnfB => hypothetical protein
[17:00:13] Modify product: UPF0060 membrane protein YnfA => hypothetical protein
[17:00:13] Modify product: Probable amino-acid metabolite efflux pump => putative amino-acid metabolite efflux pump
[17:00:13] Modify product: UPF0056 inner membrane protein MarC => hypothetical protein
[17:00:13] Modify product: Probable Ni/Fe-hydrogenase 1 B-type cytochrome subunit => putative Ni/Fe-hydrogenase 1 B-type cytochrome subunit
[17:00:13] Modify product: Uncharacterized zinc-type alcohol dehydrogenase-like protein YjmD => putative zinc-type alcohol dehydrogenase-like protein YjmD
[17:00:13] Modify product: Glycogen operon protein GlgX homolog => Glycogen operon protein GlgX 
[17:00:13] Modify product: Probable nitrate reductase molybdenum cofactor assembly chaperone NarW => putative nitrate reductase molybdenum cofactor assembly chaperone NarW
[17:00:13] Modify product: Uncharacterized isomerase YddE => putative isomerase YddE
[17:00:13] Modify product: Uncharacterized lipoprotein YgdR => putative lipoprotein YgdR
[17:00:13] Modify product: Uncharacterized protein YncE => putative protein YncE
[17:00:13] Modify product: Uncharacterized protein YdcY => putative protein YdcY
[17:00:13] Modify product: 23S rRNA 5-hydroxycytidine C2501 synthase => 23S rRNA 5-hydroxycytidine synthase
[17:00:13] Modify product: Prophage tail fiber assembly protein homolog TfaE => Prophage tail fiber assembly protein TfaE
[17:00:13] Modify product: Prophage tail fiber assembly protein homolog TfaE => Prophage tail fiber assembly protein TfaE
[17:00:13] Modify product: Probable sulfoacetate transporter SauU => putative sulfoacetate transporter SauU
[17:00:13] Modify product: Uncharacterized protein YbcJ => putative protein YbcJ
[17:00:13] Modify product: Bifunctional protein FolD => Bifunctional protein FolD protein
[17:00:13] Modify product: Probable fimbrial chaperone SfmC => putative fimbrial chaperone SfmC
[17:00:13] Modify product: Uncharacterized fimbrial-like protein SfmH => putative fimbrial-like protein SfmH
[17:00:13] Modify product: Uncharacterized fimbrial-like protein SfmF => putative fimbrial-like protein SfmF
[17:00:13] Modify product: Prophage bactoprenol glucosyl transferase homolog => Prophage bactoprenol glucosyl transferase 
[17:00:13] Modify product: Prophage bactoprenol-linked glucose translocase homolog => Prophage bactoprenol-linked glucose translocase 
[17:00:13] Modify product: Probable copper-binding protein PcoE => putative copper-binding protein PcoE
[17:00:13] Modify product: Probable pyridine nucleotide-disulfide oxidoreductase RclA => putative pyridine nucleotide-disulfide oxidoreductase RclA
[17:00:13] Modify product: Uncharacterized protein RclB => putative protein RclB
[17:00:13] Modify product: Uncharacterized protein YbdM => putative protein YbdM
[17:00:13] Modify product: Uncharacterized HTH-type transcriptional regulator YbdO => putative HTH-type transcriptional regulator YbdO
[17:00:13] Modify product: Prophage bactoprenol glucosyl transferase homolog => Prophage bactoprenol glucosyl transferase 
[17:00:13] Modify product: Prophage bactoprenol-linked glucose translocase homolog => Prophage bactoprenol-linked glucose translocase 
[17:00:13] Modify product: UPF0381 protein YiiS => hypothetical protein
[17:00:13] Modify product: Probable membrane transporter protein YfcA => putative membrane transporter protein YfcA
[17:00:13] Modify product: Uncharacterized MFS-type transporter YfcJ => putative MFS-type transporter YfcJ
[17:00:13] Modify product: Epimerase family protein SA0724 => Epimerase family protein
[17:00:13] Modify product: Uncharacterized Nudix hydrolase YfcD => putative Nudix hydrolase YfcD
[17:00:13] Modify product: UPF0208 membrane protein YfbV => hypothetical protein
[17:00:13] Modify product: UPF0304 protein YfbU => hypothetical protein
[17:00:13] Modify product: Probable 4-amino-4-deoxy-L-arabinose-phosphoundecaprenol flippase subunit ArnF => putative 4-amino-4-deoxy-L-arabinose-phosphoundecaprenol flippase subunit ArnF
[17:00:13] Modify product: Probable 4-amino-4-deoxy-L-arabinose-phosphoundecaprenol flippase subunit ArnE => putative 4-amino-4-deoxy-L-arabinose-phosphoundecaprenol flippase subunit ArnE
[17:00:13] Modify product: Uncharacterized protein YihR => putative protein YihR
[17:00:13] Modify product: UPF0761 membrane protein YihY => hypothetical protein
[17:00:13] Modify product: Solute-binding protein Bpro_3107 => Solute-binding protein
[17:00:13] Modify product: Uncharacterized protein YbiI => putative protein YbiI
[17:00:13] Modify product: Uncharacterized protein YjhP => putative protein YjhP
[17:00:13] Modify product: UPF0716 protein FxsA => hypothetical protein
[17:00:13] Modify product: Uncharacterized protein HI_1008 => putative protein
[17:00:13] Modify product: UPF0234 protein YajQ => hypothetical protein
[17:00:13] Modify product: Uncharacterized lipoprotein YajI => putative lipoprotein YajI
[17:00:13] Modify product: Probable L,D-transpeptidase YcfS => putative L,D-transpeptidase YcfS
[17:00:13] Modify product: UPF0227 protein YcfP => hypothetical protein
[17:00:13] Modify product: Uncharacterized metal-dependent hydrolase YcfH => putative metal-dependent hydrolase YcfH
[17:00:13] Modify product: Probable protein kinase UbiB => putative protein kinase UbiB
[17:00:13] Modify product: Probable protease SohB => putative protease SohB
[17:00:13] Modify product: Uncharacterized oxidoreductase YciK => putative oxidoreductase YciK
[17:00:13] Modify product: Uncharacterized protein YciO => putative protein YciO
[17:00:13] Modify product: UPF0259 membrane protein YciC => hypothetical protein
[17:00:13] Modify product: Probable intracellular septation protein A => putative intracellular septation protein A
[17:00:13] Modify product: Uncharacterized acyl-CoA thioester hydrolase HI_0827 => putative acyl-CoA thioester hydrolase
[17:00:13] Modify product: UPF0263 protein YciU => hypothetical protein
[17:00:13] Modify product: UPF0056 inner membrane protein MarC => hypothetical protein
[17:00:13] Modify product: Uncharacterized NTE family protein Rv1063c => putative NTE family protein
[17:00:13] Modify product: UPF0225 protein YchJ => hypothetical protein
[17:00:13] Modify product: Probable lipid II flippase MurJ => putative lipid II flippase MurJ
[17:00:13] Modify product: UPF0502 protein YceH => hypothetical protein
[17:00:13] Modify product: Uncharacterized lipoprotein YceB => putative lipoprotein YceB
[17:00:13] Modify product: Uncharacterized protein YceO => putative protein YceO
[17:00:13] Modify product: Cytochrome b561 homolog 2 => Cytochrome b561 
[17:00:13] Modify product: UPF0176 protein YceA => hypothetical protein
[17:00:13] Modify product: Uncharacterized protein YmdA => putative protein YmdA
[17:00:13] Modify product: Probable csgAB operon transcriptional regulatory protein => putative csgAB operon transcriptional regulatory protein
[17:00:13] Modify product: Probable phosphatase YcdX => putative phosphatase YcdX
[17:00:13] Modify product: Uncharacterized oxidoreductase YjhC => putative oxidoreductase YjhC
[17:00:13] Modify product: Uncharacterized HTH-type transcriptional regulator YbbH => putative HTH-type transcriptional regulator YbbH
[17:00:13] Modify product: Uncharacterized protein YccJ => putative protein YccJ
[17:00:13] Modify product: Probable transport protein HsrA => putative transport protein HsrA
[17:00:13] Modify product: Probable transport protein HsrA => putative transport protein HsrA
[17:00:13] Modify product: Probable outer membrane usher protein ElfC => putative outer membrane usher protein ElfC
[17:00:13] Modify product: Probable minor fimbrial subunit LpfD => putative minor fimbrial subunit LpfD
[17:00:13] Modify product: Shikimate dehydrogenase-like protein HI_0607 => Shikimate dehydrogenase-like protein
[17:00:13] Modify product: Probable sulfoacetate transporter SauU => putative sulfoacetate transporter SauU
[17:00:13] Modify product: Probable transport protein YifK => putative transport protein YifK
[17:00:13] Modify product: Probable ECA polymerase => putative ECA polymerase
[17:00:13] Modify product: Uncharacterized protein YbiI => putative protein YbiI
[17:00:13] Modify product: Uncharacterized fimbrial-like protein YbgD => putative fimbrial-like protein YbgD
[17:00:13] Modify product: UPF0073 inner membrane protein YqfA => hypothetical protein
[17:00:13] Modify product: UPF0267 protein YqfB => hypothetical protein
[17:00:13] Modify product: UPF0149 protein HI_0817 => hypothetical protein
[17:00:13] Modify product: Probable cyclic di-GMP phosphodiesterase PdeA => putative cyclic di-GMP phosphodiesterase PdeA
[17:00:13] Modify product: Uncharacterized protein YfeY => putative protein YfeY
[17:00:13] Modify product: Cytolethal distending toxin subunit B homolog => Cytolethal distending toxin subunit B 
[17:00:13] Modify product: Cytochrome b561 homolog 1 => Cytochrome b561 
[17:00:13] Modify product: Uncharacterized cysteine-rich protein YhjQ => putative cysteine-rich protein YhjQ
[17:00:13] Modify product: Uncharacterized protein YeaR => putative protein YeaR
[17:00:13] Modify product: UPF0235 protein YggU => hypothetical protein
[17:00:13] Modify product: Uncharacterized protein YggR => putative protein YggR
[17:00:13] Modify product: UPF0301 protein YqgE => hypothetical protein
[17:00:13] Modify product: Uncharacterized signaling protein PA1727 => putative signaling protein
[17:00:13] Modify product: UPF0053 inner membrane protein YgdQ => hypothetical protein
[17:00:13] Modify product: Uncharacterized lipoprotein YgdR => putative lipoprotein YgdR
[17:00:13] Modify product: Uncharacterized protein YaeQ => putative protein YaeQ
[17:00:13] Modify product: UPF0253 protein YaeP => hypothetical protein
[17:00:13] Modify product: Probable 4-deoxy-4-formamido-L-arabinose-phosphoundecaprenol deformylase ArnD => putative 4-deoxy-4-formamido-L-arabinose-phosphoundecaprenol deformylase ArnD
[17:00:13] Modify product: Uncharacterized HTH-type transcriptional regulator RhmR => putative HTH-type transcriptional regulator RhmR
[17:00:13] Modify product: Uncharacterized oxidoreductase YdgJ => putative oxidoreductase YdgJ
[17:00:13] Modify product: Uncharacterized protein YnhF => putative protein YnhF
[17:00:13] Modify product: Uncharacterized HTH-type transcriptional regulator YahB => putative HTH-type transcriptional regulator YahB
[17:00:13] Modify product: Probable secretion system apparatus ATP synthase SsaN => putative secretion system apparatus ATP synthase SsaN
[17:00:13] Modify product: Probable L,D-transpeptidase YnhG => putative L,D-transpeptidase YnhG
[17:00:13] Modify product: Probable L,D-transpeptidase YnhG => putative L,D-transpeptidase YnhG
[17:00:13] Modify product: Probable ATP-dependent transporter SufC => putative ATP-dependent transporter SufC
[17:00:13] Modify product: Uncharacterized protein HI_1163 => putative protein
[17:00:13] Modify product: Uncharacterized protein YdiE => putative protein YdiE
[17:00:13] Modify product: Probable ketoamine kinase HMPREF0351_12196 => putative ketoamine kinase
[17:00:13] Modify product: Probable acyltransferase YihG => putative acyltransferase YihG
[17:00:13] Modify product: Probable GTP-binding protein EngB => putative GTP-binding protein EngB
[17:00:13] Modify product: Uncharacterized protein YshB => putative protein YshB
[17:00:13] Modify product: UPF0719 inner membrane protein YjfL => hypothetical protein
[17:00:13] Modify product: Probable L-ascorbate-6-phosphate lactonase UlaG => putative L-ascorbate-6-phosphate lactonase UlaG
[17:00:13] Modify product: Uncharacterized protein YtfJ => putative protein YtfJ
[17:00:14] Modify product: UPF0283 membrane protein YcjF => hypothetical protein
[17:00:14] Modify product: Uncharacterized protein YcjX => putative protein YcjX
[17:00:14] Modify product: UPF0509 protein YciZ => hypothetical protein
[17:00:14] Modify product: Uncharacterized protein YciH => putative protein YciH
[17:00:14] Modify product: Uncharacterized oxidoreductase Rv2298 => putative oxidoreductase
[17:00:14] Modify product: Stress response UPF0229 protein YhbH => hypothetical protein
[17:00:14] Modify product: Probable diguanylate cyclase DgcJ => putative diguanylate cyclase DgcJ
[17:00:14] Modify product: UPF0053 inner membrane protein YfjD => hypothetical protein
[17:00:14] Modify product: UPF0125 protein RatB => hypothetical protein
[17:00:14] Modify product: Uncharacterized signaling protein PA1727 => putative signaling protein
[17:00:14] Modify product: Uncharacterized membrane protein YhdT => putative membrane protein YhdT
[17:00:14] Modify product: Probable acrylyl-CoA reductase AcuI => putative acrylyl-CoA reductase AcuI
[17:00:14] Modify product: Uncharacterized protein YhcO => putative protein YhcO
[17:00:14] Modify product: Uncharacterized oxidoreductase YtbE => putative oxidoreductase YtbE
[17:00:14] Modify product: Uncharacterized lipoprotein YgdR => putative lipoprotein YgdR
[17:00:14] Modify product: Probable DNA endonuclease SmrA => putative DNA endonuclease SmrA
[17:00:14] Modify product: Uncharacterized protein HI_0431 => putative protein
[17:00:14] Cleaned 329 /product names
[17:00:14] Deleting unwanted file: prokka_result//ABCD.sprot.tmp.27516.faa
[17:00:14] Deleting unwanted file: prokka_result//ABCD.sprot.tmp.27516.blast
[17:00:14] There are still 1377 unannotated CDS left (started with 4696)
[17:00:14] Will use hmmer3 to search against /home/asus/miniconda3/envs/bioinfo/db/hmm/HAMAP.hmm with 12 CPUs
[17:00:14] Running: cat prokka_result\/\/ABCD\.HAMAP\.hmm\.tmp\.27516\.faa | parallel --gnu --plain -j 12 --block 13823 --recstart '>' --pipe hmmscan --noali --notextw --acc -E 1e-09 --cpu 1 /home/asus/miniconda3/envs/bioinfo/db/hmm/HAMAP.hmm /dev/stdin > prokka_result\/\/ABCD\.HAMAP\.hmm\.tmp\.27516\.hmmer3 2> /dev/null
[17:00:21] Modify product: Uncharacterized Nudix hydrolase NudL => putative Nudix hydrolase NudL
[17:00:21] Cleaned 1 /product names
[17:00:21] Deleting unwanted file: prokka_result//ABCD.HAMAP.hmm.tmp.27516.faa
[17:00:21] Deleting unwanted file: prokka_result//ABCD.HAMAP.hmm.tmp.27516.hmmer3
[17:00:21] Labelling remaining 1278 proteins as 'hypothetical protein'
[17:00:21] Possible /pseudo 'Membrane sensor protein UhpC' at 1 position 41880
[17:00:21] Possible /pseudo 'Galactose/methyl galactoside import ATP-binding protein MglA' at 1 position 51896
[17:00:21] Possible /pseudo 'NAD-dependent dihydropyrimidine dehydrogenase subunit PreA' at 1 position 55137
[17:00:21] Possible /pseudo 'E3 ubiquitin-protein ligase SopA' at 1 position 204320
[17:00:21] Possible /pseudo 'E3 ubiquitin-protein ligase SopA' at 1 position 205030
[17:00:21] Possible /pseudo 'D-alanyl-D-alanine carboxypeptidase DacD' at 1 position 210515
[17:00:21] Possible /pseudo 'Aldehyde-alcohol dehydrogenase' at 1 position 219141
[17:00:21] Possible /pseudo 'Cobalt transport protein CbiM' at 1 position 243323
[17:00:21] Possible /pseudo 'Inner membrane protein YedI' at 1 position 289959
[17:00:21] Possible /pseudo 'Peptidoglycan D,D-transpeptidase MrdA' at 1 position 355392
[17:00:21] Possible /pseudo 'Periplasmic trehalase' at 1 position 463744
[17:00:21] Possible /pseudo 'Hydrogenase-1 small chain' at 1 position 473762
[17:00:21] Possible /pseudo 'DNA ligase B' at 2 position 79371
[17:00:21] Possible /pseudo 'putative glucarate transporter' at 2 position 119589
[17:00:21] Possible /pseudo 'O-acetyltransferase WecH' at 2 position 167711
[17:00:21] Possible /pseudo 'Cellulose synthase operon protein C' at 2 position 210224
[17:00:21] Possible /pseudo 'Cellulose synthase operon protein C' at 2 position 211689
[17:00:21] Possible /pseudo 'Inner membrane transport permease YhhJ' at 2 position 255922
[17:00:21] Possible /pseudo 'Leu/Ile/Val/Thr-binding protein' at 2 position 273382
[17:00:21] Possible /pseudo 'Serine/threonine-protein kinase PknD' at 3 position 63528
[17:00:21] Possible /pseudo 'Succinate-semialdehyde dehydrogenase [NADP(+)] 1' at 3 position 117328
[17:00:21] Possible /pseudo 'Type I restriction enzyme EcoKI M protein' at 3 position 120822
[17:00:21] Possible /pseudo 'putative outer membrane usher protein ElfC' at 3 position 213014
[17:00:21] Possible /pseudo 'Constitutive ornithine decarboxylase' at 4 position 6942
[17:00:21] Possible /pseudo 'Colicin-E7 immunity protein' at 4 position 12426
[17:00:21] Possible /pseudo '2,5-diketo-D-gluconic acid reductase A' at 4 position 58591
[17:00:21] Possible /pseudo '2,4-dienoyl-CoA reductase' at 4 position 121755
[17:00:21] Possible /pseudo '2,4-dienoyl-CoA reductase' at 4 position 122481
[17:00:21] Possible /pseudo 'putative serine transporter' at 4 position 138302
[17:00:21] Possible /pseudo 'Threonine/serine transporter TdcC' at 4 position 144987
[17:00:21] Possible /pseudo 'D-tagatose-1,6-bisphosphate aldolase subunit GatZ' at 4 position 161901
[17:00:21] Possible /pseudo 'Putative N-acetylmannosamine-6-phosphate 2-epimerase 2' at 4 position 237550
[17:00:21] Possible /pseudo 'GABA permease' at 5 position 27835
[17:00:21] Possible /pseudo 'Potassium binding protein Kbp' at 5 position 29568
[17:00:21] Possible /pseudo 'Glycine betaine/proline betaine transport system ATP-binding protein ProV' at 5 position 40575
[17:00:21] Possible /pseudo 'Manganese transport system membrane protein MntB' at 5 position 93013
[17:00:21] Possible /pseudo 'Secreted effector protein SptP' at 5 position 106326
[17:00:21] Possible /pseudo 'Putative dimethyl sulfoxide reductase chain YnfE' at 6 position 85586
[17:00:21] Possible /pseudo 'Formate dehydrogenase H' at 6 position 112364
[17:00:21] Possible /pseudo 'Diaminopropionate ammonia-lyase' at 7 position 77110
[17:00:21] Possible /pseudo 'putative protein YbiB' at 8 position 10558
[17:00:21] Possible /pseudo 'ATP-dependent DNA helicase DinG' at 8 position 11721
[17:00:21] Possible /pseudo 'Inner membrane protein YbhL' at 8 position 25232
[17:00:21] Possible /pseudo 'E3 ubiquitin-protein ligase SlrP' at 8 position 31894
[17:00:21] Possible /pseudo 'Ferrichrome outer membrane transporter/phage receptor' at 9 position 42414
[17:00:21] Possible /pseudo 'Polyol:NADP oxidoreductase' at 10 position 23771
[17:00:21] Possible /pseudo 'Cytochrome b561' at 10 position 145600
[17:00:21] Possible /pseudo 'Carbohydrate diacid regulator' at 11 position 12586
[17:00:21] Possible /pseudo 'Putative transporter AraJ' at 12 position 9179
[17:00:21] Possible /pseudo 'Protein UshA' at 13 position 39505
[17:00:21] Possible /pseudo 'Ureidoglycolate lyase' at 13 position 61463
[17:00:21] Possible /pseudo 'Putative allantoin permease' at 13 position 68287
[17:00:21] Possible /pseudo 'Type-1 fimbrial protein, A chain' at 13 position 88754
[17:00:21] Possible /pseudo 'Ferric enterobactin transport protein FepE' at 13 position 126018
[17:00:21] Possible /pseudo 'Elongation factor P hydroxylase' at 14 position 28337
[17:00:21] Possible /pseudo 'Putative tartrate transporter' at 14 position 139387
[17:00:21] Possible /pseudo 'Major outer membrane lipoprotein Lpp 1' at 15 position 95424
[17:00:21] Possible /pseudo 'putative L,D-transpeptidase YnhG' at 15 position 96317
[17:00:21] Possible /pseudo 'Putative 2,3-dihydroxypropane-1-sulfonate exporter' at 16 position 25551
[17:00:21] Possible /pseudo 'Formate dehydrogenase-O major subunit' at 16 position 45525
[17:00:21] Possible /pseudo 'Arylsulfate sulfotransferase AssT' at 16 position 105389
[17:00:21] Possible /pseudo 'Oligopeptide transport system permease protein OppC' at 19 position 65958
[17:00:21] Possible /pseudo 'putative transport protein HsrA' at 21 position 1396
[17:00:21] Possible /pseudo 'Nickel/cobalt efflux system RcnA' at 23 position 14599
[17:00:21] Possible /pseudo 'FhuE receptor' at 26 position 36418
[17:00:21] Possible /pseudo 'Arginine N-succinyltransferase' at 28 position 13077
[17:00:21] Possible /pseudo 'Putative glucose-6-phosphate 1-epimerase' at 28 position 28914
[17:00:21] Found 2904 unique /gene codes.
[17:00:21] Fixed 2 duplicate /gene - wecH_1 wecH_2
[17:00:21] Fixed 2 duplicate /gene - yfdG_1 yfdG_2
[17:00:21] Fixed 7 duplicate /gene - rhaR_1 rhaR_2 rhaR_3 rhaR_4 rhaR_5 rhaR_6 rhaR_7
[17:00:21] Fixed 2 duplicate /gene - fes_1 fes_2
[17:00:21] Fixed 3 duplicate /gene - hin_1 hin_2 hin_3
[17:00:21] Fixed 2 duplicate /gene - ansB_1 ansB_2
[17:00:21] Fixed 3 duplicate /gene - fimA_1 fimA_2 fimA_3
[17:00:21] Fixed 2 duplicate /gene - lacC_1 lacC_2
[17:00:21] Fixed 2 duplicate /gene - rsxC_1 rsxC_2
[17:00:21] Fixed 2 duplicate /gene - hcp1_1 hcp1_2
[17:00:21] Fixed 3 duplicate /gene - yicJ_1 yicJ_2 yicJ_3
[17:00:21] Fixed 2 duplicate /gene - nrdB_1 nrdB_2
[17:00:21] Fixed 3 duplicate /gene - gudP_1 gudP_2 gudP_3
[17:00:21] Fixed 2 duplicate /gene - ynhG_1 ynhG_2
[17:00:21] Fixed 2 duplicate /gene - imm_1 imm_2
[17:00:21] Fixed 3 duplicate /gene - citG_1 citG_2 citG_3
[17:00:21] Fixed 2 duplicate /gene - recA_1 recA_2
[17:00:21] Fixed 2 duplicate /gene - sseA_1 sseA_2
[17:00:21] Fixed 2 duplicate /gene - gntT_1 gntT_2
[17:00:21] Fixed 2 duplicate /gene - narL_1 narL_2
[17:00:21] Fixed 2 duplicate /gene - ftnA_1 ftnA_2
[17:00:21] Fixed 2 duplicate /gene - rbsR_1 rbsR_2
[17:00:21] Fixed 3 duplicate /gene - sauU_1 sauU_2 sauU_3
[17:00:21] Fixed 2 duplicate /gene - bioD1_1 bioD1_2
[17:00:21] Fixed 2 duplicate /gene - allA_1 allA_2
[17:00:21] Fixed 2 duplicate /gene - prs_1 prs_2
[17:00:21] Fixed 2 duplicate /gene - fhuE_1 fhuE_2
[17:00:21] Fixed 2 duplicate /gene - ybbW_1 ybbW_2
[17:00:21] Fixed 2 duplicate /gene - napF_1 napF_2
[17:00:21] Fixed 2 duplicate /gene - ybiB_1 ybiB_2
[17:00:21] Fixed 2 duplicate /gene - rlhA_1 rlhA_2
[17:00:21] Fixed 3 duplicate /gene - glnQ_1 glnQ_2 glnQ_3
[17:00:21] Fixed 2 duplicate /gene - sctC_1 sctC_2
[17:00:21] Fixed 3 duplicate /gene - ybiI_1 ybiI_2 ybiI_3
[17:00:21] Fixed 2 duplicate /gene - ydcV_1 ydcV_2
[17:00:21] Fixed 2 duplicate /gene - norR_1 norR_2
[17:00:21] Fixed 5 duplicate /gene - ygdR_1 ygdR_2 ygdR_3 ygdR_4 ygdR_5
[17:00:21] Fixed 2 duplicate /gene - alsT_1 alsT_2
[17:00:21] Fixed 3 duplicate /gene - pdhR_1 pdhR_2 pdhR_3
[17:00:21] Fixed 2 duplicate /gene - pduV_1 pduV_2
[17:00:21] Fixed 2 duplicate /gene - decR_1 decR_2
[17:00:21] Fixed 2 duplicate /gene - artM_1 artM_2
[17:00:21] Fixed 2 duplicate /gene - tfaE_1 tfaE_2
[17:00:21] Fixed 2 duplicate /gene - patB_1 patB_2
[17:00:21] Fixed 2 duplicate /gene - RBKS_1 RBKS_2
[17:00:21] Fixed 2 duplicate /gene - citX_1 citX_2
[17:00:21] Fixed 2 duplicate /gene - yejK_1 yejK_2
[17:00:21] Fixed 2 duplicate /gene - queA_1 queA_2
[17:00:21] Fixed 2 duplicate /gene - kefC_1 kefC_2
[17:00:21] Fixed 2 duplicate /gene - exuT_1 exuT_2
[17:00:21] Fixed 2 duplicate /gene - nagK_1 nagK_2
[17:00:21] Fixed 2 duplicate /gene - yeaD_1 yeaD_2
[17:00:21] Fixed 2 duplicate /gene - thyA_1 thyA_2
[17:00:21] Fixed 2 duplicate /gene - pduA_1 pduA_2
[17:00:21] Fixed 3 duplicate /gene - yecS_1 yecS_2 yecS_3
[17:00:21] Fixed 3 duplicate /gene - ail_1 ail_2 ail_3
[17:00:21] Fixed 2 duplicate /gene - gadX_1 gadX_2
[17:00:21] Fixed 2 duplicate /gene - ftsA_1 ftsA_2
[17:00:21] Fixed 3 duplicate /gene - sutR_1 sutR_2 sutR_3
[17:00:21] Fixed 2 duplicate /gene - hyaA_1 hyaA_2
[17:00:21] Fixed 2 duplicate /gene - gabR_1 gabR_2
[17:00:21] Fixed 2 duplicate /gene - prsE_1 prsE_2
[17:00:21] Fixed 3 duplicate /gene - ttuB_1 ttuB_2 ttuB_3
[17:00:21] Fixed 2 duplicate /gene - yohK_1 yohK_2
[17:00:21] Fixed 2 duplicate /gene - oppC_1 oppC_2
[17:00:21] Fixed 2 duplicate /gene - ulaE_1 ulaE_2
[17:00:21] Fixed 3 duplicate /gene - gatB_1 gatB_2 gatB_3
[17:00:21] Fixed 2 duplicate /gene - prfB_1 prfB_2
[17:00:21] Fixed 5 duplicate /gene - dmlR_1 dmlR_2 dmlR_3 dmlR_4 dmlR_5
[17:00:21] Fixed 2 duplicate /gene - dpaL_1 dpaL_2
[17:00:21] Fixed 2 duplicate /gene - yfdH_1 yfdH_2
[17:00:21] Fixed 2 duplicate /gene - yidZ_1 yidZ_2
[17:00:21] Fixed 2 duplicate /gene - dnaC_1 dnaC_2
[17:00:21] Fixed 3 duplicate /gene - cdaR_1 cdaR_2 cdaR_3
[17:00:21] Fixed 2 duplicate /gene - speF_1 speF_2
[17:00:21] Fixed 2 duplicate /gene - rbsK_1 rbsK_2
[17:00:21] Fixed 2 duplicate /gene - appB_1 appB_2
[17:00:21] Fixed 2 duplicate /gene - dppC_1 dppC_2
[17:00:21] Fixed 6 duplicate /gene - assT_1 assT_2 assT_3 assT_4 assT_5 assT_6
[17:00:21] Fixed 2 duplicate /gene - hyaD_1 hyaD_2
[17:00:21] Fixed 2 duplicate /gene - manZ_1 manZ_2
[17:00:21] Fixed 2 duplicate /gene - tuf1_1 tuf1_2
[17:00:21] Fixed 2 duplicate /gene - ligB_1 ligB_2
[17:00:21] Fixed 2 duplicate /gene - emrE_1 emrE_2
[17:00:21] Fixed 2 duplicate /gene - folP_1 folP_2
[17:00:21] Fixed 2 duplicate /gene - ybdM_1 ybdM_2
[17:00:21] Fixed 2 duplicate /gene - qseC_1 qseC_2
[17:00:21] Fixed 2 duplicate /gene - trmL_1 trmL_2
[17:00:21] Fixed 2 duplicate /gene - sptP_1 sptP_2
[17:00:21] Fixed 2 duplicate /gene - lon_1 lon_2
[17:00:21] Fixed 3 duplicate /gene - garK_1 garK_2 garK_3
[17:00:21] Fixed 2 duplicate /gene - dkgA_1 dkgA_2
[17:00:21] Fixed 2 duplicate /gene - pgrR_1 pgrR_2
[17:00:21] Fixed 3 duplicate /gene - por_1 por_2 por_3
[17:00:21] Fixed 2 duplicate /gene - artJ_1 artJ_2
[17:00:21] Fixed 2 duplicate /gene - comM_1 comM_2
[17:00:21] Fixed 3 duplicate /gene - fhuA_1 fhuA_2 fhuA_3
[17:00:21] Fixed 2 duplicate /gene - vapC_1 vapC_2
[17:00:21] Fixed 2 duplicate /gene - speC_1 speC_2
[17:00:21] Fixed 2 duplicate /gene - glgX_1 glgX_2
[17:00:21] Fixed 2 duplicate /gene - citD_1 citD_2
[17:00:21] Fixed 2 duplicate /gene - lolD_1 lolD_2
[17:00:21] Fixed 2 duplicate /gene - nrdA_1 nrdA_2
[17:00:21] Fixed 2 duplicate /gene - hsrA_1 hsrA_2
[17:00:21] Fixed 4 duplicate /gene - ynfE_1 ynfE_2 ynfE_3 ynfE_4
[17:00:21] Fixed 2 duplicate /gene - proP_1 proP_2
[17:00:21] Fixed 2 duplicate /gene - epmC_1 epmC_2
[17:00:21] Fixed 2 duplicate /gene - citE_1 citE_2
[17:00:21] Fixed 2 duplicate /gene - malP_1 malP_2
[17:00:21] Fixed 2 duplicate /gene - rarD_1 rarD_2
[17:00:21] Fixed 2 duplicate /gene - hyaB_1 hyaB_2
[17:00:21] Fixed 2 duplicate /gene - ubiJ_1 ubiJ_2
[17:00:21] Fixed 3 duplicate /gene - chuR_1 chuR_2 chuR_3
[17:00:21] Fixed 2 duplicate /gene - allS_1 allS_2
[17:00:21] Fixed 5 duplicate /gene - btuD_1 btuD_2 btuD_3 btuD_4 btuD_5
[17:00:21] Fixed 2 duplicate /gene - ftsI_1 ftsI_2
[17:00:21] Fixed 2 duplicate /gene - umuC_1 umuC_2
[17:00:21] Fixed 2 duplicate /gene - kdgM_1 kdgM_2
[17:00:21] Fixed 3 duplicate /gene - dmsC_1 dmsC_2 dmsC_3
[17:00:21] Fixed 2 duplicate /gene - yceI_1 yceI_2
[17:00:21] Fixed 3 duplicate /gene - fruA_1 fruA_2 fruA_3
[17:00:21] Fixed 2 duplicate /gene - rnhA_1 rnhA_2
[17:00:21] Fixed 2 duplicate /gene - exoX_1 exoX_2
[17:00:21] Fixed 2 duplicate /gene - sfmD_1 sfmD_2
[17:00:21] Fixed 2 duplicate /gene - rpe_1 rpe_2
[17:00:21] Fixed 2 duplicate /gene - deoD_1 deoD_2
[17:00:21] Fixed 3 duplicate /gene - hyfA_1 hyfA_2 hyfA_3
[17:00:21] Fixed 3 duplicate /gene - sgrR_1 sgrR_2 sgrR_3
[17:00:21] Fixed 2 duplicate /gene - caf1A_1 caf1A_2
[17:00:21] Fixed 3 duplicate /gene - pncC_1 pncC_2 pncC_3
[17:00:21] Fixed 2 duplicate /gene - nagR_1 nagR_2
[17:00:21] Fixed 2 duplicate /gene - gpFI_1 gpFI_2
[17:00:21] Fixed 2 duplicate /gene - alr_1 alr_2
[17:00:21] Fixed 2 duplicate /gene - fucP_1 fucP_2
[17:00:21] Fixed 2 duplicate /gene - ycaC_1 ycaC_2
[17:00:21] Fixed 2 duplicate /gene - slrP_1 slrP_2
[17:00:21] Fixed 2 duplicate /gene - cobD_1 cobD_2
[17:00:21] Fixed 2 duplicate /gene - ygiW_1 ygiW_2
[17:00:21] Fixed 3 duplicate /gene - adhE_1 adhE_2 adhE_3
[17:00:21] Fixed 2 duplicate /gene - ushA_1 ushA_2
[17:00:21] Fixed 2 duplicate /gene - tdcC_1 tdcC_2
[17:00:21] Fixed 2 duplicate /gene - ibpA_1 ibpA_2
[17:00:21] Fixed 2 duplicate /gene - sfmH_1 sfmH_2
[17:00:21] Fixed 2 duplicate /gene - mepS_1 mepS_2
[17:00:21] Fixed 3 duplicate /gene - mntB_1 mntB_2 mntB_3
[17:00:21] Fixed 2 duplicate /gene - rcsC_1 rcsC_2
[17:00:21] Fixed 3 duplicate /gene - ulaA_1 ulaA_2 ulaA_3
[17:00:21] Fixed 3 duplicate /gene - glcR_1 glcR_2 glcR_3
[17:00:21] Fixed 3 duplicate /gene - fimD_1 fimD_2 fimD_3
[17:00:21] Fixed 2 duplicate /gene - gabP_1 gabP_2
[17:00:21] Fixed 2 duplicate /gene - dnaK_1 dnaK_2
[17:00:21] Fixed 2 duplicate /gene - dgaF_1 dgaF_2
[17:00:21] Fixed 2 duplicate /gene - kdgT_1 kdgT_2
[17:00:21] Fixed 2 duplicate /gene - sbnD_1 sbnD_2
[17:00:21] Fixed 3 duplicate /gene - yadV_1 yadV_2 yadV_3
[17:00:21] Fixed 2 duplicate /gene - mglA_1 mglA_2
[17:00:21] Fixed 2 duplicate /gene - ptsH_1 ptsH_2
[17:00:21] Fixed 3 duplicate /gene - osmY_1 osmY_2 osmY_3
[17:00:21] Fixed 3 duplicate /gene - oxyR_1 oxyR_2 oxyR_3
[17:00:21] Fixed 2 duplicate /gene - pdeN_1 pdeN_2
[17:00:21] Fixed 2 duplicate /gene - fdhF_1 fdhF_2
[17:00:21] Fixed 2 duplicate /gene - ynfF_1 ynfF_2
[17:00:21] Fixed 3 duplicate /gene - acrB_1 acrB_2 acrB_3
[17:00:21] Fixed 2 duplicate /gene - rob_1 rob_2
[17:00:21] Fixed 2 duplicate /gene - intS_1 intS_2
[17:00:21] Fixed 2 duplicate /gene - hemW_1 hemW_2
[17:00:21] Fixed 2 duplicate /gene - lrp_1 lrp_2
[17:00:21] Fixed 2 duplicate /gene - acs_1 acs_2
[17:00:21] Fixed 2 duplicate /gene - dnaE_1 dnaE_2
[17:00:21] Fixed 2 duplicate /gene - sdaA_1 sdaA_2
[17:00:21] Fixed 2 duplicate /gene - glmM_1 glmM_2
[17:00:21] Fixed 2 duplicate /gene - fimF_1 fimF_2
[17:00:21] Fixed 3 duplicate /gene - mdh_1 mdh_2 mdh_3
[17:00:21] Fixed 2 duplicate /gene - ompC_1 ompC_2
[17:00:21] Fixed 2 duplicate /gene - hsdM_1 hsdM_2
[17:00:21] Fixed 2 duplicate /gene - dppB_1 dppB_2
[17:00:21] Fixed 2 duplicate /gene - ybhA_1 ybhA_2
[17:00:21] Fixed 3 duplicate /gene - fadH_1 fadH_2 fadH_3
[17:00:21] Fixed 2 duplicate /gene - symE_1 symE_2
[17:00:21] Fixed 4 duplicate /gene - srlR_1 srlR_2 srlR_3 srlR_4
[17:00:21] Fixed 2 duplicate /gene - topB_1 topB_2
[17:00:21] Fixed 2 duplicate /gene - nanE2_1 nanE2_2
[17:00:21] Fixed 2 duplicate /gene - lptB_1 lptB_2
[17:00:21] Fixed 2 duplicate /gene - fdoG_1 fdoG_2
[17:00:21] Fixed 2 duplicate /gene - dsbA_1 dsbA_2
[17:00:21] Fixed 2 duplicate /gene - rhtC_1 rhtC_2
[17:00:21] Fixed 2 duplicate /gene - tpx_1 tpx_2
[17:00:21] Fixed 3 duplicate /gene - dmsD_1 dmsD_2 dmsD_3
[17:00:21] Fixed 2 duplicate /gene - umuD_1 umuD_2
[17:00:21] Fixed 2 duplicate /gene - pal_1 pal_2
[17:00:21] Fixed 4 duplicate /gene - rhaS_1 rhaS_2 rhaS_3 rhaS_4
[17:00:21] Fixed 2 duplicate /gene - dnaB_1 dnaB_2
[17:00:21] Fixed 2 duplicate /gene - sfmC_1 sfmC_2
[17:00:21] Fixed 3 duplicate /gene - mrdA_1 mrdA_2 mrdA_3
[17:00:21] Fixed 2 duplicate /gene - rcsB_1 rcsB_2
[17:00:21] Fixed 2 duplicate /gene - ybhL_1 ybhL_2
[17:00:21] Fixed 2 duplicate /gene - yhhJ_1 yhhJ_2
[17:00:21] Fixed 2 duplicate /gene - araJ_1 araJ_2
[17:00:21] Fixed 2 duplicate /gene - mshA_1 mshA_2
[17:00:21] Fixed 3 duplicate /gene - uhpC_1 uhpC_2 uhpC_3
[17:00:21] Fixed 2 duplicate /gene - yedI_1 yedI_2
[17:00:21] Fixed 2 duplicate /gene - citC_1 citC_2
[17:00:21] Fixed 2 duplicate /gene - dgaE_1 dgaE_2
[17:00:21] Fixed 2 duplicate /gene - panE_1 panE_2
[17:00:21] Fixed 2 duplicate /gene - tsr_1 tsr_2
[17:00:21] Fixed 2 duplicate /gene - phoH_1 phoH_2
[17:00:21] Fixed 3 duplicate /gene - bcsC_1 bcsC_2 bcsC_3
[17:00:21] Fixed 2 duplicate /gene - fepE_1 fepE_2
[17:00:21] Fixed 3 duplicate /gene - iprA_1 iprA_2 iprA_3
[17:00:21] Fixed 4 duplicate /gene - dmsB_1 dmsB_2 dmsB_3 dmsB_4
[17:00:21] Fixed 2 duplicate /gene - spaP_1 spaP_2
[17:00:21] Fixed 2 duplicate /gene - aaeA_1 aaeA_2
[17:00:21] Fixed 3 duplicate /gene - elfC_1 elfC_2 elfC_3
[17:00:21] Fixed 2 duplicate /gene - grxA_1 grxA_2
[17:00:21] Fixed 2 duplicate /gene - lpp1_1 lpp1_2
[17:00:21] Fixed 3 duplicate /gene - sopA_1 sopA_2 sopA_3
[17:00:21] Fixed 3 duplicate /gene - dinG_1 dinG_2 dinG_3
[17:00:21] Fixed 2 duplicate /gene - citF_1 citF_2
[17:00:21] Fixed 2 duplicate /gene - ydiV_1 ydiV_2
[17:00:21] Fixed 2 duplicate /gene - yihP_1 yihP_2
[17:00:21] Fixed 2 duplicate /gene - caf1M_1 caf1M_2
[17:00:21] Fixed 2 duplicate /gene - ahpC_1 ahpC_2
[17:00:21] Fixed 2 duplicate /gene - hyaC_1 hyaC_2
[17:00:21] Fixed 2 duplicate /gene - yeaR_1 yeaR_2
[17:00:21] Fixed 2 duplicate /gene - benM_1 benM_2
[17:00:21] Fixed 2 duplicate /gene - pknD_1 pknD_2
[17:00:21] Fixed 2 duplicate /gene - treA_1 treA_2
[17:00:21] Fixed 2 duplicate /gene - potA_1 potA_2
[17:00:21] Fixed 2 duplicate /gene - lysA_1 lysA_2
[17:00:21] Fixed 2 duplicate /gene - argP_1 argP_2
[17:00:21] Fixed 2 duplicate /gene - yhaJ_1 yhaJ_2
[17:00:21] Fixed 2 duplicate /gene - ccmF_1 ccmF_2
[17:00:21] Fixed 2 duplicate /gene - metQ_1 metQ_2
[17:00:21] Fixed 3 duplicate /gene - cysH_1 cysH_2 cysH_3
[17:00:21] Fixed 2 duplicate /gene - marA_1 marA_2
[17:00:21] Fixed 2 duplicate /gene - aspT_1 aspT_2
[17:00:21] Fixed 2 duplicate /gene - dauR_1 dauR_2
[17:00:21] Fixed 2 duplicate /gene - acpP_1 acpP_2
[17:00:21] Fixed 2 duplicate /gene - dacD_1 dacD_2
[17:00:21] Fixed 3 duplicate /gene - hdfR_1 hdfR_2 hdfR_3
[17:00:21] Fixed 2 duplicate /gene - ydfZ_1 ydfZ_2
[17:00:21] Fixed 7 duplicate /gene - xerC_1 xerC_2 xerC_3 xerC_4 xerC_5 xerC_6 xerC_7
[17:00:21] Fixed 2 duplicate /gene - malT_1 malT_2
[17:00:21] Fixed 2 duplicate /gene - topA_1 topA_2
[17:00:21] Fixed 2 duplicate /gene - COQ3_1 COQ3_2
[17:00:21] Fixed 4 duplicate /gene - dam_1 dam_2 dam_3 dam_4
[17:00:21] Fixed 3 duplicate /gene - ybdO_1 ybdO_2 ybdO_3
[17:00:21] Fixed 2 duplicate /gene - menH_1 menH_2
[17:00:21] Fixed 2 duplicate /gene - lldR_1 lldR_2
[17:00:21] Fixed 2 duplicate /gene - papC_1 papC_2
[17:00:21] Fixed 3 duplicate /gene - dinI_1 dinI_2 dinI_3
[17:00:21] Fixed 2 duplicate /gene - mltF_1 mltF_2
[17:00:21] Fixed 2 duplicate /gene - tcyP_1 tcyP_2
[17:00:21] Fixed 2 duplicate /gene - rcnA_1 rcnA_2
[17:00:21] Fixed 2 duplicate /gene - mlrA_1 mlrA_2
[17:00:21] Fixed 2 duplicate /gene - yjiK_1 yjiK_2
[17:00:21] Fixed 2 duplicate /gene - gdhA_1 gdhA_2
[17:00:21] Fixed 2 duplicate /gene - metN_1 metN_2
[17:00:21] Fixed 2 duplicate /gene - livJ_1 livJ_2
[17:00:21] Fixed 2 duplicate /gene - yhcH_1 yhcH_2
[17:00:21] Fixed 2 duplicate /gene - yidA_1 yidA_2
[17:00:21] Fixed 2 duplicate /gene - rsxB_1 rsxB_2
[17:00:21] Fixed 2 duplicate /gene - yajL_1 yajL_2
[17:00:21] Fixed 2 duplicate /gene - arcA_1 arcA_2
[17:00:21] Fixed 2 duplicate /gene - fliY_1 fliY_2
[17:00:21] Fixed 2 duplicate /gene - rspA_1 rspA_2
[17:00:21] Fixed 2 duplicate /gene - dsbD_1 dsbD_2
[17:00:21] Fixed 2 duplicate /gene - aaeB_1 aaeB_2
[17:00:21] Fixed 3 duplicate /gene - dmsA_1 dmsA_2 dmsA_3
[17:00:21] Fixed 2 duplicate /gene - pnuC_1 pnuC_2
[17:00:21] Fixed 3 duplicate /gene - gatC_1 gatC_2 gatC_3
[17:00:21] Fixed 2 duplicate /gene - ssb_1 ssb_2
[17:00:21] Fixed 4 duplicate /gene - gntR_1 gntR_2 gntR_3 gntR_4
[17:00:21] Fixed 2 duplicate /gene - tdh_1 tdh_2
[17:00:21] Fixed 2 duplicate /gene - glyA_1 glyA_2
[17:00:21] Fixed 2 duplicate /gene - spaQ_1 spaQ_2
[17:00:21] Fixed 2 duplicate /gene - cysE_1 cysE_2
[17:00:21] Fixed 2 duplicate /gene - gabD1_1 gabD1_2
[17:00:21] Fixed 2 duplicate /gene - yjhB_1 yjhB_2
[17:00:21] Fixed 2 duplicate /gene - mngR_1 mngR_2
[17:00:21] Fixed 2 duplicate /gene - nlpD_1 nlpD_2
[17:00:21] Fixed 2 duplicate /gene - rcsA_1 rcsA_2
[17:00:21] Fixed 3 duplicate /gene - ulaC_1 ulaC_2 ulaC_3
[17:00:21] Fixed 2 duplicate /gene - gltC_1 gltC_2
[17:00:21] Fixed 2 duplicate /gene - astA_1 astA_2
[17:00:21] Fixed 2 duplicate /gene - kbp_1 kbp_2
[17:00:21] Fixed 2 duplicate /gene - gatZ_1 gatZ_2
[17:00:21] Fixed 2 duplicate /gene - argR_1 argR_2
[17:00:21] Fixed 2 duplicate /gene - preA_1 preA_2
[17:00:21] Fixed 2 duplicate /gene - proV_1 proV_2
[17:00:21] Fixed 2 duplicate /gene - ompN_1 ompN_2
[17:00:21] Fixed 2 duplicate /gene - cybB_1 cybB_2
[17:00:21] Fixed 2 duplicate /gene - tolC_1 tolC_2
[17:00:21] Fixed 2 duplicate /gene - cbiM_1 cbiM_2
[17:00:21] Fixed 3 duplicate /gene - dlsT_1 dlsT_2 dlsT_3
[17:00:21] Fixed 2 duplicate /gene - leuO_1 leuO_2
[17:00:21] Fixed 2 duplicate /gene - intA_1 intA_2
[17:00:21] Fixed 2 duplicate /gene - deoR_1 deoR_2
[17:00:21] Fixed 2 duplicate /gene - rfbD_1 rfbD_2
[17:00:21] Fixed 2 duplicate /gene - norV_1 norV_2
[17:00:21] Fixed 2 duplicate /gene - proA_1 proA_2
[17:00:21] Fixed 2 duplicate /gene - spaR_1 spaR_2
[17:00:21] Fixed 2 duplicate /gene - glpK_1 glpK_2
[17:00:21] Fixed 303 colliding /gene names.
[17:00:21] Adding /locus_tag identifiers
[17:00:21] Assigned 4772 locus_tags to CDS and RNA features.
[17:00:21] Writing outputs to prokka_result//
[17:00:23] Generating annotation statistics file
[17:00:23] Generating Genbank and Sequin files
[17:00:23] Running: tbl2asn -V b -a r10k -l paired-ends -M n -N 1 -y 'Annotated using prokka 1.14.6 from https://github.com/tseemann/prokka' -Z prokka_result\/\/ABCD\.err -i prokka_result\/\/ABCD\.fsa 2> /dev/null
[17:00:28] Deleting unwanted file: prokka_result//errorsummary.val
[17:00:28] Deleting unwanted file: prokka_result//ABCD.dr
[17:00:28] Deleting unwanted file: prokka_result//ABCD.fixedproducts
[17:00:28] Deleting unwanted file: prokka_result//ABCD.ecn
[17:00:28] Deleting unwanted file: prokka_result//ABCD.val
[17:00:28] Repairing broken .GBK output that tbl2asn produces...
[17:00:28] Running: sed 's/COORDINATES: profile/COORDINATES:profile/' < prokka_result\/\/ABCD\.gbf > prokka_result\/\/ABCD\.gbk
[17:00:28] Deleting unwanted file: prokka_result//ABCD.gbf
[17:00:28] Output files:
[17:00:28] prokka_result/ABCD.gff
[17:00:28] prokka_result/ABCD.log
[17:00:28] prokka_result/ABCD.err
[17:00:28] prokka_result/ABCD.faa
[17:00:28] prokka_result/ABCD.sqn
[17:00:28] prokka_result/ABCD.fna
[17:00:28] prokka_result/ABCD.gbk
[17:00:28] prokka_result/ABCD.tsv
[17:00:28] prokka_result/ABCD.txt
[17:00:28] prokka_result/ABCD.ffn
[17:00:28] prokka_result/ABCD.fsa
[17:00:28] prokka_result/ABCD.tbl
[17:00:28] Annotation finished successfully.
[17:00:28] Walltime used: 1.02 minutes
[17:00:28] If you use this result please cite the Prokka paper:
[17:00:28] Seemann T (2014) Prokka: rapid prokaryotic genome annotation. Bioinformatics. 30(14):2068-9.
[17:00:28] Type 'prokka --citation' for more details.
[17:00:28] Share and enjoy!
