[12:04:31] This is prokka 1.14.6
[12:04:31] Written by Torsten Seemann <torsten.seemann@gmail.com>
[12:04:31] Homepage is https://github.com/tseemann/prokka
[12:04:31] Local time is Mon Sep 11 12:04:31 2023
[12:04:31] You are asus
[12:04:31] Operating system is linux
[12:04:31] You have BioPerl 1.7.8
[12:04:31] System has 16 cores.
[12:04:31] Option --cpu asked for 100 cores, but system only has 16
[12:04:31] Will use maximum of 16 cores.
[12:04:31] Annotating as >>> Bacteria <<<
[12:04:31] Re-using existing --outdir Prokka_output
[12:04:31] Using filename prefix: ERR2663496.XXX
[12:04:31] Setting HMMER_NCPU=1
[12:04:31] Writing log to: Prokka_output/ERR2663496.log
[12:04:31] Command: /home/asus/miniconda3/envs/bioinfo/bin/prokka --outdir Prokka_output --cpus 100 --gcode 11 --prefix ERR2663496 --locustag ERR2663496 --quiet ERR2663496.fasta --force
[12:04:31] Appending to PATH: /home/asus/miniconda3/envs/bioinfo/bin
[12:04:31] Looking for 'aragorn' - found /home/asus/miniconda3/envs/bioinfo/bin/aragorn
[12:04:31] Determined aragorn version is 001002 from 'ARAGORN v1.2.41 Dean Laslett'
[12:04:31] Looking for 'barrnap' - found /home/asus/miniconda3/envs/bioinfo/bin/barrnap
[12:04:31] Determined barrnap version is 000009 from 'barrnap 0.9'
[12:04:31] Looking for 'blastp' - found /home/asus/miniconda3/envs/bioinfo/bin/blastp
[12:04:31] Determined blastp version is 002013 from 'blastp: 2.13.0+'
[12:04:31] Looking for 'cmpress' - found /home/asus/miniconda3/envs/bioinfo/bin/cmpress
[12:04:31] Determined cmpress version is 001001 from '# INFERNAL 1.1.4 (Dec 2020)'
[12:04:31] Looking for 'cmscan' - found /home/asus/miniconda3/envs/bioinfo/bin/cmscan
[12:04:31] Determined cmscan version is 001001 from '# INFERNAL 1.1.4 (Dec 2020)'
[12:04:31] Looking for 'egrep' - found /usr/bin/egrep
[12:04:31] Looking for 'find' - found /usr/bin/find
[12:04:31] Looking for 'grep' - found /usr/bin/grep
[12:04:31] Looking for 'hmmpress' - found /home/asus/miniconda3/envs/bioinfo/bin/hmmpress
[12:04:31] Determined hmmpress version is 003003 from '# HMMER 3.3.2 (Nov 2020); http://hmmer.org/'
[12:04:31] Looking for 'hmmscan' - found /home/asus/miniconda3/envs/bioinfo/bin/hmmscan
[12:04:31] Determined hmmscan version is 003003 from '# HMMER 3.3.2 (Nov 2020); http://hmmer.org/'
[12:04:31] Looking for 'java' - found /home/asus/miniconda3/envs/bioinfo/bin/java
[12:04:31] Looking for 'makeblastdb' - found /home/asus/miniconda3/envs/bioinfo/bin/makeblastdb
[12:04:31] Determined makeblastdb version is 002013 from 'makeblastdb: 2.13.0+'
[12:04:31] Looking for 'minced' - found /home/asus/miniconda3/envs/bioinfo/bin/minced
[12:04:31] Determined minced version is 004002 from 'minced 0.4.2'
[12:04:31] Looking for 'parallel' - found /home/asus/miniconda3/envs/bioinfo/bin/parallel
[12:04:31] Determined parallel version is 20230322 from 'GNU parallel 20230322'
[12:04:31] Looking for 'prodigal' - found /home/asus/miniconda3/envs/bioinfo/bin/prodigal
[12:04:31] Determined prodigal version is 002006 from 'Prodigal V2.6.3: February, 2016'
[12:04:31] Looking for 'prokka-genbank_to_fasta_db' - found /home/asus/miniconda3/envs/bioinfo/bin/prokka-genbank_to_fasta_db
[12:04:31] Looking for 'sed' - found /home/asus/miniconda3/envs/bioinfo/bin/sed
[12:04:31] Looking for 'tbl2asn' - found /home/asus/miniconda3/envs/bioinfo/bin/tbl2asn
[12:04:31] Determined tbl2asn version is 025007 from 'tbl2asn 25.7   arguments:'
[12:04:31] Using genetic code table 11.
[12:04:31] Loading and checking input file: ERR2663496.fasta
[12:04:31] Wrote 61 contigs totalling 4834675 bp.
[12:04:31] Predicting tRNAs and tmRNAs
[12:04:31] Running: aragorn -l -gc11  -w Prokka_output\/ERR2663496\.fna
[12:04:32] 1 tRNA-Pro c[7099,7175] 35 (ggg)
[12:04:32] 2 tRNA-Asn c[250729,250804] 34 (gtt)
[12:04:32] 3 tRNA-Asn [252562,252637] 34 (gtt)
[12:04:32] 4 tRNA-Asn c[278552,278627] 34 (gtt)
[12:04:32] 5 tRNA-Asn c[279175,279250] 34 (gtt)
[12:04:32] 6 tRNA-Ser [280237,280326] 35 (cga)
[12:04:32] 7 tRNA-Gly [326152,326227] 34 (gcc)
[12:04:32] 8 tRNA-Cys [326280,326353] 33 (gca)
[12:04:32] 9 tRNA-Leu [326365,326451] 35 (taa)
[12:04:32] 1 tRNA-SeC c[64026,64120] 35 (tca)
[12:04:32] 2 tRNA-Pro [185188,185264] 35 (cgg)
[12:04:32] 1 tRNA-Leu [60879,60963] 35 (caa)
[12:04:32] 2 tRNA-Leu c[144443,144529] 35 (cag)
[12:04:32] 3 tRNA-Leu c[144561,144647] 35 (cag)
[12:04:32] 4 tRNA-Leu c[144675,144761] 35 (cag)
[12:04:32] 5 tRNA-Arg [171195,171288] 38 (cct)
[12:04:32] 1 tRNA-Phe [9433,9508] 34 (gaa)
[12:04:32] 2 tRNA-Met [113407,113482] 34 (cat)
[12:04:32] 3 tRNA-Met c[191217,191293] 35 (cat)
[12:04:32] 4 tRNA-Leu c[193178,193264] 35 (gag)
[12:04:32] 1 tRNA-Arg [53974,54050] 35 (tcg)
[12:04:32] 2 tRNA-Arg c[53990,54066] 35 (acg)
[12:04:32] 3 tRNA-Arg c[54263,54339] 35 (acg)
[12:04:32] 4 tRNA-Arg c[54402,54478] 35 (acg)
[12:04:32] 5 tRNA-Arg c[54541,54618] 36 (acg)
[12:04:32] 6 tRNA-Ser c[54622,54714] 35 (gct)
[12:04:32] 7 tRNA-Met [227805,227881] 35 (cat)
[12:04:32] 8 tRNA-Met [227911,227987] 35 (cat)
[12:04:32] 1 tRNA-Ser [144186,144273] 35 (gga)
[12:04:32] 1 tRNA-Lys c[69917,69992] 34 (ttt)
[12:04:32] 2 tRNA-Lys c[70127,70202] 34 (ttt)
[12:04:32] 3 tRNA-Lys c[70347,70420] 34 (ttt)
[12:04:32] 4 tRNA-Met [149170,149246] 35 (cat)
[12:04:32] 5 tRNA-Leu [149255,149339] 35 (tag)
[12:04:32] 6 tRNA-Gln [149363,149437] 33 (ttg)
[12:04:32] 7 tRNA-Gln [149473,149547] 33 (ttg)
[12:04:32] 8 tRNA-Met [149563,149639] 35 (cat)
[12:04:32] 9 tRNA-Gln [149686,149760] 33 (ctg)
[12:04:32] 1 tRNA-Thr c[67956,68031] 34 (cgt)
[12:04:32] 2 tRNA-Asp c[143961,144037] 35 (gtc)
[12:04:32] 1 tRNA-Arg [97563,97639] 35 (tct)
[12:04:32] 1 tRNA-Arg c[15000,15074] 34 (cct)
[12:04:32] 1 tRNA-Val [53185,53261] 35 (gac)
[12:04:32] 2 tRNA-Val [53272,53348] 35 (gac)
[12:04:32] 1 tRNA-Phe c[56581,56656] 34 (gaa)
[12:04:32] 2 tRNA-Gly [86509,86584] 34 (gcc)
[12:04:32] 3 tRNA-Gly [86741,86816] 34 (gcc)
[12:04:32] 1 tRNA-Asn c[24898,24972] 33 (gtt)
[12:04:32] 1 tRNA-Ser [43340,43427] 35 (gga)
[12:04:32] 1 tRNA-Pro c[8092,8168] 35 (tgg)
[12:04:32] 2 tRNA-Leu c[8211,8297] 35 (cag)
[12:04:32] 3 tRNA-His c[8318,8393] 34 (gtg)
[12:04:32] 4 tRNA-Arg c[8448,8524] 35 (ccg)
[12:04:32] 1 tRNA-Gly c[32460,32533] 33 (ccc)
[12:04:32] 1 tRNA-Ala c[12969,13044] 34 (ggc)
[12:04:32] 2 tRNA-Ala c[13087,13162] 34 (ggc)
[12:04:32] 3 tRNA-Val [15868,15943] 34 (tac)
[12:04:32] 4 tRNA-Val [15989,16064] 34 (tac)
[12:04:32] 5 tRNA-Val [16106,16181] 34 (tac)
[12:04:32] 6 tRNA-Lys [16186,16261] 34 (ttt)
[12:04:32] 1 tmRNA [41490,41852] 91,126 ANDETYALAA**
[12:04:32] 1 tRNA-Thr [142,217] 34 (ggt)
[12:04:32] 1 tRNA-Arg [10476,10552] 35 (cct)
[12:04:32] 2 tRNA-Arg [22935,23011] 35 (tct)
[12:04:32] 1 tRNA-Thr [3487,3562] 34 (tgt)
[12:04:32] 2 tRNA-Tyr [3571,3655] 35 (gta)
[12:04:32] 3 tRNA-Gly [3772,3846] 34 (tcc)
[12:04:32] 4 tRNA-Thr [3853,3928] 34 (ggt)
[12:04:32] 1 tRNA-Ser c[33,120] 35 (tga)
[12:04:32] 1 tRNA-Trp c[1394,1469] 34 (cca)
[12:04:32] 1 tRNA-Ile [21,97] 35 (gat)
[12:04:32] 2 tRNA-Ala [209,284] 34 (tgc)
[12:04:32] Found 72 tRNAs
[12:04:32] Predicting Ribosomal RNAs
[12:04:32] Running Barrnap with 16 threads
[12:04:33] 1 30 259 5S ribosomal RNA
[12:04:33] 2 48 13 5S ribosomal RNA
[12:04:33] 3 48 229 23S ribosomal RNA
[12:04:33] 4 53 51 16S ribosomal RNA
[12:04:33] Found 4 rRNAs
[12:04:33] Skipping ncRNA search, enable with --rfam if desired.
[12:04:33] Total of 75 tRNA + rRNA features
[12:04:33] Searching for CRISPR repeats
[12:04:33] CRISPR1 5 157350 with 7 spacers
[12:04:33] Found 1 CRISPRs
[12:04:33] Predicting coding sequences
[12:04:33] Contigs total 4834675 bp, so using single mode
[12:04:33] Running: prodigal -i Prokka_output\/ERR2663496\.fna -c -m -g 11 -p single -f sco -q
[12:04:35] Excluding CDS which overlaps existing RNA (tRNA) at 1:326123..326593 on - strand
[12:04:35] Excluding CDS which overlaps existing RNA (tRNA) at 3:60764..60982 on - strand
[12:04:35] Excluding CDS which overlaps existing RNA (tRNA) at 3:170884..171531 on + strand
[12:04:36] Excluding CDS which overlaps existing RNA (tRNA) at 8:149318..149560 on - strand
[12:04:37] Excluding CDS which overlaps existing RNA (rRNA) at 53:150..404 on - strand
[12:04:37] Found 4696 CDS
[12:04:37] Connecting features back to sequences
[12:04:37] Not using genus-specific database. Try --usegenus to enable it.
[12:04:37] Annotating CDS, please be patient.
[12:04:37] Will use 16 CPUs for similarity searching.
[12:04:38] There are still 4696 unannotated CDS left (started with 4696)
[12:04:38] Will use blast to search against /home/asus/miniconda3/envs/bioinfo/db/kingdom/Bacteria/IS with 16 CPUs
[12:04:38] Running: cat Prokka_output\/ERR2663496\.IS\.tmp\.4833\.faa | parallel --gnu --plain -j 16 --block 44814 --recstart '>' --pipe blastp -query - -db /home/asus/miniconda3/envs/bioinfo/db/kingdom/Bacteria/IS -evalue 1e-30 -qcov_hsp_perc 90 -num_threads 1 -num_descriptions 1 -num_alignments 1 -seg no > Prokka_output\/ERR2663496\.IS\.tmp\.4833\.blast 2> /dev/null
[12:04:44] Deleting unwanted file: Prokka_output/ERR2663496.IS.tmp.4833.faa
[12:04:44] Deleting unwanted file: Prokka_output/ERR2663496.IS.tmp.4833.blast
[12:04:45] There are still 4676 unannotated CDS left (started with 4696)
[12:04:45] Will use blast to search against /home/asus/miniconda3/envs/bioinfo/db/kingdom/Bacteria/AMR with 16 CPUs
[12:04:45] Running: cat Prokka_output\/ERR2663496\.AMR\.tmp\.4833\.faa | parallel --gnu --plain -j 16 --block 44660 --recstart '>' --pipe blastp -query - -db /home/asus/miniconda3/envs/bioinfo/db/kingdom/Bacteria/AMR -evalue 1e-300 -qcov_hsp_perc 90 -num_threads 1 -num_descriptions 1 -num_alignments 1 -seg no > Prokka_output\/ERR2663496\.AMR\.tmp\.4833\.blast 2> /dev/null
[12:04:49] Deleting unwanted file: Prokka_output/ERR2663496.AMR.tmp.4833.faa
[12:04:49] Deleting unwanted file: Prokka_output/ERR2663496.AMR.tmp.4833.blast
[12:04:50] There are still 4676 unannotated CDS left (started with 4696)
[12:04:50] Will use blast to search against /home/asus/miniconda3/envs/bioinfo/db/kingdom/Bacteria/sprot with 16 CPUs
[12:04:50] Running: cat Prokka_output\/ERR2663496\.sprot\.tmp\.4833\.faa | parallel --gnu --plain -j 16 --block 44660 --recstart '>' --pipe blastp -query - -db /home/asus/miniconda3/envs/bioinfo/db/kingdom/Bacteria/sprot -evalue 1e-09 -qcov_hsp_perc 80 -num_threads 1 -num_descriptions 1 -num_alignments 1 -seg no > Prokka_output\/ERR2663496\.sprot\.tmp\.4833\.blast 2> /dev/null
[12:05:12] Modify product: Uncharacterized HTH-type transcriptional regulator YbdO => putative HTH-type transcriptional regulator YbdO
[12:05:12] Modify product: Probable fimbrial chaperone SfmC => putative fimbrial chaperone SfmC
[12:05:12] Modify product: Probable outer membrane usher protein ElfC => putative outer membrane usher protein ElfC
[12:05:12] Modify product: Probable outer membrane usher protein ElfC => putative outer membrane usher protein ElfC
[12:05:12] Modify product: Uncharacterized fimbrial-like protein SfmH => putative fimbrial-like protein SfmH
[12:05:12] Modify product: Uncharacterized fimbrial-like protein YcbU => putative fimbrial-like protein YcbU
[12:05:12] Modify product: Uncharacterized fimbrial chaperone YcbF => putative fimbrial chaperone YcbF
[12:05:12] Modify product: Uncharacterized protein HI_0341 => putative protein
[12:05:12] Modify product: Probable Fe(2+)-trafficking protein => putative Fe(2+)-trafficking protein
[12:05:12] Modify product: Uncharacterized protein HI_1472 => putative protein
[12:05:12] Modify product: Probable Ni/Fe-hydrogenase 2 b-type cytochrome subunit => putative Ni/Fe-hydrogenase 2 b-type cytochrome subunit
[12:05:12] Modify product: Uncharacterized oxidoreductase YghA => putative oxidoreductase YghA
[12:05:12] Modify product: Probable quinol monooxygenase YgiN => putative quinol monooxygenase YgiN
[12:05:12] Modify product: Uncharacterized lipoprotein GfcB => putative lipoprotein GfcB
[12:05:12] Modify product: Uncharacterized protein YccU => putative protein YccU
[12:05:12] Modify product: UPF0319 protein HI_1681 => hypothetical protein
[12:05:12] Modify product: Uncharacterized protein YcbX => putative protein YcbX
[12:05:12] Modify product: Uncharacterized protein HI_1410 => putative protein
[12:05:12] Modify product: Probable L,D-transpeptidase YcbB => putative L,D-transpeptidase YcbB
[12:05:12] Modify product: UPF0434 protein YcaR => hypothetical protein
[12:05:13] Modify product: Probable formate transporter 1 => putative formate transporter 1
[12:05:13] Modify product: UPF0265 protein YeeX => hypothetical protein
[12:05:13] Modify product: Probable propionate kinase => putative propionate kinase
[12:05:13] Modify product: Probable cobalt-factor III C(17)-methyltransferase => putative cobalt-factor III C(17)-methyltransferase
[12:05:13] Modify product: Probable L,D-transpeptidase ErfK/SrfK => putative L,D-transpeptidase ErfK/SrfK
[12:05:13] Modify product: Probable FMN/FAD exporter YeeO => putative FMN/FAD exporter YeeO
[12:05:13] Modify product: Uncharacterized protein YedJ => putative protein YedJ
[12:05:13] Modify product: Uncharacterized inner membrane transporter YedA => putative inner membrane transporter YedA
[12:05:13] Modify product: Probable diguanylate cyclase DgcQ => putative diguanylate cyclase DgcQ
[12:05:13] Modify product: Probable UbiX-like flavin prenyltransferase => putative UbiX-like flavin prenyltransferase
[12:05:13] Modify product: Probable fimbrial chaperone YfcS => putative fimbrial chaperone YfcS
[12:05:13] Modify product: Uncharacterized fimbrial-like protein YfcR => putative fimbrial-like protein YfcR
[12:05:13] Modify product: Uncharacterized fimbrial-like protein YfcQ => putative fimbrial-like protein YfcQ
[12:05:13] Modify product: Uncharacterized fimbrial-like protein YfcP => putative fimbrial-like protein YfcP
[12:05:13] Modify product: Probable glucarate transporter => putative glucarate transporter
[12:05:13] Modify product: Uncharacterized protein PA3435 => putative protein
[12:05:13] Modify product: Uncharacterized protein YqcC => putative protein YqcC
[12:05:13] Modify product: Uncharacterized HTH-type transcriptional regulator YdjF => putative HTH-type transcriptional regulator YdjF
[12:05:13] Modify product: UPF0382 inner membrane protein YgdD => hypothetical protein
[12:05:13] Modify product: Uncharacterized lipoprotein YgdR => putative lipoprotein YgdR
[12:05:13] Modify product: Uncharacterized protein YbdM => putative protein YbdM
[12:05:13] Modify product: Probable Ni/Fe-hydrogenase 1 B-type cytochrome subunit => putative Ni/Fe-hydrogenase 1 B-type cytochrome subunit
[12:05:13] Modify product: Uncharacterized inner membrane transporter YicL => putative inner membrane transporter YicL
[12:05:13] Modify product: Probable hydrolase YcaC => putative hydrolase YcaC
[12:05:13] Modify product: UPF0126 inner membrane protein YicG => hypothetical protein
[12:05:13] Modify product: UPF0701 protein YicC => hypothetical protein
[12:05:13] Modify product: UPF0758 protein SP_1088 => hypothetical protein
[12:05:13] Modify product: Uncharacterized glycosyltransferase EpsJ => putative glycosyltransferase EpsJ
[12:05:13] Modify product: Uncharacterized protein HI_0755 => putative protein
[12:05:13] Modify product: Uncharacterized protein YibN => putative protein YibN
[12:05:13] Modify product: Probable glucarate transporter => putative glucarate transporter
[12:05:13] Modify product: Probable glucarate transporter => putative glucarate transporter
[12:05:13] Modify product: Uncharacterized protein YjiK => putative protein YjiK
[12:05:13] Modify product: Probable transcriptional regulatory protein YeeN => putative transcriptional regulatory protein YeeN
[12:05:13] Modify product: UPF0442 protein YjjB => hypothetical protein
[12:05:13] Modify product: Uncharacterized metal-dependent hydrolase YjjV => putative metal-dependent hydrolase YjjV
[12:05:13] Modify product: Uncharacterized protein YjjI => putative protein YjjI
[12:05:13] Modify product: Probable inner membrane protein Smp => putative inner membrane protein Smp
[12:05:13] Modify product: Probable fimbrial chaperone LpfB => putative fimbrial chaperone LpfB
[12:05:13] Modify product: Uncharacterized protein YjiK => putative protein YjiK
[12:05:13] Modify product: Uncharacterized ferredoxin-like protein YdhX => putative ferredoxin-like protein YdhX
[12:05:13] Modify product: Probable cyclic di-GMP phosphodiesterase PdeC => putative cyclic di-GMP phosphodiesterase PdeC
[12:05:13] Modify product: Uncharacterized protein YjbR => putative protein YjbR
[12:05:13] Modify product: UPF0337 protein YjbJ => hypothetical protein
[12:05:13] Modify product: UPF0394 inner membrane protein YedE => hypothetical protein
[12:05:13] Modify product: Probable transcriptional regulatory protein YebC => putative transcriptional regulatory protein YebC
[12:05:13] Modify product: Uncharacterized protein YdfO => putative protein YdfO
[12:05:13] Modify product: Uncharacterized protein YebV => putative protein YebV
[12:05:13] Modify product: Probable manganese efflux pump MntP => putative manganese efflux pump MntP
[12:05:13] Modify product: UPF0266 membrane protein YobD => hypothetical protein
[12:05:13] Modify product: UPF0053 inner membrane protein YoaE => hypothetical protein
[12:05:13] Modify product: Probable cyclic di-GMP phosphodiesterase PdeD => putative cyclic di-GMP phosphodiesterase PdeD
[12:05:13] Modify product: Probable ATP-dependent DNA helicase YoaA => putative ATP-dependent DNA helicase YoaA
[12:05:13] Modify product: Uncharacterized protein YcgM => putative protein YcgM
[12:05:13] Modify product: Uncharacterized protein YeaR => putative protein YeaR
[12:05:13] Modify product: Probable zinc-binding alcohol dehydrogenase Rv1895 => putative zinc-binding alcohol dehydrogenase
[12:05:13] Modify product: UPF0126 inner membrane protein YadS => hypothetical protein
[12:05:13] Modify product: Uncharacterized fimbrial-like protein YadN => putative fimbrial-like protein YadN
[12:05:13] Modify product: Probable fimbrial chaperone YadV => putative fimbrial chaperone YadV
[12:05:13] Modify product: Uncharacterized fimbrial-like protein YadM => putative fimbrial-like protein YadM
[12:05:13] Modify product: Uncharacterized fimbrial-like protein YadL => putative fimbrial-like protein YadL
[12:05:13] Modify product: Uncharacterized fimbrial-like protein YadK => putative fimbrial-like protein YadK
[12:05:13] Modify product: Uncharacterized fimbrial-like protein YadC => putative fimbrial-like protein YadC
[12:05:13] Modify product: Uncharacterized ABC transporter ATP-binding protein YadG => putative ABC transporter ATP-binding protein YadG
[12:05:13] Modify product: UPF0231 protein YacL => hypothetical protein
[12:05:13] Modify product: Probable peptidoglycan glycosyltransferase FtsW => putative peptidoglycan glycosyltransferase FtsW
[12:05:13] Modify product: Probable siderophore transport system ATP-binding protein YusV => putative siderophore transport system ATP-binding protein YusV
[12:05:13] Modify product: GTP cyclohydrolase 1 type 2 homolog => GTP cyclohydrolase 1 type 2 
[12:05:13] Modify product: Uncharacterized protein YbfE => putative protein YbfE
[12:05:13] Modify product: Uncharacterized lipoprotein ChiQ => putative lipoprotein ChiQ
[12:05:13] Modify product: UPF0250 protein YbeD => hypothetical protein
[12:05:13] Modify product: Uncharacterized HTH-type transcriptional regulator YbdO => putative HTH-type transcriptional regulator YbdO
[12:05:13] Modify product: Probable glycerol-3-phosphate acyltransferase => putative glycerol-3-phosphate acyltransferase
[12:05:13] Modify product: Uncharacterized protein YqjD => putative protein YqjD
[12:05:13] Modify product: UPF0597 protein YhaM => hypothetical protein
[12:05:13] Modify product: Probable serine transporter => putative serine transporter
[12:05:13] Modify product: Probable serine transporter => putative serine transporter
[12:05:13] Modify product: Uncharacterized protease YhbU => putative protease YhbU
[12:05:13] Modify product: Uncharacterized inner membrane transporter YhbE => putative inner membrane transporter YhbE
[12:05:13] Modify product: Uncharacterized protein YrbL => putative protein YrbL
[12:05:13] Modify product: Uncharacterized protein YhcH => putative protein YhcH
[12:05:13] Modify product: Multidrug efflux ATP-binding/permease protein BCG_0231 => Multidrug efflux ATP-binding/permease protein
[12:05:13] Modify product: Probable HTH-type transcriptional regulator YgaV => putative HTH-type transcriptional regulator YgaV
[12:05:13] Modify product: Uncharacterized protein YgaM => putative protein YgaM
[12:05:13] Modify product: Probable transporter SCO4007 => putative transporter
[12:05:13] Modify product: Uncharacterized periplasmic iron-binding protein HI_0362 => putative periplasmic iron-binding protein
[12:05:13] Modify product: Probable ATP synthase SpaL => putative ATP synthase SpaL
[12:05:13] Modify product: Uncharacterized protein YibL => putative protein YibL
[12:05:13] Modify product: Uncharacterized GST-like protein YibF => putative GST-like protein YibF
[12:05:13] Modify product: Uncharacterized protein YiaX1 => putative protein YiaX1
[12:05:13] Modify product: Uncharacterized protein YhcH => putative protein YhcH
[12:05:13] Modify product: Uncharacterized N-acetyltransferase YafP => putative N-acetyltransferase YafP
[12:05:13] Modify product: Probable lipoprotein YiaD => putative lipoprotein YiaD
[12:05:13] Modify product: Probable cyclic di-GMP phosphodiesterase PdeK => putative cyclic di-GMP phosphodiesterase PdeK
[12:05:13] Modify product: Uncharacterized protein HI_0933 => putative protein
[12:05:13] Modify product: RutC family protein HI_0719 => RutC family protein
[12:05:13] Modify product: Uncharacterized MFS-type transporter YhhS => putative MFS-type transporter YhhS
[12:05:13] Modify product: UPF0352 protein YejL => hypothetical protein
[12:05:13] Modify product: Uncharacterized protein YejG => putative protein YejG
[12:05:13] Modify product: Uncharacterized ABC transporter ATP-binding protein YejF => putative ABC transporter ATP-binding protein YejF
[12:05:13] Modify product: Probable cyclic di-GMP phosphodiesterase PdeN => putative cyclic di-GMP phosphodiesterase PdeN
[12:05:13] Modify product: UPF0153 protein YeiW => hypothetical protein
[12:05:13] Modify product: UPF0324 inner membrane protein YeiH => hypothetical protein
[12:05:13] Modify product: UPF0299 membrane protein YohJ => hypothetical protein
[12:05:13] Modify product: Uncharacterized oxidoreductase YohF => putative oxidoreductase YohF
[12:05:13] Modify product: UPF0387 membrane protein YohO => hypothetical protein
[12:05:13] Modify product: Uncharacterized lipoprotein YehR => putative lipoprotein YehR
[12:05:13] Modify product: Uncharacterized fimbrial-like protein YehD => putative fimbrial-like protein YehD
[12:05:13] Modify product: Probable fimbrial chaperone YehC => putative fimbrial chaperone YehC
[12:05:13] Modify product: Uncharacterized fimbrial-like protein YehA => putative fimbrial-like protein YehA
[12:05:13] Modify product: Probable fructoselysine utilization operon transcriptional repressor => putative fructoselysine utilization operon transcriptional repressor
[12:05:13] Modify product: Uncharacterized sugar kinase YdjH => putative sugar kinase YdjH
[12:05:13] Modify product: Probable lipid kinase YegS => putative lipid kinase YegS
[12:05:13] Modify product: 23S rRNA 5-hydroxycytidine C2501 synthase => 23S rRNA 5-hydroxycytidine synthase
[12:05:13] Modify product: UPF0053 inner membrane protein YoaE => hypothetical protein
[12:05:13] Modify product: Uncharacterized protein YhhA => putative protein YhhA
[12:05:13] Modify product: Uncharacterized oxidoreductase YhhX => putative oxidoreductase YhhX
[12:05:13] Modify product: Probable [Fe-S]-dependent transcriptional repressor FeoC => putative [Fe-S]-dependent transcriptional repressor FeoC
[12:05:13] Modify product: Probable protein adenylyltransferase Fic => putative protein adenylyltransferase Fic
[12:05:13] Modify product: UPF0270 protein PA3463 => hypothetical protein
[12:05:13] Modify product: Uncharacterized ABC transporter ATP-binding protein YheS => putative ABC transporter ATP-binding protein YheS
[12:05:13] Modify product: UPF0053 inner membrane protein YtfL => hypothetical protein
[12:05:13] Modify product: Probable sulfoacetate transporter SauU => putative sulfoacetate transporter SauU
[12:05:13] Modify product: Deacetylase Atu3266 => Deacetylase
[12:05:13] Modify product: UPF0307 protein YjgA => hypothetical protein
[12:05:13] Modify product: Deacetylase EF_0837 => Deacetylase
[12:05:13] Modify product: Probable licABCH operon regulator => putative licABCH operon regulator
[12:05:13] Modify product: Uncharacterized MFS-type transporter YcaD => putative MFS-type transporter YcaD
[12:05:13] Modify product: Probable multidrug resistance ABC transporter ATP-binding/permease protein YheH => putative multidrug resistance ABC transporter ATP-binding/permease protein YheH
[12:05:13] Modify product: Probable hydrolase YcaC => putative hydrolase YcaC
[12:05:13] Modify product: UPF0145 protein YbjQ => hypothetical protein
[12:05:13] Modify product: Uncharacterized lipoprotein YbjP => putative lipoprotein YbjP
[12:05:14] Modify product: Uncharacterized protein YbjN => putative protein YbjN
[12:05:14] Modify product: Uncharacterized protein YbiU => putative protein YbiU
[12:05:14] Modify product: Uncharacterized ABC transporter ATP-binding protein YbiT => putative ABC transporter ATP-binding protein YbiT
[12:05:14] Modify product: Probable L,D-transpeptidase YbiS => putative L,D-transpeptidase YbiS
[12:05:14] Modify product: Uncharacterized protein YbiI => putative protein YbiI
[12:05:14] Modify product: Uncharacterized protein McbA => putative protein McbA
[12:05:14] Modify product: Uncharacterized protein YbiB => putative protein YbiB
[12:05:14] Modify product: Uncharacterized protein YbiB => putative protein YbiB
[12:05:14] Modify product: UPF0194 membrane protein YbhG => hypothetical protein
[12:05:14] Modify product: Probable multidrug ABC transporter ATP-binding protein YbhF => putative multidrug ABC transporter ATP-binding protein YbhF
[12:05:14] Modify product: Probable multidrug ABC transporter permease YbhS => putative multidrug ABC transporter permease YbhS
[12:05:14] Modify product: Probable multidrug ABC transporter permease YbhR => putative multidrug ABC transporter permease YbhR
[12:05:14] Modify product: UPF0098 protein YbhB => hypothetical protein
[12:05:14] Modify product: Probable dimethyl sulfoxide reductase chain YnfF => putative dimethyl sulfoxide reductase chain YnfF
[12:05:14] Modify product: Uncharacterized protein Rv2307c => putative protein
[12:05:14] Modify product: Probable 3-phenylpropionic acid transporter => putative 3-phenylpropionic acid transporter
[12:05:14] Modify product: Probable cadaverine/lysine antiporter => putative cadaverine/lysine antiporter
[12:05:14] Modify product: PTS system EIIBC component SA0186 => PTS system EIIBC component
[12:05:14] Modify product: Uncharacterized tRNA/rRNA methyltransferase YfiF => putative tRNA/rRNA methyltransferase YfiF
[12:05:14] Modify product: Uncharacterized protein YaiA => putative protein YaiA
[12:05:14] Modify product: UPF0178 protein YaiI => hypothetical protein
[12:05:14] Modify product: Probable diguanylate cyclase DgcC => putative diguanylate cyclase DgcC
[12:05:14] Modify product: Probable cyclic di-GMP phosphodiesterase PdeN => putative cyclic di-GMP phosphodiesterase PdeN
[12:05:14] Modify product: Probable fimbrial chaperone YadV => putative fimbrial chaperone YadV
[12:05:14] Modify product: Uncharacterized protein YbiI => putative protein YbiI
[12:05:14] Modify product: Uncharacterized protein YjhP => putative protein YjhP
[12:05:14] Modify product: UPF0716 protein FxsA => hypothetical protein
[12:05:14] Modify product: Uncharacterized Nudix hydrolase YfcD => putative Nudix hydrolase YfcD
[12:05:14] Modify product: UPF0208 membrane protein YfbV => hypothetical protein
[12:05:14] Modify product: UPF0304 protein YfbU => hypothetical protein
[12:05:14] Modify product: Probable 4-amino-4-deoxy-L-arabinose-phosphoundecaprenol flippase subunit ArnF => putative 4-amino-4-deoxy-L-arabinose-phosphoundecaprenol flippase subunit ArnF
[12:05:14] Modify product: Probable 4-amino-4-deoxy-L-arabinose-phosphoundecaprenol flippase subunit ArnE => putative 4-amino-4-deoxy-L-arabinose-phosphoundecaprenol flippase subunit ArnE
[12:05:14] Modify product: Probable 4-deoxy-4-formamido-L-arabinose-phosphoundecaprenol deformylase ArnD => putative 4-deoxy-4-formamido-L-arabinose-phosphoundecaprenol deformylase ArnD
[12:05:14] Modify product: Uncharacterized HTH-type transcriptional regulator RhmR => putative HTH-type transcriptional regulator RhmR
[12:05:14] Modify product: Uncharacterized oxidoreductase YdgJ => putative oxidoreductase YdgJ
[12:05:14] Modify product: Uncharacterized protein YnhF => putative protein YnhF
[12:05:14] Modify product: Uncharacterized HTH-type transcriptional regulator YahB => putative HTH-type transcriptional regulator YahB
[12:05:14] Modify product: Probable secretion system apparatus ATP synthase SsaN => putative secretion system apparatus ATP synthase SsaN
[12:05:14] Modify product: Probable nitrate reductase molybdenum cofactor assembly chaperone NarW => putative nitrate reductase molybdenum cofactor assembly chaperone NarW
[12:05:14] Modify product: Uncharacterized isomerase YddE => putative isomerase YddE
[12:05:14] Modify product: Uncharacterized lipoprotein YgdR => putative lipoprotein YgdR
[12:05:14] Modify product: Uncharacterized protein YncE => putative protein YncE
[12:05:14] Modify product: Uncharacterized protein YdcY => putative protein YdcY
[12:05:14] Modify product: 23S rRNA 5-hydroxycytidine C2501 synthase => 23S rRNA 5-hydroxycytidine synthase
[12:05:14] Modify product: Uncharacterized protein Rv3292 => putative protein
[12:05:14] Modify product: Uncharacterized protein Rv2575 => putative protein
[12:05:14] Modify product: Uncharacterized protein YfgD => putative protein YfgD
[12:05:14] Modify product: Probable autotransporter YfaL => putative autotransporter YfaL
[12:05:14] Modify product: Uncharacterized protein YfgJ => putative protein YfgJ
[12:05:14] Modify product: UPF0070 protein HI_0370 => hypothetical protein
[12:05:14] Modify product: Probable L,D-transpeptidase YnhG => putative L,D-transpeptidase YnhG
[12:05:14] Modify product: Probable L,D-transpeptidase YnhG => putative L,D-transpeptidase YnhG
[12:05:14] Modify product: Probable ATP-dependent transporter SufC => putative ATP-dependent transporter SufC
[12:05:14] Modify product: Uncharacterized protein HI_1163 => putative protein
[12:05:14] Modify product: Uncharacterized protein YdiE => putative protein YdiE
[12:05:14] Modify product: Probable ketoamine kinase HMPREF0351_12196 => putative ketoamine kinase
[12:05:14] Modify product: Probable acyltransferase YihG => putative acyltransferase YihG
[12:05:14] Modify product: Probable GTP-binding protein EngB => putative GTP-binding protein EngB
[12:05:14] Modify product: Uncharacterized protein YshB => putative protein YshB
[12:05:14] Modify product: Uncharacterized protein YihR => putative protein YihR
[12:05:14] Modify product: UPF0761 membrane protein YihY => hypothetical protein
[12:05:14] Modify product: Solute-binding protein Bpro_3107 => Solute-binding protein
[12:05:14] Modify product: Uncharacterized protein YbiI => putative protein YbiI
[12:05:14] Modify product: Uncharacterized fimbrial-like protein YbgD => putative fimbrial-like protein YbgD
[12:05:14] Modify product: UPF0073 inner membrane protein YqfA => hypothetical protein
[12:05:14] Modify product: UPF0267 protein YqfB => hypothetical protein
[12:05:14] Modify product: UPF0149 protein HI_0817 => hypothetical protein
[12:05:14] Modify product: Probable cyclic di-GMP phosphodiesterase PdeA => putative cyclic di-GMP phosphodiesterase PdeA
[12:05:14] Modify product: Uncharacterized protein YfeY => putative protein YfeY
[12:05:14] Modify product: Uncharacterized lipoprotein YgdR => putative lipoprotein YgdR
[12:05:14] Modify product: Probable dimethyl sulfoxide reductase chain YnfF => putative dimethyl sulfoxide reductase chain YnfF
[12:05:14] Modify product: UPF0482 protein YnfB => hypothetical protein
[12:05:14] Modify product: UPF0060 membrane protein YnfA => hypothetical protein
[12:05:14] Modify product: Probable amino-acid metabolite efflux pump => putative amino-acid metabolite efflux pump
[12:05:14] Modify product: UPF0056 inner membrane protein MarC => hypothetical protein
[12:05:14] Modify product: Probable Ni/Fe-hydrogenase 1 B-type cytochrome subunit => putative Ni/Fe-hydrogenase 1 B-type cytochrome subunit
[12:05:14] Modify product: Uncharacterized zinc-type alcohol dehydrogenase-like protein YjmD => putative zinc-type alcohol dehydrogenase-like protein YjmD
[12:05:14] Modify product: Glycogen operon protein GlgX homolog => Glycogen operon protein GlgX 
[12:05:14] Modify product: UPF0719 inner membrane protein YjfL => hypothetical protein
[12:05:14] Modify product: Probable L-ascorbate-6-phosphate lactonase UlaG => putative L-ascorbate-6-phosphate lactonase UlaG
[12:05:14] Modify product: Uncharacterized protein YtfJ => putative protein YtfJ
[12:05:14] Modify product: Uncharacterized protein YhcO => putative protein YhcO
[12:05:14] Modify product: Uncharacterized oxidoreductase YtbE => putative oxidoreductase YtbE
[12:05:14] Modify product: Uncharacterized lipoprotein YgdR => putative lipoprotein YgdR
[12:05:14] Modify product: Probable DNA endonuclease SmrA => putative DNA endonuclease SmrA
[12:05:14] Modify product: Uncharacterized protein HI_0431 => putative protein
[12:05:14] Modify product: Cytolethal distending toxin subunit B homolog => Cytolethal distending toxin subunit B 
[12:05:14] Modify product: Cytochrome b561 homolog 1 => Cytochrome b561 
[12:05:14] Modify product: Uncharacterized cysteine-rich protein YhjQ => putative cysteine-rich protein YhjQ
[12:05:14] Modify product: Uncharacterized protein YeaR => putative protein YeaR
[12:05:14] Modify product: Probable fimbrial chaperone YadV => putative fimbrial chaperone YadV
[12:05:14] Modify product: UPF0255 protein VV1_0328 => hypothetical protein
[12:05:14] Modify product: Probable deoxyribonuclease RhsB => putative deoxyribonuclease RhsB
[12:05:14] Modify product: Uncharacterized methyltransferase YcgJ => putative methyltransferase YcgJ
[12:05:14] Modify product: Probable multidrug resistance ABC transporter ATP-binding/permease protein YheI => putative multidrug resistance ABC transporter ATP-binding/permease protein YheI
[12:05:14] Modify product: Uncharacterized lipoprotein YbaY => putative lipoprotein YbaY
[12:05:14] Modify product: Probable cyclic di-GMP phosphodiesterase PdeB => putative cyclic di-GMP phosphodiesterase PdeB
[12:05:14] Modify product: Probable iron export ATP-binding protein FetA => putative iron export ATP-binding protein FetA
[12:05:14] Modify product: Probable iron export permease protein FetB => putative iron export permease protein FetB
[12:05:14] Modify product: UPF0283 membrane protein YcjF => hypothetical protein
[12:05:14] Modify product: Uncharacterized protein YcjX => putative protein YcjX
[12:05:14] Modify product: UPF0509 protein YciZ => hypothetical protein
[12:05:14] Modify product: Uncharacterized protein YciH => putative protein YciH
[12:05:14] Modify product: Probable protease SohB => putative protease SohB
[12:05:14] Modify product: Uncharacterized oxidoreductase YciK => putative oxidoreductase YciK
[12:05:14] Modify product: Uncharacterized protein YciO => putative protein YciO
[12:05:14] Modify product: UPF0259 membrane protein YciC => hypothetical protein
[12:05:14] Modify product: Probable intracellular septation protein A => putative intracellular septation protein A
[12:05:14] Modify product: Uncharacterized acyl-CoA thioester hydrolase HI_0827 => putative acyl-CoA thioester hydrolase
[12:05:14] Modify product: UPF0263 protein YciU => hypothetical protein
[12:05:14] Modify product: UPF0056 inner membrane protein MarC => hypothetical protein
[12:05:14] Modify product: Uncharacterized NTE family protein Rv1063c => putative NTE family protein
[12:05:14] Modify product: UPF0225 protein YchJ => hypothetical protein
[12:05:14] Modify product: Probable lipid II flippase MurJ => putative lipid II flippase MurJ
[12:05:14] Modify product: UPF0502 protein YceH => hypothetical protein
[12:05:14] Modify product: Uncharacterized lipoprotein YceB => putative lipoprotein YceB
[12:05:14] Modify product: Uncharacterized protein YceO => putative protein YceO
[12:05:14] Modify product: Cytochrome b561 homolog 2 => Cytochrome b561 
[12:05:14] Modify product: UPF0176 protein YceA => hypothetical protein
[12:05:14] Modify product: Uncharacterized protein YmdA => putative protein YmdA
[12:05:14] Modify product: Probable sulfoacetate transporter SauU => putative sulfoacetate transporter SauU
[12:05:14] Modify product: Uncharacterized protein YbcJ => putative protein YbcJ
[12:05:14] Modify product: Bifunctional protein FolD => Bifunctional protein FolD protein
[12:05:14] Modify product: Probable fimbrial chaperone SfmC => putative fimbrial chaperone SfmC
[12:05:14] Modify product: Uncharacterized fimbrial-like protein SfmH => putative fimbrial-like protein SfmH
[12:05:14] Modify product: Uncharacterized fimbrial-like protein SfmF => putative fimbrial-like protein SfmF
[12:05:14] Modify product: Prophage bactoprenol glucosyl transferase homolog => Prophage bactoprenol glucosyl transferase 
[12:05:14] Modify product: Prophage bactoprenol-linked glucose translocase homolog => Prophage bactoprenol-linked glucose translocase 
[12:05:14] Modify product: Probable copper-binding protein PcoE => putative copper-binding protein PcoE
[12:05:14] Modify product: Probable pyridine nucleotide-disulfide oxidoreductase RclA => putative pyridine nucleotide-disulfide oxidoreductase RclA
[12:05:14] Modify product: Uncharacterized protein RclB => putative protein RclB
[12:05:14] Modify product: Uncharacterized protein YbdM => putative protein YbdM
[12:05:14] Modify product: Uncharacterized HTH-type transcriptional regulator YbdO => putative HTH-type transcriptional regulator YbdO
[12:05:14] Modify product: Prophage bactoprenol glucosyl transferase homolog => Prophage bactoprenol glucosyl transferase 
[12:05:14] Modify product: Prophage bactoprenol-linked glucose translocase homolog => Prophage bactoprenol-linked glucose translocase 
[12:05:14] Modify product: UPF0381 protein YiiS => hypothetical protein
[12:05:14] Modify product: Probable membrane transporter protein YfcA => putative membrane transporter protein YfcA
[12:05:14] Modify product: Uncharacterized MFS-type transporter YfcJ => putative MFS-type transporter YfcJ
[12:05:14] Modify product: Epimerase family protein SA0724 => Epimerase family protein
[12:05:14] Modify product: Probable protein kinase UbiB => putative protein kinase UbiB
[12:05:14] Modify product: Uncharacterized oxidoreductase Rv2298 => putative oxidoreductase
[12:05:14] Modify product: Stress response UPF0229 protein YhbH => hypothetical protein
[12:05:14] Modify product: Probable diguanylate cyclase DgcJ => putative diguanylate cyclase DgcJ
[12:05:14] Modify product: UPF0053 inner membrane protein YfjD => hypothetical protein
[12:05:14] Modify product: UPF0125 protein RatB => hypothetical protein
[12:05:14] Modify product: Uncharacterized signaling protein PA1727 => putative signaling protein
[12:05:14] Modify product: Uncharacterized membrane protein YhdT => putative membrane protein YhdT
[12:05:14] Modify product: Probable acrylyl-CoA reductase AcuI => putative acrylyl-CoA reductase AcuI
[12:05:15] Modify product: Uncharacterized protein HI_1008 => putative protein
[12:05:15] Modify product: UPF0234 protein YajQ => hypothetical protein
[12:05:15] Modify product: Uncharacterized lipoprotein YajI => putative lipoprotein YajI
[12:05:15] Modify product: Probable L,D-transpeptidase YcfS => putative L,D-transpeptidase YcfS
[12:05:15] Modify product: UPF0227 protein YcfP => hypothetical protein
[12:05:15] Modify product: Uncharacterized metal-dependent hydrolase YcfH => putative metal-dependent hydrolase YcfH
[12:05:15] Modify product: Prophage tail fiber assembly protein homolog TfaE => Prophage tail fiber assembly protein TfaE
[12:05:15] Modify product: Prophage tail fiber assembly protein homolog TfaE => Prophage tail fiber assembly protein TfaE
[12:05:15] Modify product: Probable csgAB operon transcriptional regulatory protein => putative csgAB operon transcriptional regulatory protein
[12:05:15] Modify product: Probable phosphatase YcdX => putative phosphatase YcdX
[12:05:15] Modify product: Uncharacterized oxidoreductase YjhC => putative oxidoreductase YjhC
[12:05:15] Modify product: Uncharacterized HTH-type transcriptional regulator YbbH => putative HTH-type transcriptional regulator YbbH
[12:05:15] Modify product: Uncharacterized protein YccJ => putative protein YccJ
[12:05:15] Modify product: Probable transport protein HsrA => putative transport protein HsrA
[12:05:15] Modify product: Probable transport protein HsrA => putative transport protein HsrA
[12:05:15] Modify product: Probable outer membrane usher protein ElfC => putative outer membrane usher protein ElfC
[12:05:15] Modify product: Probable minor fimbrial subunit LpfD => putative minor fimbrial subunit LpfD
[12:05:15] Modify product: Shikimate dehydrogenase-like protein HI_0607 => Shikimate dehydrogenase-like protein
[12:05:15] Modify product: Probable sulfoacetate transporter SauU => putative sulfoacetate transporter SauU
[12:05:15] Modify product: Probable transport protein YifK => putative transport protein YifK
[12:05:15] Modify product: Probable ECA polymerase => putative ECA polymerase
[12:05:15] Modify product: UPF0235 protein YggU => hypothetical protein
[12:05:15] Modify product: Uncharacterized protein YggR => putative protein YggR
[12:05:15] Modify product: UPF0301 protein YqgE => hypothetical protein
[12:05:15] Modify product: Uncharacterized signaling protein PA1727 => putative signaling protein
[12:05:15] Modify product: UPF0053 inner membrane protein YgdQ => hypothetical protein
[12:05:15] Modify product: Uncharacterized lipoprotein YgdR => putative lipoprotein YgdR
[12:05:15] Modify product: Uncharacterized protein YaeQ => putative protein YaeQ
[12:05:15] Modify product: UPF0253 protein YaeP => hypothetical protein
[12:05:15] Cleaned 329 /product names
[12:05:15] Deleting unwanted file: Prokka_output/ERR2663496.sprot.tmp.4833.faa
[12:05:15] Deleting unwanted file: Prokka_output/ERR2663496.sprot.tmp.4833.blast
[12:05:15] There are still 1377 unannotated CDS left (started with 4696)
[12:05:15] Will use hmmer3 to search against /home/asus/miniconda3/envs/bioinfo/db/hmm/HAMAP.hmm with 16 CPUs
[12:05:15] Running: cat Prokka_output\/ERR2663496\.HAMAP\.hmm\.tmp\.4833\.faa | parallel --gnu --plain -j 16 --block 10367 --recstart '>' --pipe hmmscan --noali --notextw --acc -E 1e-09 --cpu 1 /home/asus/miniconda3/envs/bioinfo/db/hmm/HAMAP.hmm /dev/stdin > Prokka_output\/ERR2663496\.HAMAP\.hmm\.tmp\.4833\.hmmer3 2> /dev/null
[12:05:23] Modify product: Uncharacterized Nudix hydrolase NudL => putative Nudix hydrolase NudL
[12:05:23] Cleaned 1 /product names
[12:05:23] Deleting unwanted file: Prokka_output/ERR2663496.HAMAP.hmm.tmp.4833.faa
[12:05:23] Deleting unwanted file: Prokka_output/ERR2663496.HAMAP.hmm.tmp.4833.hmmer3
[12:05:23] Labelling remaining 1278 proteins as 'hypothetical protein'
[12:05:23] Possible /pseudo 'Membrane sensor protein UhpC' at 1 position 41880
[12:05:23] Possible /pseudo 'Galactose/methyl galactoside import ATP-binding protein MglA' at 1 position 51896
[12:05:23] Possible /pseudo 'NAD-dependent dihydropyrimidine dehydrogenase subunit PreA' at 1 position 55137
[12:05:23] Possible /pseudo 'E3 ubiquitin-protein ligase SopA' at 1 position 204320
[12:05:23] Possible /pseudo 'E3 ubiquitin-protein ligase SopA' at 1 position 205030
[12:05:23] Possible /pseudo 'D-alanyl-D-alanine carboxypeptidase DacD' at 1 position 210515
[12:05:23] Possible /pseudo 'Aldehyde-alcohol dehydrogenase' at 1 position 219141
[12:05:23] Possible /pseudo 'Cobalt transport protein CbiM' at 1 position 243323
[12:05:23] Possible /pseudo 'Inner membrane protein YedI' at 1 position 289959
[12:05:23] Possible /pseudo 'Peptidoglycan D,D-transpeptidase MrdA' at 1 position 355392
[12:05:23] Possible /pseudo 'Periplasmic trehalase' at 1 position 463744
[12:05:23] Possible /pseudo 'Hydrogenase-1 small chain' at 1 position 473762
[12:05:23] Possible /pseudo 'DNA ligase B' at 2 position 79371
[12:05:23] Possible /pseudo 'putative glucarate transporter' at 2 position 119589
[12:05:23] Possible /pseudo 'O-acetyltransferase WecH' at 2 position 167711
[12:05:23] Possible /pseudo 'Cellulose synthase operon protein C' at 2 position 210224
[12:05:23] Possible /pseudo 'Cellulose synthase operon protein C' at 2 position 211689
[12:05:23] Possible /pseudo 'Inner membrane transport permease YhhJ' at 2 position 255922
[12:05:23] Possible /pseudo 'Leu/Ile/Val/Thr-binding protein' at 2 position 273382
[12:05:23] Possible /pseudo 'Serine/threonine-protein kinase PknD' at 3 position 63528
[12:05:23] Possible /pseudo 'Succinate-semialdehyde dehydrogenase [NADP(+)] 1' at 3 position 117328
[12:05:23] Possible /pseudo 'Type I restriction enzyme EcoKI M protein' at 3 position 120822
[12:05:23] Possible /pseudo 'putative outer membrane usher protein ElfC' at 3 position 213014
[12:05:23] Possible /pseudo 'Constitutive ornithine decarboxylase' at 4 position 6942
[12:05:23] Possible /pseudo 'Colicin-E7 immunity protein' at 4 position 12426
[12:05:23] Possible /pseudo '2,5-diketo-D-gluconic acid reductase A' at 4 position 58591
[12:05:23] Possible /pseudo '2,4-dienoyl-CoA reductase' at 4 position 121755
[12:05:23] Possible /pseudo '2,4-dienoyl-CoA reductase' at 4 position 122481
[12:05:23] Possible /pseudo 'putative serine transporter' at 4 position 138302
[12:05:23] Possible /pseudo 'Threonine/serine transporter TdcC' at 4 position 144987
[12:05:23] Possible /pseudo 'D-tagatose-1,6-bisphosphate aldolase subunit GatZ' at 4 position 161901
[12:05:23] Possible /pseudo 'Putative N-acetylmannosamine-6-phosphate 2-epimerase 2' at 4 position 237550
[12:05:23] Possible /pseudo 'GABA permease' at 5 position 27835
[12:05:23] Possible /pseudo 'Potassium binding protein Kbp' at 5 position 29568
[12:05:23] Possible /pseudo 'Glycine betaine/proline betaine transport system ATP-binding protein ProV' at 5 position 40575
[12:05:23] Possible /pseudo 'Manganese transport system membrane protein MntB' at 5 position 93013
[12:05:23] Possible /pseudo 'Secreted effector protein SptP' at 5 position 106326
[12:05:23] Possible /pseudo 'Putative dimethyl sulfoxide reductase chain YnfE' at 6 position 85586
[12:05:23] Possible /pseudo 'Formate dehydrogenase H' at 6 position 112364
[12:05:23] Possible /pseudo 'Diaminopropionate ammonia-lyase' at 7 position 77110
[12:05:23] Possible /pseudo 'putative protein YbiB' at 8 position 10558
[12:05:23] Possible /pseudo 'ATP-dependent DNA helicase DinG' at 8 position 11721
[12:05:23] Possible /pseudo 'Inner membrane protein YbhL' at 8 position 25232
[12:05:23] Possible /pseudo 'E3 ubiquitin-protein ligase SlrP' at 8 position 31894
[12:05:23] Possible /pseudo 'Ferrichrome outer membrane transporter/phage receptor' at 9 position 42414
[12:05:23] Possible /pseudo 'Polyol:NADP oxidoreductase' at 10 position 23771
[12:05:23] Possible /pseudo 'Cytochrome b561' at 10 position 145600
[12:05:23] Possible /pseudo 'Carbohydrate diacid regulator' at 11 position 12586
[12:05:23] Possible /pseudo 'Putative transporter AraJ' at 12 position 9179
[12:05:23] Possible /pseudo 'Protein UshA' at 13 position 39505
[12:05:23] Possible /pseudo 'Ureidoglycolate lyase' at 13 position 61463
[12:05:23] Possible /pseudo 'Putative allantoin permease' at 13 position 68287
[12:05:23] Possible /pseudo 'Type-1 fimbrial protein, A chain' at 13 position 88754
[12:05:23] Possible /pseudo 'Ferric enterobactin transport protein FepE' at 13 position 126018
[12:05:23] Possible /pseudo 'Elongation factor P hydroxylase' at 14 position 28337
[12:05:23] Possible /pseudo 'Putative tartrate transporter' at 14 position 139387
[12:05:23] Possible /pseudo 'Major outer membrane lipoprotein Lpp 1' at 15 position 95424
[12:05:23] Possible /pseudo 'putative L,D-transpeptidase YnhG' at 15 position 96317
[12:05:23] Possible /pseudo 'Putative 2,3-dihydroxypropane-1-sulfonate exporter' at 16 position 25551
[12:05:23] Possible /pseudo 'Formate dehydrogenase-O major subunit' at 16 position 45525
[12:05:23] Possible /pseudo 'Arylsulfate sulfotransferase AssT' at 16 position 105389
[12:05:23] Possible /pseudo 'Oligopeptide transport system permease protein OppC' at 19 position 65958
[12:05:23] Possible /pseudo 'putative transport protein HsrA' at 21 position 1396
[12:05:23] Possible /pseudo 'Nickel/cobalt efflux system RcnA' at 23 position 14599
[12:05:23] Possible /pseudo 'FhuE receptor' at 26 position 36418
[12:05:23] Possible /pseudo 'Arginine N-succinyltransferase' at 28 position 13077
[12:05:23] Possible /pseudo 'Putative glucose-6-phosphate 1-epimerase' at 28 position 28914
[12:05:23] Found 2904 unique /gene codes.
[12:05:23] Fixed 2 duplicate /gene - ydcV_1 ydcV_2
[12:05:23] Fixed 2 duplicate /gene - ftnA_1 ftnA_2
[12:05:23] Fixed 2 duplicate /gene - intS_1 intS_2
[12:05:23] Fixed 3 duplicate /gene - chuR_1 chuR_2 chuR_3
[12:05:23] Fixed 3 duplicate /gene - dinI_1 dinI_2 dinI_3
[12:05:23] Fixed 2 duplicate /gene - mngR_1 mngR_2
[12:05:23] Fixed 4 duplicate /gene - dmsB_1 dmsB_2 dmsB_3 dmsB_4
[12:05:23] Fixed 2 duplicate /gene - gltC_1 gltC_2
[12:05:23] Fixed 2 duplicate /gene - preA_1 preA_2
[12:05:23] Fixed 2 duplicate /gene - ccmF_1 ccmF_2
[12:05:23] Fixed 3 duplicate /gene - cysH_1 cysH_2 cysH_3
[12:05:23] Fixed 2 duplicate /gene - recA_1 recA_2
[12:05:23] Fixed 2 duplicate /gene - alsT_1 alsT_2
[12:05:23] Fixed 2 duplicate /gene - rarD_1 rarD_2
[12:05:23] Fixed 2 duplicate /gene - pal_1 pal_2
[12:05:23] Fixed 2 duplicate /gene - sfmC_1 sfmC_2
[12:05:23] Fixed 2 duplicate /gene - rob_1 rob_2
[12:05:23] Fixed 2 duplicate /gene - tcyP_1 tcyP_2
[12:05:23] Fixed 2 duplicate /gene - rcsB_1 rcsB_2
[12:05:23] Fixed 2 duplicate /gene - mshA_1 mshA_2
[12:05:23] Fixed 2 duplicate /gene - lldR_1 lldR_2
[12:05:23] Fixed 2 duplicate /gene - prs_1 prs_2
[12:05:23] Fixed 2 duplicate /gene - tolC_1 tolC_2
[12:05:23] Fixed 2 duplicate /gene - ydfZ_1 ydfZ_2
[12:05:23] Fixed 2 duplicate /gene - ushA_1 ushA_2
[12:05:23] Fixed 2 duplicate /gene - leuO_1 leuO_2
[12:05:23] Fixed 2 duplicate /gene - kefC_1 kefC_2
[12:05:23] Fixed 2 duplicate /gene - vapC_1 vapC_2
[12:05:23] Fixed 2 duplicate /gene - ulaE_1 ulaE_2
[12:05:23] Fixed 2 duplicate /gene - ybbW_1 ybbW_2
[12:05:23] Fixed 3 duplicate /gene - fhuA_1 fhuA_2 fhuA_3
[12:05:23] Fixed 2 duplicate /gene - yfdH_1 yfdH_2
[12:05:23] Fixed 2 duplicate /gene - ygiW_1 ygiW_2
[12:05:23] Fixed 2 duplicate /gene - fliY_1 fliY_2
[12:05:23] Fixed 2 duplicate /gene - ydiV_1 ydiV_2
[12:05:23] Fixed 2 duplicate /gene - araJ_1 araJ_2
[12:05:23] Fixed 2 duplicate /gene - deoR_1 deoR_2
[12:05:23] Fixed 3 duplicate /gene - pncC_1 pncC_2 pncC_3
[12:05:23] Fixed 2 duplicate /gene - cybB_1 cybB_2
[12:05:23] Fixed 3 duplicate /gene - ybiI_1 ybiI_2 ybiI_3
[12:05:23] Fixed 2 duplicate /gene - dnaC_1 dnaC_2
[12:05:23] Fixed 2 duplicate /gene - nrdA_1 nrdA_2
[12:05:23] Fixed 3 duplicate /gene - yadV_1 yadV_2 yadV_3
[12:05:23] Fixed 2 duplicate /gene - metN_1 metN_2
[12:05:23] Fixed 2 duplicate /gene - RBKS_1 RBKS_2
[12:05:23] Fixed 3 duplicate /gene - ail_1 ail_2 ail_3
[12:05:23] Fixed 2 duplicate /gene - sptP_1 sptP_2
[12:05:23] Fixed 3 duplicate /gene - yecS_1 yecS_2 yecS_3
[12:05:23] Fixed 2 duplicate /gene - argR_1 argR_2
[12:05:23] Fixed 3 duplicate /gene - yicJ_1 yicJ_2 yicJ_3
[12:05:23] Fixed 3 duplicate /gene - osmY_1 osmY_2 osmY_3
[12:05:23] Fixed 2 duplicate /gene - dauR_1 dauR_2
[12:05:23] Fixed 2 duplicate /gene - gdhA_1 gdhA_2
[12:05:23] Fixed 2 duplicate /gene - dgaE_1 dgaE_2
[12:05:23] Fixed 2 duplicate /gene - menH_1 menH_2
[12:05:23] Fixed 2 duplicate /gene - rhtC_1 rhtC_2
[12:05:23] Fixed 2 duplicate /gene - hyaB_1 hyaB_2
[12:05:23] Fixed 2 duplicate /gene - dacD_1 dacD_2
[12:05:23] Fixed 2 duplicate /gene - ybiB_1 ybiB_2
[12:05:23] Fixed 2 duplicate /gene - speC_1 speC_2
[12:05:23] Fixed 2 duplicate /gene - acs_1 acs_2
[12:05:23] Fixed 2 duplicate /gene - fdhF_1 fdhF_2
[12:05:23] Fixed 2 duplicate /gene - spaQ_1 spaQ_2
[12:05:23] Fixed 3 duplicate /gene - gatC_1 gatC_2 gatC_3
[12:05:23] Fixed 2 duplicate /gene - nlpD_1 nlpD_2
[12:05:23] Fixed 2 duplicate /gene - mltF_1 mltF_2
[12:05:23] Fixed 2 duplicate /gene - citF_1 citF_2
[12:05:23] Fixed 2 duplicate /gene - ompN_1 ompN_2
[12:05:23] Fixed 2 duplicate /gene - papC_1 papC_2
[12:05:23] Fixed 2 duplicate /gene - yceI_1 yceI_2
[12:05:23] Fixed 2 duplicate /gene - emrE_1 emrE_2
[12:05:23] Fixed 2 duplicate /gene - norV_1 norV_2
[12:05:23] Fixed 4 duplicate /gene - dam_1 dam_2 dam_3 dam_4
[12:05:23] Fixed 2 duplicate /gene - aaeB_1 aaeB_2
[12:05:23] Fixed 2 duplicate /gene - ansB_1 ansB_2
[12:05:23] Fixed 2 duplicate /gene - ynhG_1 ynhG_2
[12:05:23] Fixed 2 duplicate /gene - tdh_1 tdh_2
[12:05:23] Fixed 2 duplicate /gene - rlhA_1 rlhA_2
[12:05:23] Fixed 2 duplicate /gene - potA_1 potA_2
[12:05:23] Fixed 2 duplicate /gene - yohK_1 yohK_2
[12:05:23] Fixed 3 duplicate /gene - sopA_1 sopA_2 sopA_3
[12:05:23] Fixed 2 duplicate /gene - dpaL_1 dpaL_2
[12:05:23] Fixed 2 duplicate /gene - epmC_1 epmC_2
[12:05:23] Fixed 3 duplicate /gene - hyfA_1 hyfA_2 hyfA_3
[12:05:23] Fixed 2 duplicate /gene - nagK_1 nagK_2
[12:05:23] Fixed 2 duplicate /gene - thyA_1 thyA_2
[12:05:23] Fixed 2 duplicate /gene - ahpC_1 ahpC_2
[12:05:23] Fixed 3 duplicate /gene - hin_1 hin_2 hin_3
[12:05:23] Fixed 4 duplicate /gene - ynfE_1 ynfE_2 ynfE_3 ynfE_4
[12:05:23] Fixed 2 duplicate /gene - nagR_1 nagR_2
[12:05:23] Fixed 2 duplicate /gene - oppC_1 oppC_2
[12:05:23] Fixed 2 duplicate /gene - ftsI_1 ftsI_2
[12:05:23] Fixed 2 duplicate /gene - rfbD_1 rfbD_2
[12:05:23] Fixed 2 duplicate /gene - sfmH_1 sfmH_2
[12:05:23] Fixed 2 duplicate /gene - patB_1 patB_2
[12:05:23] Fixed 2 duplicate /gene - gabD1_1 gabD1_2
[12:05:23] Fixed 2 duplicate /gene - grxA_1 grxA_2
[12:05:23] Fixed 2 duplicate /gene - ligB_1 ligB_2
[12:05:23] Fixed 2 duplicate /gene - COQ3_1 COQ3_2
[12:05:23] Fixed 2 duplicate /gene - exoX_1 exoX_2
[12:05:23] Fixed 2 duplicate /gene - topB_1 topB_2
[12:05:23] Fixed 2 duplicate /gene - speF_1 speF_2
[12:05:23] Fixed 7 duplicate /gene - rhaR_1 rhaR_2 rhaR_3 rhaR_4 rhaR_5 rhaR_6 rhaR_7
[12:05:23] Fixed 2 duplicate /gene - ubiJ_1 ubiJ_2
[12:05:23] Fixed 2 duplicate /gene - manZ_1 manZ_2
[12:05:23] Fixed 2 duplicate /gene - citC_1 citC_2
[12:05:23] Fixed 3 duplicate /gene - cdaR_1 cdaR_2 cdaR_3
[12:05:23] Fixed 3 duplicate /gene - hdfR_1 hdfR_2 hdfR_3
[12:05:23] Fixed 2 duplicate /gene - kbp_1 kbp_2
[12:05:23] Fixed 4 duplicate /gene - gntR_1 gntR_2 gntR_3 gntR_4
[12:05:23] Fixed 2 duplicate /gene - umuD_1 umuD_2
[12:05:23] Fixed 3 duplicate /gene - dmsC_1 dmsC_2 dmsC_3
[12:05:23] Fixed 2 duplicate /gene - wecH_1 wecH_2
[12:05:23] Fixed 2 duplicate /gene - glyA_1 glyA_2
[12:05:23] Fixed 7 duplicate /gene - xerC_1 xerC_2 xerC_3 xerC_4 xerC_5 xerC_6 xerC_7
[12:05:23] Fixed 2 duplicate /gene - prfB_1 prfB_2
[12:05:23] Fixed 2 duplicate /gene - yjhB_1 yjhB_2
[12:05:23] Fixed 2 duplicate /gene - yidZ_1 yidZ_2
[12:05:23] Fixed 2 duplicate /gene - dsbA_1 dsbA_2
[12:05:23] Fixed 2 duplicate /gene - yjiK_1 yjiK_2
[12:05:23] Fixed 2 duplicate /gene - rcsC_1 rcsC_2
[12:05:23] Fixed 3 duplicate /gene - pdhR_1 pdhR_2 pdhR_3
[12:05:23] Fixed 2 duplicate /gene - hsdM_1 hsdM_2
[12:05:23] Fixed 2 duplicate /gene - fes_1 fes_2
[12:05:23] Fixed 2 duplicate /gene - fimF_1 fimF_2
[12:05:23] Fixed 2 duplicate /gene - yihP_1 yihP_2
[12:05:23] Fixed 3 duplicate /gene - acrB_1 acrB_2 acrB_3
[12:05:23] Fixed 2 duplicate /gene - yidA_1 yidA_2
[12:05:23] Fixed 2 duplicate /gene - panE_1 panE_2
[12:05:23] Fixed 3 duplicate /gene - ybdO_1 ybdO_2 ybdO_3
[12:05:23] Fixed 2 duplicate /gene - proV_1 proV_2
[12:05:23] Fixed 3 duplicate /gene - glcR_1 glcR_2 glcR_3
[12:05:23] Fixed 2 duplicate /gene - gntT_1 gntT_2
[12:05:23] Fixed 3 duplicate /gene - gatB_1 gatB_2 gatB_3
[12:05:23] Fixed 2 duplicate /gene - pduV_1 pduV_2
[12:05:23] Fixed 2 duplicate /gene - yhcH_1 yhcH_2
[12:05:23] Fixed 2 duplicate /gene - caf1M_1 caf1M_2
[12:05:23] Fixed 2 duplicate /gene - hsrA_1 hsrA_2
[12:05:23] Fixed 2 duplicate /gene - pknD_1 pknD_2
[12:05:23] Fixed 2 duplicate /gene - cbiM_1 cbiM_2
[12:05:23] Fixed 2 duplicate /gene - dsbD_1 dsbD_2
[12:05:23] Fixed 2 duplicate /gene - ycaC_1 ycaC_2
[12:05:23] Fixed 2 duplicate /gene - argP_1 argP_2
[12:05:23] Fixed 2 duplicate /gene - yhaJ_1 yhaJ_2
[12:05:23] Fixed 2 duplicate /gene - lptB_1 lptB_2
[12:05:23] Fixed 2 duplicate /gene - deoD_1 deoD_2
[12:05:23] Fixed 2 duplicate /gene - symE_1 symE_2
[12:05:23] Fixed 2 duplicate /gene - artM_1 artM_2
[12:05:23] Fixed 2 duplicate /gene - lpp1_1 lpp1_2
[12:05:23] Fixed 2 duplicate /gene - appB_1 appB_2
[12:05:23] Fixed 2 duplicate /gene - hemW_1 hemW_2
[12:05:23] Fixed 2 duplicate /gene - pnuC_1 pnuC_2
[12:05:23] Fixed 2 duplicate /gene - dnaB_1 dnaB_2
[12:05:23] Fixed 3 duplicate /gene - ulaA_1 ulaA_2 ulaA_3
[12:05:23] Fixed 3 duplicate /gene - sauU_1 sauU_2 sauU_3
[12:05:23] Fixed 2 duplicate /gene - allA_1 allA_2
[12:05:23] Fixed 2 duplicate /gene - fhuE_1 fhuE_2
[12:05:23] Fixed 2 duplicate /gene - ybdM_1 ybdM_2
[12:05:23] Fixed 2 duplicate /gene - rcnA_1 rcnA_2
[12:05:23] Fixed 2 duplicate /gene - hyaC_1 hyaC_2
[12:05:23] Fixed 2 duplicate /gene - tsr_1 tsr_2
[12:05:23] Fixed 2 duplicate /gene - ybhA_1 ybhA_2
[12:05:23] Fixed 2 duplicate /gene - lacC_1 lacC_2
[12:05:23] Fixed 3 duplicate /gene - sgrR_1 sgrR_2 sgrR_3
[12:05:23] Fixed 5 duplicate /gene - btuD_1 btuD_2 btuD_3 btuD_4 btuD_5
[12:05:23] Fixed 2 duplicate /gene - napF_1 napF_2
[12:05:23] Fixed 2 duplicate /gene - rsxB_1 rsxB_2
[12:05:23] Fixed 3 duplicate /gene - dmsA_1 dmsA_2 dmsA_3
[12:05:23] Fixed 3 duplicate /gene - uhpC_1 uhpC_2 uhpC_3
[12:05:23] Fixed 2 duplicate /gene - prsE_1 prsE_2
[12:05:23] Fixed 2 duplicate /gene - rcsA_1 rcsA_2
[12:05:23] Fixed 3 duplicate /gene - iprA_1 iprA_2 iprA_3
[12:05:23] Fixed 2 duplicate /gene - kdgT_1 kdgT_2
[12:05:23] Fixed 2 duplicate /gene - gabR_1 gabR_2
[12:05:23] Fixed 2 duplicate /gene - decR_1 decR_2
[12:05:23] Fixed 2 duplicate /gene - metQ_1 metQ_2
[12:05:23] Fixed 2 duplicate /gene - nanE2_1 nanE2_2
[12:05:23] Fixed 3 duplicate /gene - mrdA_1 mrdA_2 mrdA_3
[12:05:23] Fixed 3 duplicate /gene - dinG_1 dinG_2 dinG_3
[12:05:23] Fixed 2 duplicate /gene - dnaE_1 dnaE_2
[12:05:23] Fixed 3 duplicate /gene - dlsT_1 dlsT_2 dlsT_3
[12:05:23] Fixed 2 duplicate /gene - mepS_1 mepS_2
[12:05:23] Fixed 2 duplicate /gene - malP_1 malP_2
[12:05:23] Fixed 3 duplicate /gene - ttuB_1 ttuB_2 ttuB_3
[12:05:23] Fixed 2 duplicate /gene - mlrA_1 mlrA_2
[12:05:23] Fixed 2 duplicate /gene - ibpA_1 ibpA_2
[12:05:23] Fixed 2 duplicate /gene - yedI_1 yedI_2
[12:05:23] Fixed 2 duplicate /gene - ybhL_1 ybhL_2
[12:05:23] Fixed 2 duplicate /gene - ynfF_1 ynfF_2
[12:05:23] Fixed 2 duplicate /gene - lrp_1 lrp_2
[12:05:23] Fixed 2 duplicate /gene - spaR_1 spaR_2
[12:05:23] Fixed 2 duplicate /gene - rspA_1 rspA_2
[12:05:23] Fixed 2 duplicate /gene - livJ_1 livJ_2
[12:05:23] Fixed 2 duplicate /gene - folP_1 folP_2
[12:05:23] Fixed 2 duplicate /gene - lon_1 lon_2
[12:05:23] Fixed 2 duplicate /gene - arcA_1 arcA_2
[12:05:23] Fixed 3 duplicate /gene - mdh_1 mdh_2 mdh_3
[12:05:23] Fixed 2 duplicate /gene - hyaD_1 hyaD_2
[12:05:23] Fixed 2 duplicate /gene - sdaA_1 sdaA_2
[12:05:23] Fixed 2 duplicate /gene - glpK_1 glpK_2
[12:05:23] Fixed 2 duplicate /gene - marA_1 marA_2
[12:05:23] Fixed 2 duplicate /gene - pduA_1 pduA_2
[12:05:23] Fixed 2 duplicate /gene - norR_1 norR_2
[12:05:23] Fixed 2 duplicate /gene - nrdB_1 nrdB_2
[12:05:23] Fixed 3 duplicate /gene - ulaC_1 ulaC_2 ulaC_3
[12:05:23] Fixed 6 duplicate /gene - assT_1 assT_2 assT_3 assT_4 assT_5 assT_6
[12:05:23] Fixed 2 duplicate /gene - lolD_1 lolD_2
[12:05:23] Fixed 3 duplicate /gene - gudP_1 gudP_2 gudP_3
[12:05:23] Fixed 2 duplicate /gene - pdeN_1 pdeN_2
[12:05:23] Fixed 2 duplicate /gene - imm_1 imm_2
[12:05:23] Fixed 2 duplicate /gene - rpe_1 rpe_2
[12:05:23] Fixed 2 duplicate /gene - hyaA_1 hyaA_2
[12:05:23] Fixed 3 duplicate /gene - garK_1 garK_2 garK_3
[12:05:23] Fixed 2 duplicate /gene - proP_1 proP_2
[12:05:23] Fixed 2 duplicate /gene - proA_1 proA_2
[12:05:23] Fixed 2 duplicate /gene - alr_1 alr_2
[12:05:23] Fixed 2 duplicate /gene - dnaK_1 dnaK_2
[12:05:23] Fixed 2 duplicate /gene - dkgA_1 dkgA_2
[12:05:23] Fixed 3 duplicate /gene - sutR_1 sutR_2 sutR_3
[12:05:23] Fixed 2 duplicate /gene - gpFI_1 gpFI_2
[12:05:23] Fixed 3 duplicate /gene - dmsD_1 dmsD_2 dmsD_3
[12:05:23] Fixed 2 duplicate /gene - citX_1 citX_2
[12:05:23] Fixed 2 duplicate /gene - benM_1 benM_2
[12:05:23] Fixed 2 duplicate /gene - citD_1 citD_2
[12:05:23] Fixed 2 duplicate /gene - yeaR_1 yeaR_2
[12:05:23] Fixed 2 duplicate /gene - aspT_1 aspT_2
[12:05:23] Fixed 2 duplicate /gene - umuC_1 umuC_2
[12:05:23] Fixed 2 duplicate /gene - yejK_1 yejK_2
[12:05:23] Fixed 2 duplicate /gene - dppC_1 dppC_2
[12:05:23] Fixed 2 duplicate /gene - ompC_1 ompC_2
[12:05:23] Fixed 3 duplicate /gene - citG_1 citG_2 citG_3
[12:05:23] Fixed 2 duplicate /gene - yfdG_1 yfdG_2
[12:05:23] Fixed 2 duplicate /gene - slrP_1 slrP_2
[12:05:23] Fixed 2 duplicate /gene - yhhJ_1 yhhJ_2
[12:05:23] Fixed 2 duplicate /gene - aaeA_1 aaeA_2
[12:05:23] Fixed 2 duplicate /gene - allS_1 allS_2
[12:05:23] Fixed 2 duplicate /gene - spaP_1 spaP_2
[12:05:23] Fixed 3 duplicate /gene - bcsC_1 bcsC_2 bcsC_3
[12:05:23] Fixed 5 duplicate /gene - dmlR_1 dmlR_2 dmlR_3 dmlR_4 dmlR_5
[12:05:23] Fixed 2 duplicate /gene - tdcC_1 tdcC_2
[12:05:23] Fixed 2 duplicate /gene - yajL_1 yajL_2
[12:05:23] Fixed 2 duplicate /gene - intA_1 intA_2
[12:05:23] Fixed 2 duplicate /gene - mglA_1 mglA_2
[12:05:23] Fixed 3 duplicate /gene - adhE_1 adhE_2 adhE_3
[12:05:23] Fixed 2 duplicate /gene - fucP_1 fucP_2
[12:05:23] Fixed 2 duplicate /gene - topA_1 topA_2
[12:05:23] Fixed 2 duplicate /gene - trmL_1 trmL_2
[12:05:23] Fixed 3 duplicate /gene - por_1 por_2 por_3
[12:05:23] Fixed 2 duplicate /gene - fepE_1 fepE_2
[12:05:23] Fixed 2 duplicate /gene - tuf1_1 tuf1_2
[12:05:23] Fixed 2 duplicate /gene - comM_1 comM_2
[12:05:23] Fixed 2 duplicate /gene - caf1A_1 caf1A_2
[12:05:23] Fixed 3 duplicate /gene - fruA_1 fruA_2 fruA_3
[12:05:23] Fixed 2 duplicate /gene - sctC_1 sctC_2
[12:05:23] Fixed 2 duplicate /gene - gabP_1 gabP_2
[12:05:23] Fixed 4 duplicate /gene - rhaS_1 rhaS_2 rhaS_3 rhaS_4
[12:05:23] Fixed 2 duplicate /gene - gatZ_1 gatZ_2
[12:05:23] Fixed 2 duplicate /gene - sseA_1 sseA_2
[12:05:23] Fixed 2 duplicate /gene - rsxC_1 rsxC_2
[12:05:23] Fixed 2 duplicate /gene - ssb_1 ssb_2
[12:05:23] Fixed 2 duplicate /gene - pgrR_1 pgrR_2
[12:05:23] Fixed 2 duplicate /gene - queA_1 queA_2
[12:05:23] Fixed 2 duplicate /gene - acpP_1 acpP_2
[12:05:23] Fixed 3 duplicate /gene - mntB_1 mntB_2 mntB_3
[12:05:23] Fixed 2 duplicate /gene - rbsR_1 rbsR_2
[12:05:23] Fixed 2 duplicate /gene - yeaD_1 yeaD_2
[12:05:23] Fixed 2 duplicate /gene - lysA_1 lysA_2
[12:05:23] Fixed 3 duplicate /gene - fimD_1 fimD_2 fimD_3
[12:05:23] Fixed 2 duplicate /gene - bioD1_1 bioD1_2
[12:05:23] Fixed 2 duplicate /gene - rbsK_1 rbsK_2
[12:05:23] Fixed 2 duplicate /gene - treA_1 treA_2
[12:05:23] Fixed 3 duplicate /gene - oxyR_1 oxyR_2 oxyR_3
[12:05:23] Fixed 2 duplicate /gene - rnhA_1 rnhA_2
[12:05:23] Fixed 2 duplicate /gene - glgX_1 glgX_2
[12:05:23] Fixed 2 duplicate /gene - citE_1 citE_2
[12:05:23] Fixed 2 duplicate /gene - narL_1 narL_2
[12:05:23] Fixed 2 duplicate /gene - kdgM_1 kdgM_2
[12:05:23] Fixed 5 duplicate /gene - ygdR_1 ygdR_2 ygdR_3 ygdR_4 ygdR_5
[12:05:23] Fixed 2 duplicate /gene - fdoG_1 fdoG_2
[12:05:23] Fixed 2 duplicate /gene - ptsH_1 ptsH_2
[12:05:23] Fixed 2 duplicate /gene - sfmD_1 sfmD_2
[12:05:23] Fixed 3 duplicate /gene - elfC_1 elfC_2 elfC_3
[12:05:23] Fixed 2 duplicate /gene - exuT_1 exuT_2
[12:05:23] Fixed 3 duplicate /gene - glnQ_1 glnQ_2 glnQ_3
[12:05:23] Fixed 3 duplicate /gene - fimA_1 fimA_2 fimA_3
[12:05:23] Fixed 2 duplicate /gene - dppB_1 dppB_2
[12:05:23] Fixed 2 duplicate /gene - astA_1 astA_2
[12:05:23] Fixed 2 duplicate /gene - cysE_1 cysE_2
[12:05:23] Fixed 2 duplicate /gene - ftsA_1 ftsA_2
[12:05:23] Fixed 3 duplicate /gene - fadH_1 fadH_2 fadH_3
[12:05:23] Fixed 2 duplicate /gene - gadX_1 gadX_2
[12:05:23] Fixed 2 duplicate /gene - tfaE_1 tfaE_2
[12:05:23] Fixed 2 duplicate /gene - tpx_1 tpx_2
[12:05:23] Fixed 2 duplicate /gene - artJ_1 artJ_2
[12:05:23] Fixed 2 duplicate /gene - sbnD_1 sbnD_2
[12:05:23] Fixed 2 duplicate /gene - cobD_1 cobD_2
[12:05:23] Fixed 2 duplicate /gene - glmM_1 glmM_2
[12:05:23] Fixed 4 duplicate /gene - srlR_1 srlR_2 srlR_3 srlR_4
[12:05:23] Fixed 2 duplicate /gene - qseC_1 qseC_2
[12:05:23] Fixed 2 duplicate /gene - malT_1 malT_2
[12:05:23] Fixed 2 duplicate /gene - dgaF_1 dgaF_2
[12:05:23] Fixed 2 duplicate /gene - phoH_1 phoH_2
[12:05:23] Fixed 2 duplicate /gene - hcp1_1 hcp1_2
[12:05:23] Fixed 303 colliding /gene names.
[12:05:23] Adding /locus_tag identifiers
[12:05:23] Assigned 4772 locus_tags to CDS and RNA features.
[12:05:23] Writing outputs to Prokka_output/
[12:05:24] Generating annotation statistics file
[12:05:24] Generating Genbank and Sequin files
[12:05:24] Running: tbl2asn -V b -a r10k -l paired-ends -M n -N 1 -y 'Annotated using prokka 1.14.6 from https://github.com/tseemann/prokka' -Z Prokka_output\/ERR2663496\.err -i Prokka_output\/ERR2663496\.fsa 2> /dev/null
[12:05:30] Deleting unwanted file: Prokka_output/errorsummary.val
[12:05:30] Deleting unwanted file: Prokka_output/ERR2663496.dr
[12:05:30] Deleting unwanted file: Prokka_output/ERR2663496.fixedproducts
[12:05:30] Deleting unwanted file: Prokka_output/ERR2663496.ecn
[12:05:30] Deleting unwanted file: Prokka_output/ERR2663496.val
[12:05:30] Repairing broken .GBK output that tbl2asn produces...
[12:05:30] Running: sed 's/COORDINATES: profile/COORDINATES:profile/' < Prokka_output\/ERR2663496\.gbf > Prokka_output\/ERR2663496\.gbk
[12:05:30] Deleting unwanted file: Prokka_output/ERR2663496.gbf
[12:05:30] Output files:
[12:05:30] Prokka_output/ERR2663496.tsv
[12:05:30] Prokka_output/ERR2663496.fna
[12:05:30] Prokka_output/ERR2663496.HAMAP.hmm.tmp.45838.hmmer3
[12:05:30] Prokka_output/ERR2663496.faa
[12:05:30] Prokka_output/ERR2663496.txt
[12:05:30] Prokka_output/ERR2663496.fsa
[12:05:30] Prokka_output/ERR2663496.tbl
[12:05:30] Prokka_output/ERR2663496.gff
[12:05:30] Prokka_output/ERR2663496.ffn
[12:05:30] Prokka_output/ERR2663496.log
[12:05:30] Prokka_output/ERR2663496.HAMAP.hmm.tmp.45838.faa
[12:05:30] Prokka_output/ERR2663496.sqn
[12:05:30] Prokka_output/ERR2663496.err
[12:05:30] Prokka_output/ERR2663496.gbk
[12:05:30] Annotation finished successfully.
[12:05:30] Walltime used: 0.98 minutes
[12:05:30] If you use this result please cite the Prokka paper:
[12:05:30] Seemann T (2014) Prokka: rapid prokaryotic genome annotation. Bioinformatics. 30(14):2068-9.
[12:05:30] Type 'prokka --citation' for more details.
[12:05:30] Share and enjoy!
